{"/Users/bgrossin/Projet JScript/STUDI/CinePhoria/CinePhoria site/frontend/src/Global.ts": {"path":"/Users/bgrossin/Projet JScript/STUDI/CinePhoria/CinePhoria site/frontend/src/Global.ts","statementMap":{"0":{"start":{"line":64,"column":0},"end":{"line":64,"column":16}},"1":{"start":{"line":1,"column":0},"end":{"line":1,"column":77}},"2":{"start":{"line":2,"column":0},"end":{"line":2,"column":77}},"3":{"start":{"line":3,"column":0},"end":{"line":3,"column":50}},"4":{"start":{"line":19,"column":13},"end":{"line":19,"column":139}},"5":{"start":{"line":20,"column":13},"end":{"line":20,"column":54}},"6":{"start":{"line":25,"column":0},"end":{"line":25,"column":114}},"7":{"start":{"line":25,"column":71},"end":{"line":25,"column":114}},"8":{"start":{"line":39,"column":20},"end":{"line":39,"column":96}},"9":{"start":{"line":46,"column":57},"end":{"line":57,"column":2}},"10":{"start":{"line":47,"column":32},"end":{"line":47,"column":null}},"11":{"start":{"line":47,"column":33},"end":{"line":47,"column":null}},"12":{"start":{"line":47,"column":34},"end":{"line":47,"column":78}},"13":{"start":{"line":48,"column":35},"end":{"line":48,"column":null}},"14":{"start":{"line":48,"column":36},"end":{"line":48,"column":null}},"15":{"start":{"line":48,"column":37},"end":{"line":48,"column":73}},"16":{"start":{"line":49,"column":39},"end":{"line":49,"column":null}},"17":{"start":{"line":49,"column":40},"end":{"line":49,"column":null}},"18":{"start":{"line":49,"column":41},"end":{"line":49,"column":81}},"19":{"start":{"line":50,"column":29},"end":{"line":50,"column":null}},"20":{"start":{"line":50,"column":30},"end":{"line":50,"column":null}},"21":{"start":{"line":50,"column":31},"end":{"line":50,"column":61}},"22":{"start":{"line":51,"column":35},"end":{"line":51,"column":null}},"23":{"start":{"line":51,"column":36},"end":{"line":51,"column":null}},"24":{"start":{"line":51,"column":37},"end":{"line":51,"column":73}},"25":{"start":{"line":52,"column":36},"end":{"line":52,"column":null}},"26":{"start":{"line":52,"column":37},"end":{"line":52,"column":null}},"27":{"start":{"line":52,"column":38},"end":{"line":52,"column":75}},"28":{"start":{"line":53,"column":37},"end":{"line":53,"column":null}},"29":{"start":{"line":53,"column":38},"end":{"line":53,"column":null}},"30":{"start":{"line":53,"column":39},"end":{"line":53,"column":77}},"31":{"start":{"line":54,"column":34},"end":{"line":54,"column":null}},"32":{"start":{"line":54,"column":35},"end":{"line":54,"column":null}},"33":{"start":{"line":54,"column":36},"end":{"line":54,"column":71}},"34":{"start":{"line":55,"column":38},"end":{"line":55,"column":null}},"35":{"start":{"line":55,"column":39},"end":{"line":55,"column":null}},"36":{"start":{"line":55,"column":40},"end":{"line":55,"column":78}},"37":{"start":{"line":56,"column":33},"end":{"line":56,"column":null}},"38":{"start":{"line":56,"column":34},"end":{"line":56,"column":null}},"39":{"start":{"line":56,"column":35},"end":{"line":56,"column":69}},"40":{"start":{"line":62,"column":26},"end":{"line":62,"column":31}},"41":{"start":{"line":65,"column":4},"end":{"line":65,"column":53}},"42":{"start":{"line":67,"column":4},"end":{"line":102,"column":5}},"43":{"start":{"line":68,"column":8},"end":{"line":99,"column":9}},"44":{"start":{"line":70,"column":16},"end":{"line":70,"column":80}},"45":{"start":{"line":72,"column":16},"end":{"line":72,"column":88}},"46":{"start":{"line":74,"column":16},"end":{"line":89,"column":17}},"47":{"start":{"line":75,"column":20},"end":{"line":75,"column":96}},"48":{"start":{"line":77,"column":20},"end":{"line":77,"column":47}},"49":{"start":{"line":78,"column":20},"end":{"line":78,"column":62}},"50":{"start":{"line":80,"column":40},"end":{"line":80,"column":81}},"51":{"start":{"line":81,"column":20},"end":{"line":88,"column":21}},"52":{"start":{"line":83,"column":24},"end":{"line":83,"column":77}},"53":{"start":{"line":86,"column":27},"end":{"line":88,"column":21}},"54":{"start":{"line":87,"column":24},"end":{"line":87,"column":65}},"55":{"start":{"line":90,"column":16},"end":{"line":90,"column":22}},"56":{"start":{"line":93,"column":16},"end":{"line":93,"column":72}},"57":{"start":{"line":94,"column":16},"end":{"line":94,"column":55}},"58":{"start":{"line":95,"column":16},"end":{"line":95,"column":22}},"59":{"start":{"line":98,"column":16},"end":{"line":98,"column":60}},"60":{"start":{"line":101,"column":8},"end":{"line":101,"column":54}},"61":{"start":{"line":104,"column":4},"end":{"line":104,"column":24}},"62":{"start":{"line":112,"column":0},"end":{"line":112,"column":36}},"63":{"start":{"line":113,"column":0},"end":{"line":113,"column":66}},"64":{"start":{"line":113,"column":60},"end":{"line":113,"column":65}},"65":{"start":{"line":114,"column":0},"end":{"line":156,"column":3}},"66":{"start":{"line":114,"column":57},"end":{"line":156,"column":2}},"67":{"start":{"line":116,"column":4},"end":{"line":116,"column":44}},"68":{"start":{"line":119,"column":18},"end":{"line":119,"column":42}},"69":{"start":{"line":120,"column":4},"end":{"line":124,"column":5}},"70":{"start":{"line":121,"column":8},"end":{"line":121,"column":56}},"71":{"start":{"line":122,"column":8},"end":{"line":122,"column":40}},"72":{"start":{"line":123,"column":8},"end":{"line":123,"column":69}},"73":{"start":{"line":126,"column":19},"end":{"line":126,"column":46}},"74":{"start":{"line":127,"column":4},"end":{"line":127,"column":48}},"75":{"start":{"line":130,"column":4},"end":{"line":130,"column":null}},"76":{"start":{"line":132,"column":4},"end":{"line":154,"column":5}},"77":{"start":{"line":135,"column":30},"end":{"line":144,"column":10}},"78":{"start":{"line":135,"column":41},"end":{"line":144,"column":10}},"79":{"start":{"line":136,"column":12},"end":{"line":136,"column":70}},"80":{"start":{"line":137,"column":12},"end":{"line":137,"column":38}},"81":{"start":{"line":138,"column":35},"end":{"line":138,"column":61}},"82":{"start":{"line":139,"column":12},"end":{"line":143,"column":13}},"83":{"start":{"line":141,"column":33},"end":{"line":141,"column":77}},"84":{"start":{"line":142,"column":16},"end":{"line":142,"column":63}},"85":{"start":{"line":142,"column":30},"end":{"line":142,"column":63}},"86":{"start":{"line":146,"column":8},"end":{"line":151,"column":9}},"87":{"start":{"line":147,"column":12},"end":{"line":147,"column":91}},"88":{"start":{"line":148,"column":12},"end":{"line":148,"column":34}},"89":{"start":{"line":150,"column":12},"end":{"line":150,"column":59}},"90":{"start":{"line":153,"column":8},"end":{"line":153,"column":69}},"91":{"start":{"line":159,"column":0},"end":{"line":159,"column":null}},"92":{"start":{"line":160,"column":0},"end":{"line":163,"column":1}},"93":{"start":{"line":161,"column":4},"end":{"line":161,"column":null}},"94":{"start":{"line":162,"column":4},"end":{"line":162,"column":26}}},"fnMap":{"0":{"name":"(anonymous_16)","decl":{"start":{"line":47,"column":21},"end":{"line":47,"column":30}},"loc":{"start":{"line":47,"column":32},"end":{"line":47,"column":null}}},"1":{"name":"(anonymous_17)","decl":{"start":{"line":47,"column":32},"end":{"line":47,"column":33}},"loc":{"start":{"line":47,"column":32},"end":{"line":47,"column":null}}},"2":{"name":"(anonymous_18)","decl":{"start":{"line":47,"column":34},"end":{"line":47,"column":47}},"loc":{"start":{"line":47,"column":34},"end":{"line":47,"column":78}}},"3":{"name":"(anonymous_19)","decl":{"start":{"line":48,"column":24},"end":{"line":48,"column":33}},"loc":{"start":{"line":48,"column":35},"end":{"line":48,"column":null}}},"4":{"name":"(anonymous_20)","decl":{"start":{"line":48,"column":35},"end":{"line":48,"column":36}},"loc":{"start":{"line":48,"column":35},"end":{"line":48,"column":null}}},"5":{"name":"(anonymous_21)","decl":{"start":{"line":48,"column":37},"end":{"line":48,"column":50}},"loc":{"start":{"line":48,"column":37},"end":{"line":48,"column":73}}},"6":{"name":"(anonymous_22)","decl":{"start":{"line":49,"column":28},"end":{"line":49,"column":37}},"loc":{"start":{"line":49,"column":39},"end":{"line":49,"column":null}}},"7":{"name":"(anonymous_23)","decl":{"start":{"line":49,"column":39},"end":{"line":49,"column":40}},"loc":{"start":{"line":49,"column":39},"end":{"line":49,"column":null}}},"8":{"name":"(anonymous_24)","decl":{"start":{"line":49,"column":41},"end":{"line":49,"column":54}},"loc":{"start":{"line":49,"column":41},"end":{"line":49,"column":81}}},"9":{"name":"(anonymous_25)","decl":{"start":{"line":50,"column":18},"end":{"line":50,"column":27}},"loc":{"start":{"line":50,"column":29},"end":{"line":50,"column":null}}},"10":{"name":"(anonymous_26)","decl":{"start":{"line":50,"column":29},"end":{"line":50,"column":30}},"loc":{"start":{"line":50,"column":29},"end":{"line":50,"column":null}}},"11":{"name":"(anonymous_27)","decl":{"start":{"line":50,"column":31},"end":{"line":50,"column":44}},"loc":{"start":{"line":50,"column":31},"end":{"line":50,"column":61}}},"12":{"name":"(anonymous_28)","decl":{"start":{"line":51,"column":24},"end":{"line":51,"column":33}},"loc":{"start":{"line":51,"column":35},"end":{"line":51,"column":null}}},"13":{"name":"(anonymous_29)","decl":{"start":{"line":51,"column":35},"end":{"line":51,"column":36}},"loc":{"start":{"line":51,"column":35},"end":{"line":51,"column":null}}},"14":{"name":"(anonymous_30)","decl":{"start":{"line":51,"column":37},"end":{"line":51,"column":50}},"loc":{"start":{"line":51,"column":37},"end":{"line":51,"column":73}}},"15":{"name":"(anonymous_31)","decl":{"start":{"line":52,"column":25},"end":{"line":52,"column":34}},"loc":{"start":{"line":52,"column":36},"end":{"line":52,"column":null}}},"16":{"name":"(anonymous_32)","decl":{"start":{"line":52,"column":36},"end":{"line":52,"column":37}},"loc":{"start":{"line":52,"column":36},"end":{"line":52,"column":null}}},"17":{"name":"(anonymous_33)","decl":{"start":{"line":52,"column":38},"end":{"line":52,"column":51}},"loc":{"start":{"line":52,"column":38},"end":{"line":52,"column":75}}},"18":{"name":"(anonymous_34)","decl":{"start":{"line":53,"column":26},"end":{"line":53,"column":35}},"loc":{"start":{"line":53,"column":37},"end":{"line":53,"column":null}}},"19":{"name":"(anonymous_35)","decl":{"start":{"line":53,"column":37},"end":{"line":53,"column":38}},"loc":{"start":{"line":53,"column":37},"end":{"line":53,"column":null}}},"20":{"name":"(anonymous_36)","decl":{"start":{"line":53,"column":39},"end":{"line":53,"column":52}},"loc":{"start":{"line":53,"column":39},"end":{"line":53,"column":77}}},"21":{"name":"(anonymous_37)","decl":{"start":{"line":54,"column":23},"end":{"line":54,"column":32}},"loc":{"start":{"line":54,"column":34},"end":{"line":54,"column":null}}},"22":{"name":"(anonymous_38)","decl":{"start":{"line":54,"column":34},"end":{"line":54,"column":35}},"loc":{"start":{"line":54,"column":34},"end":{"line":54,"column":null}}},"23":{"name":"(anonymous_39)","decl":{"start":{"line":54,"column":36},"end":{"line":54,"column":49}},"loc":{"start":{"line":54,"column":36},"end":{"line":54,"column":71}}},"24":{"name":"(anonymous_40)","decl":{"start":{"line":55,"column":27},"end":{"line":55,"column":36}},"loc":{"start":{"line":55,"column":38},"end":{"line":55,"column":null}}},"25":{"name":"(anonymous_41)","decl":{"start":{"line":55,"column":38},"end":{"line":55,"column":39}},"loc":{"start":{"line":55,"column":38},"end":{"line":55,"column":null}}},"26":{"name":"(anonymous_42)","decl":{"start":{"line":55,"column":40},"end":{"line":55,"column":53}},"loc":{"start":{"line":55,"column":40},"end":{"line":55,"column":78}}},"27":{"name":"(anonymous_43)","decl":{"start":{"line":56,"column":22},"end":{"line":56,"column":31}},"loc":{"start":{"line":56,"column":33},"end":{"line":56,"column":null}}},"28":{"name":"(anonymous_44)","decl":{"start":{"line":56,"column":33},"end":{"line":56,"column":34}},"loc":{"start":{"line":56,"column":33},"end":{"line":56,"column":null}}},"29":{"name":"(anonymous_45)","decl":{"start":{"line":56,"column":35},"end":{"line":56,"column":48}},"loc":{"start":{"line":56,"column":35},"end":{"line":56,"column":69}}},"30":{"name":"handleApiError","decl":{"start":{"line":64,"column":16},"end":{"line":64,"column":30}},"loc":{"start":{"line":64,"column":41},"end":{"line":105,"column":1}}},"31":{"name":"(anonymous_47)","decl":{"start":{"line":113,"column":49},"end":{"line":113,"column":58}},"loc":{"start":{"line":113,"column":60},"end":{"line":113,"column":65}}},"32":{"name":"(anonymous_48)","decl":{"start":{"line":113,"column":60},"end":{"line":113,"column":63}},"loc":{"start":{"line":113,"column":60},"end":{"line":113,"column":64}}},"33":{"name":"(anonymous_49)","decl":{"start":{"line":114,"column":46},"end":{"line":114,"column":55}},"loc":{"start":{"line":114,"column":57},"end":{"line":156,"column":2}}},"34":{"name":"(anonymous_50)","decl":{"start":{"line":114,"column":57},"end":{"line":114,"column":null}},"loc":{"start":{"line":114,"column":57},"end":{"line":156,"column":1}}},"35":{"name":"(anonymous_51)","decl":{"start":{"line":135,"column":30},"end":{"line":135,"column":39}},"loc":{"start":{"line":135,"column":41},"end":{"line":144,"column":10}}},"36":{"name":"(anonymous_52)","decl":{"start":{"line":135,"column":41},"end":{"line":135,"column":null}},"loc":{"start":{"line":135,"column":41},"end":{"line":144,"column":9}}}},"branchMap":{"0":{"loc":{"start":{"line":19,"column":82},"end":{"line":19,"column":136}},"type":"cond-expr","locations":[{"start":{"line":19,"column":105},"end":{"line":19,"column":131}},{"start":{"line":19,"column":134},"end":{"line":19,"column":136}}]},"1":{"loc":{"start":{"line":25,"column":0},"end":{"line":25,"column":114}},"type":"if","locations":[{"start":{"line":25,"column":0},"end":{"line":25,"column":114}}]},"2":{"loc":{"start":{"line":67,"column":4},"end":{"line":102,"column":5}},"type":"if","locations":[{"start":{"line":67,"column":4},"end":{"line":102,"column":5}},{"start":{"line":100,"column":11},"end":{"line":102,"column":5}}]},"3":{"loc":{"start":{"line":68,"column":8},"end":{"line":99,"column":9}},"type":"switch","locations":[{"start":{"line":69,"column":12},"end":{"line":70,"column":80}},{"start":{"line":71,"column":12},"end":{"line":72,"column":88}},{"start":{"line":73,"column":12},"end":{"line":90,"column":22}},{"start":{"line":92,"column":12},"end":{"line":95,"column":22}},{"start":{"line":97,"column":12},"end":{"line":98,"column":60}}]},"4":{"loc":{"start":{"line":74,"column":16},"end":{"line":89,"column":17}},"type":"if","locations":[{"start":{"line":74,"column":16},"end":{"line":89,"column":17}}]},"5":{"loc":{"start":{"line":81,"column":20},"end":{"line":88,"column":21}},"type":"if","locations":[{"start":{"line":81,"column":20},"end":{"line":88,"column":21}},{"start":{"line":86,"column":27},"end":{"line":88,"column":21}}]},"6":{"loc":{"start":{"line":86,"column":27},"end":{"line":88,"column":21}},"type":"if","locations":[{"start":{"line":86,"column":27},"end":{"line":88,"column":21}}]},"7":{"loc":{"start":{"line":86,"column":53},"end":{"line":86,"column":70}},"type":"binary-expr","locations":[{"start":{"line":86,"column":53},"end":{"line":86,"column":64}},{"start":{"line":86,"column":68},"end":{"line":86,"column":70}}]},"8":{"loc":{"start":{"line":120,"column":4},"end":{"line":124,"column":5}},"type":"if","locations":[{"start":{"line":120,"column":4},"end":{"line":124,"column":5}}]},"9":{"loc":{"start":{"line":132,"column":4},"end":{"line":154,"column":5}},"type":"if","locations":[{"start":{"line":132,"column":4},"end":{"line":154,"column":5}},{"start":{"line":152,"column":11},"end":{"line":154,"column":5}}]},"10":{"loc":{"start":{"line":132,"column":8},"end":{"line":132,"column":33}},"type":"binary-expr","locations":[{"start":{"line":132,"column":8},"end":{"line":132,"column":12}},{"start":{"line":132,"column":16},"end":{"line":132,"column":33}}]},"11":{"loc":{"start":{"line":139,"column":12},"end":{"line":143,"column":13}},"type":"if","locations":[{"start":{"line":139,"column":12},"end":{"line":143,"column":13}}]},"12":{"loc":{"start":{"line":142,"column":16},"end":{"line":142,"column":63}},"type":"if","locations":[{"start":{"line":142,"column":16},"end":{"line":142,"column":63}}]},"13":{"loc":{"start":{"line":146,"column":8},"end":{"line":151,"column":9}},"type":"if","locations":[{"start":{"line":146,"column":8},"end":{"line":151,"column":9}},{"start":{"line":149,"column":15},"end":{"line":151,"column":9}}]},"14":{"loc":{"start":{"line":160,"column":0},"end":{"line":163,"column":1}},"type":"if","locations":[{"start":{"line":160,"column":0},"end":{"line":163,"column":1}}]},"15":{"loc":{"start":{"line":160,"column":4},"end":{"line":160,"column":38}},"type":"binary-expr","locations":[{"start":{"line":160,"column":4},"end":{"line":160,"column":8}},{"start":{"line":160,"column":12},"end":{"line":160,"column":38}}]}},"s":{"0":1,"1":1,"2":1,"3":1,"4":1,"5":1,"6":1,"7":1,"8":1,"9":1,"10":0,"11":0,"12":0,"13":0,"14":0,"15":0,"16":0,"17":0,"18":0,"19":0,"20":0,"21":0,"22":0,"23":0,"24":0,"25":0,"26":0,"27":0,"28":0,"29":0,"30":0,"31":0,"32":0,"33":0,"34":0,"35":0,"36":0,"37":0,"38":0,"39":0,"40":1,"41":0,"42":0,"43":0,"44":0,"45":0,"46":0,"47":0,"48":0,"49":0,"50":0,"51":0,"52":0,"53":0,"54":0,"55":0,"56":0,"57":0,"58":0,"59":0,"60":0,"61":0,"62":1,"63":1,"64":0,"65":1,"66":0,"67":0,"68":0,"69":0,"70":0,"71":0,"72":0,"73":0,"74":0,"75":0,"76":0,"77":0,"78":0,"79":0,"80":0,"81":0,"82":0,"83":0,"84":0,"85":0,"86":0,"87":0,"88":0,"89":0,"90":0,"91":1,"92":1,"93":0,"94":0},"f":{"0":0,"1":0,"2":0,"3":0,"4":0,"5":0,"6":0,"7":0,"8":0,"9":0,"10":0,"11":0,"12":0,"13":0,"14":0,"15":0,"16":0,"17":0,"18":0,"19":0,"20":0,"21":0,"22":0,"23":0,"24":0,"25":0,"26":0,"27":0,"28":0,"29":0,"30":0,"31":0,"32":0,"33":0,"34":0,"35":0,"36":0},"b":{"0":[0,1],"1":[1],"2":[0,0],"3":[0,0,0,0,0],"4":[0],"5":[0,0],"6":[0],"7":[0,0],"8":[0],"9":[0,0],"10":[0,0],"11":[0],"12":[0],"13":[0,0],"14":[0],"15":[1,0]}}
,"/Users/bgrossin/Projet JScript/STUDI/CinePhoria/CinePhoria site/frontend/src/Helpers.ts": {"path":"/Users/bgrossin/Projet JScript/STUDI/CinePhoria/CinePhoria site/frontend/src/Helpers.ts","statementMap":{"0":{"start":{"line":4,"column":0},"end":{"line":4,"column":16}},"1":{"start":{"line":11,"column":0},"end":{"line":11,"column":16}},"2":{"start":{"line":18,"column":0},"end":{"line":18,"column":16}},"3":{"start":{"line":25,"column":0},"end":{"line":25,"column":16}},"4":{"start":{"line":38,"column":0},"end":{"line":38,"column":16}},"5":{"start":{"line":45,"column":0},"end":{"line":45,"column":16}},"6":{"start":{"line":54,"column":0},"end":{"line":54,"column":16}},"7":{"start":{"line":68,"column":0},"end":{"line":68,"column":16}},"8":{"start":{"line":81,"column":0},"end":{"line":81,"column":16}},"9":{"start":{"line":92,"column":0},"end":{"line":92,"column":16}},"10":{"start":{"line":100,"column":0},"end":{"line":100,"column":16}},"11":{"start":{"line":106,"column":0},"end":{"line":106,"column":16}},"12":{"start":{"line":132,"column":0},"end":{"line":132,"column":16}},"13":{"start":{"line":150,"column":0},"end":{"line":150,"column":16}},"14":{"start":{"line":168,"column":0},"end":{"line":168,"column":16}},"15":{"start":{"line":178,"column":0},"end":{"line":178,"column":16}},"16":{"start":{"line":192,"column":0},"end":{"line":192,"column":16}},"17":{"start":{"line":199,"column":0},"end":{"line":199,"column":16}},"18":{"start":{"line":218,"column":0},"end":{"line":218,"column":16}},"19":{"start":{"line":236,"column":0},"end":{"line":236,"column":16}},"20":{"start":{"line":265,"column":0},"end":{"line":265,"column":16}},"21":{"start":{"line":292,"column":0},"end":{"line":292,"column":16}},"22":{"start":{"line":326,"column":0},"end":{"line":326,"column":16}},"23":{"start":{"line":345,"column":0},"end":{"line":345,"column":16}},"24":{"start":{"line":1,"column":0},"end":{"line":1,"column":35}},"25":{"start":{"line":2,"column":13},"end":{"line":2,"column":101}},"26":{"start":{"line":5,"column":18},"end":{"line":5,"column":40}},"27":{"start":{"line":6,"column":18},"end":{"line":6,"column":43}},"28":{"start":{"line":7,"column":4},"end":{"line":7,"column":67}},"29":{"start":{"line":7,"column":28},"end":{"line":7,"column":67}},"30":{"start":{"line":12,"column":17},"end":{"line":12,"column":27}},"31":{"start":{"line":13,"column":4},"end":{"line":13,"column":62}},"32":{"start":{"line":14,"column":4},"end":{"line":14,"column":80}},"33":{"start":{"line":19,"column":4},"end":{"line":19,"column":81}},"34":{"start":{"line":28,"column":23},"end":{"line":28,"column":38}},"35":{"start":{"line":29,"column":22},"end":{"line":30,"column":49}},"36":{"start":{"line":31,"column":4},"end":{"line":31,"column":41}},"37":{"start":{"line":39,"column":4},"end":{"line":39,"column":77}},"38":{"start":{"line":46,"column":16},"end":{"line":46,"column":34}},"39":{"start":{"line":47,"column":4},"end":{"line":47,"column":41}},"40":{"start":{"line":48,"column":4},"end":{"line":48,"column":32}},"41":{"start":{"line":55,"column":14},"end":{"line":55,"column":38}},"42":{"start":{"line":57,"column":16},"end":{"line":57,"column":26}},"43":{"start":{"line":58,"column":19},"end":{"line":58,"column":36}},"44":{"start":{"line":59,"column":4},"end":{"line":59,"column":36}},"45":{"start":{"line":60,"column":4},"end":{"line":60,"column":30}},"46":{"start":{"line":69,"column":25},"end":{"line":69,"column":39}},"47":{"start":{"line":70,"column":22},"end":{"line":70,"column":43}},"48":{"start":{"line":71,"column":27},"end":{"line":71,"column":81}},"49":{"start":{"line":72,"column":4},"end":{"line":72,"column":66}},"50":{"start":{"line":73,"column":4},"end":{"line":73,"column":24}},"51":{"start":{"line":82,"column":21},"end":{"line":82,"column":35}},"52":{"start":{"line":83,"column":22},"end":{"line":83,"column":39}},"53":{"start":{"line":84,"column":22},"end":{"line":84,"column":78}},"54":{"start":{"line":85,"column":4},"end":{"line":85,"column":53}},"55":{"start":{"line":86,"column":4},"end":{"line":86,"column":20}},"56":{"start":{"line":94,"column":16},"end":{"line":94,"column":86}},"57":{"start":{"line":95,"column":18},"end":{"line":95,"column":109}},"58":{"start":{"line":97,"column":4},"end":{"line":97,"column":29}},"59":{"start":{"line":101,"column":20},"end":{"line":101,"column":43}},"60":{"start":{"line":102,"column":22},"end":{"line":102,"column":52}},"61":{"start":{"line":103,"column":4},"end":{"line":103,"column":33}},"62":{"start":{"line":107,"column":21},"end":{"line":107,"column":41}},"63":{"start":{"line":108,"column":22},"end":{"line":108,"column":41}},"64":{"start":{"line":109,"column":4},"end":{"line":109,"column":23}},"65":{"start":{"line":112,"column":13},"end":{"line":116,"column":3}},"66":{"start":{"line":133,"column":14},"end":{"line":133,"column":32}},"67":{"start":{"line":134,"column":21},"end":{"line":134,"column":40}},"68":{"start":{"line":135,"column":19},"end":{"line":135,"column":33}},"69":{"start":{"line":137,"column":14},"end":{"line":137,"column":63}},"70":{"start":{"line":138,"column":14},"end":{"line":138,"column":57}},"71":{"start":{"line":140,"column":4},"end":{"line":140,"column":28}},"72":{"start":{"line":152,"column":18},"end":{"line":152,"column":33}},"73":{"start":{"line":153,"column":18},"end":{"line":153,"column":33}},"74":{"start":{"line":156,"column":37},"end":{"line":156,"column":60}},"75":{"start":{"line":159,"column":30},"end":{"line":159,"column":73}},"76":{"start":{"line":162,"column":4},"end":{"line":162,"column":37}},"77":{"start":{"line":169,"column":22},"end":{"line":169,"column":98}},"78":{"start":{"line":170,"column":4},"end":{"line":170,"column":38}},"79":{"start":{"line":179,"column":23},"end":{"line":179,"column":56}},"80":{"start":{"line":180,"column":4},"end":{"line":180,"column":34}},"81":{"start":{"line":193,"column":22},"end":{"line":193,"column":57}},"82":{"start":{"line":194,"column":23},"end":{"line":194,"column":50}},"83":{"start":{"line":195,"column":25},"end":{"line":195,"column":42}},"84":{"start":{"line":196,"column":4},"end":{"line":196,"column":67}},"85":{"start":{"line":200,"column":22},"end":{"line":200,"column":59}},"86":{"start":{"line":201,"column":21},"end":{"line":201,"column":52}},"87":{"start":{"line":203,"column":4},"end":{"line":203,"column":47}},"88":{"start":{"line":203,"column":40},"end":{"line":203,"column":47}},"89":{"start":{"line":205,"column":22},"end":{"line":205,"column":53}},"90":{"start":{"line":206,"column":4},"end":{"line":211,"column":5}},"91":{"start":{"line":207,"column":8},"end":{"line":207,"column":null}},"92":{"start":{"line":208,"column":8},"end":{"line":208,"column":15}},"93":{"start":{"line":210,"column":8},"end":{"line":210,"column":57}},"94":{"start":{"line":212,"column":4},"end":{"line":215,"column":7}},"95":{"start":{"line":213,"column":22},"end":{"line":213,"column":54}},"96":{"start":{"line":214,"column":9},"end":{"line":214,"column":65}},"97":{"start":{"line":219,"column":22},"end":{"line":219,"column":23}},"98":{"start":{"line":220,"column":25},"end":{"line":220,"column":47}},"99":{"start":{"line":221,"column":25},"end":{"line":221,"column":47}},"100":{"start":{"line":222,"column":22},"end":{"line":222,"column":41}},"101":{"start":{"line":223,"column":27},"end":{"line":223,"column":54}},"102":{"start":{"line":225,"column":4},"end":{"line":231,"column":6}},"103":{"start":{"line":237,"column":4},"end":{"line":237,"column":62}},"104":{"start":{"line":237,"column":49},"end":{"line":237,"column":62}},"105":{"start":{"line":239,"column":4},"end":{"line":256,"column":5}},"106":{"start":{"line":240,"column":25},"end":{"line":240,"column":35}},"107":{"start":{"line":241,"column":22},"end":{"line":241,"column":30}},"108":{"start":{"line":243,"column":8},"end":{"line":249,"column":9}},"109":{"start":{"line":244,"column":12},"end":{"line":247,"column":13}},"110":{"start":{"line":245,"column":16},"end":{"line":245,"column":83}},"111":{"start":{"line":246,"column":16},"end":{"line":246,"column":29}},"112":{"start":{"line":248,"column":12},"end":{"line":248,"column":21}},"113":{"start":{"line":251,"column":25},"end":{"line":251,"column":58}},"114":{"start":{"line":252,"column":8},"end":{"line":255,"column":9}},"115":{"start":{"line":253,"column":12},"end":{"line":253,"column":88}},"116":{"start":{"line":254,"column":12},"end":{"line":254,"column":25}},"117":{"start":{"line":258,"column":4},"end":{"line":258,"column":16}},"118":{"start":{"line":266,"column":19},"end":{"line":283,"column":6}},"119":{"start":{"line":284,"column":4},"end":{"line":284,"column":57}},"120":{"start":{"line":284,"column":17},"end":{"line":284,"column":57}},"121":{"start":{"line":285,"column":4},"end":{"line":285,"column":18}},"122":{"start":{"line":293,"column":19},"end":{"line":317,"column":6}},"123":{"start":{"line":318,"column":4},"end":{"line":318,"column":59}},"124":{"start":{"line":318,"column":17},"end":{"line":318,"column":59}},"125":{"start":{"line":319,"column":4},"end":{"line":319,"column":18}},"126":{"start":{"line":327,"column":19},"end":{"line":336,"column":6}},"127":{"start":{"line":337,"column":4},"end":{"line":337,"column":59}},"128":{"start":{"line":337,"column":17},"end":{"line":337,"column":59}},"129":{"start":{"line":338,"column":4},"end":{"line":338,"column":18}},"130":{"start":{"line":346,"column":19},"end":{"line":351,"column":6}},"131":{"start":{"line":352,"column":4},"end":{"line":352,"column":65}},"132":{"start":{"line":352,"column":17},"end":{"line":352,"column":65}},"133":{"start":{"line":353,"column":4},"end":{"line":353,"column":18}}},"fnMap":{"0":{"name":"getCookie","decl":{"start":{"line":4,"column":16},"end":{"line":4,"column":25}},"loc":{"start":{"line":4,"column":38},"end":{"line":8,"column":1}}},"1":{"name":"setCookie","decl":{"start":{"line":11,"column":16},"end":{"line":11,"column":25}},"loc":{"start":{"line":11,"column":67},"end":{"line":15,"column":1}}},"2":{"name":"deleteCookie","decl":{"start":{"line":18,"column":16},"end":{"line":18,"column":28}},"loc":{"start":{"line":18,"column":41},"end":{"line":20,"column":1}}},"3":{"name":"extraireMoisLettre","decl":{"start":{"line":25,"column":16},"end":{"line":25,"column":34}},"loc":{"start":{"line":25,"column":45},"end":{"line":32,"column":1}}},"4":{"name":"creerDateLocale","decl":{"start":{"line":38,"column":16},"end":{"line":38,"column":31}},"loc":{"start":{"line":38,"column":39},"end":{"line":40,"column":1}}},"5":{"name":"ajouterJours","decl":{"start":{"line":45,"column":16},"end":{"line":45,"column":28}},"loc":{"start":{"line":45,"column":53},"end":{"line":49,"column":1}}},"6":{"name":"dateProchainMardi","decl":{"start":{"line":54,"column":16},"end":{"line":54,"column":33}},"loc":{"start":{"line":54,"column":47},"end":{"line":61,"column":1}}},"7":{"name":"datePrecedentMercredi","decl":{"start":{"line":68,"column":16},"end":{"line":68,"column":37}},"loc":{"start":{"line":68,"column":55},"end":{"line":74,"column":1}}},"8":{"name":"dateProchainMercredi","decl":{"start":{"line":81,"column":16},"end":{"line":81,"column":36}},"loc":{"start":{"line":81,"column":54},"end":{"line":87,"column":1}}},"9":{"name":"formatDateJJMM","decl":{"start":{"line":92,"column":16},"end":{"line":92,"column":30}},"loc":{"start":{"line":92,"column":41},"end":{"line":98,"column":1}}},"10":{"name":"parseLocalDate","decl":{"start":{"line":100,"column":16},"end":{"line":100,"column":30}},"loc":{"start":{"line":100,"column":49},"end":{"line":104,"column":1}}},"11":{"name":"formatDateJJMMStr","decl":{"start":{"line":106,"column":16},"end":{"line":106,"column":33}},"loc":{"start":{"line":106,"column":49},"end":{"line":110,"column":1}}},"12":{"name":"formatDateLocalYYYYMMDD","decl":{"start":{"line":132,"column":16},"end":{"line":132,"column":39}},"loc":{"start":{"line":132,"column":50},"end":{"line":141,"column":1}}},"13":{"name":"isDifferenceGreaterThanHours","decl":{"start":{"line":150,"column":16},"end":{"line":150,"column":44}},"loc":{"start":{"line":150,"column":84},"end":{"line":163,"column":1}}},"14":{"name":"isUUID","decl":{"start":{"line":168,"column":16},"end":{"line":168,"column":22}},"loc":{"start":{"line":168,"column":34},"end":{"line":171,"column":1}}},"15":{"name":"validateEmail","decl":{"start":{"line":178,"column":16},"end":{"line":178,"column":29}},"loc":{"start":{"line":178,"column":43},"end":{"line":181,"column":1}}},"16":{"name":"imageFilm","decl":{"start":{"line":192,"column":16},"end":{"line":192,"column":25}},"loc":{"start":{"line":192,"column":40},"end":{"line":197,"column":1}}},"17":{"name":"syncTableColumnWidths","decl":{"start":{"line":199,"column":16},"end":{"line":199,"column":37}},"loc":{"start":{"line":199,"column":61},"end":{"line":216,"column":1}}},"18":{"name":"(anonymous_18)","decl":{"start":{"line":212,"column":22},"end":{"line":212,"column":23}},"loc":{"start":{"line":212,"column":32},"end":{"line":215,"column":5}}},"19":{"name":"isPasswordValid","decl":{"start":{"line":218,"column":16},"end":{"line":218,"column":31}},"loc":{"start":{"line":218,"column":48},"end":{"line":232,"column":1}}},"20":{"name":"validateObjectShape","decl":{"start":{"line":236,"column":16},"end":{"line":236,"column":35}},"loc":{"start":{"line":236,"column":81},"end":{"line":259,"column":1}}},"21":{"name":"sanitizeFilm","decl":{"start":{"line":265,"column":16},"end":{"line":265,"column":28}},"loc":{"start":{"line":265,"column":37},"end":{"line":286,"column":1}}},"22":{"name":"sanitizeSeance","decl":{"start":{"line":292,"column":16},"end":{"line":292,"column":30}},"loc":{"start":{"line":292,"column":39},"end":{"line":320,"column":1}}},"23":{"name":"sanitizeCinema","decl":{"start":{"line":326,"column":16},"end":{"line":326,"column":30}},"loc":{"start":{"line":326,"column":39},"end":{"line":339,"column":1}}},"24":{"name":"sanitizeTarifQualite","decl":{"start":{"line":345,"column":16},"end":{"line":345,"column":36}},"loc":{"start":{"line":345,"column":45},"end":{"line":354,"column":1}}}},"branchMap":{"0":{"loc":{"start":{"line":7,"column":4},"end":{"line":7,"column":67}},"type":"if","locations":[{"start":{"line":7,"column":4},"end":{"line":7,"column":67}}]},"1":{"loc":{"start":{"line":7,"column":35},"end":{"line":7,"column":66}},"type":"cond-expr","locations":[{"start":{"line":7,"column":46},"end":{"line":7,"column":48}},{"start":{"line":7,"column":46},"end":{"line":7,"column":66}}]},"2":{"loc":{"start":{"line":7,"column":35},"end":{"line":7,"column":48}},"type":"binary-expr","locations":[{"start":{"line":7,"column":35},"end":{"line":7,"column":48}},{"start":{"line":7,"column":46},"end":{"line":7,"column":48}}]},"3":{"loc":{"start":{"line":31,"column":11},"end":{"line":31,"column":40}},"type":"binary-expr","locations":[{"start":{"line":31,"column":11},"end":{"line":31,"column":32}},{"start":{"line":31,"column":36},"end":{"line":31,"column":40}}]},"4":{"loc":{"start":{"line":68,"column":38},"end":{"line":68,"column":55}},"type":"default-arg","locations":[{"start":{"line":68,"column":45},"end":{"line":68,"column":55}}]},"5":{"loc":{"start":{"line":71,"column":27},"end":{"line":71,"column":81}},"type":"cond-expr","locations":[{"start":{"line":71,"column":46},"end":{"line":71,"column":59}},{"start":{"line":71,"column":62},"end":{"line":71,"column":81}}]},"6":{"loc":{"start":{"line":81,"column":37},"end":{"line":81,"column":54}},"type":"default-arg","locations":[{"start":{"line":81,"column":44},"end":{"line":81,"column":54}}]},"7":{"loc":{"start":{"line":84,"column":22},"end":{"line":84,"column":78}},"type":"cond-expr","locations":[{"start":{"line":84,"column":42},"end":{"line":84,"column":55}},{"start":{"line":84,"column":60},"end":{"line":84,"column":77}}]},"8":{"loc":{"start":{"line":94,"column":16},"end":{"line":94,"column":86}},"type":"cond-expr","locations":[{"start":{"line":94,"column":38},"end":{"line":94,"column":58}},{"start":{"line":94,"column":61},"end":{"line":94,"column":86}}]},"9":{"loc":{"start":{"line":95,"column":18},"end":{"line":95,"column":109}},"type":"cond-expr","locations":[{"start":{"line":95,"column":47},"end":{"line":95,"column":74}},{"start":{"line":95,"column":77},"end":{"line":95,"column":109}}]},"10":{"loc":{"start":{"line":137,"column":14},"end":{"line":137,"column":63}},"type":"cond-expr","locations":[{"start":{"line":137,"column":30},"end":{"line":137,"column":44}},{"start":{"line":137,"column":47},"end":{"line":137,"column":63}}]},"11":{"loc":{"start":{"line":138,"column":14},"end":{"line":138,"column":57}},"type":"cond-expr","locations":[{"start":{"line":138,"column":28},"end":{"line":138,"column":40}},{"start":{"line":138,"column":43},"end":{"line":138,"column":57}}]},"12":{"loc":{"start":{"line":196,"column":12},"end":{"line":196,"column":57}},"type":"cond-expr","locations":[{"start":{"line":196,"column":35},"end":{"line":196,"column":44}},{"start":{"line":196,"column":47},"end":{"line":196,"column":57}}]},"13":{"loc":{"start":{"line":203,"column":4},"end":{"line":203,"column":47}},"type":"if","locations":[{"start":{"line":203,"column":4},"end":{"line":203,"column":47}}]},"14":{"loc":{"start":{"line":203,"column":8},"end":{"line":203,"column":38}},"type":"binary-expr","locations":[{"start":{"line":203,"column":8},"end":{"line":203,"column":25}},{"start":{"line":203,"column":29},"end":{"line":203,"column":38}}]},"15":{"loc":{"start":{"line":206,"column":4},"end":{"line":211,"column":5}},"type":"if","locations":[{"start":{"line":206,"column":4},"end":{"line":211,"column":5}},{"start":{"line":209,"column":11},"end":{"line":211,"column":5}}]},"16":{"loc":{"start":{"line":226,"column":8},"end":{"line":230,"column":22}},"type":"binary-expr","locations":[{"start":{"line":226,"column":8},"end":{"line":226,"column":36}},{"start":{"line":227,"column":8},"end":{"line":227,"column":20}},{"start":{"line":228,"column":8},"end":{"line":228,"column":20}},{"start":{"line":229,"column":8},"end":{"line":229,"column":17}},{"start":{"line":230,"column":8},"end":{"line":230,"column":22}}]},"17":{"loc":{"start":{"line":237,"column":4},"end":{"line":237,"column":62}},"type":"if","locations":[{"start":{"line":237,"column":4},"end":{"line":237,"column":62}}]},"18":{"loc":{"start":{"line":237,"column":8},"end":{"line":237,"column":47}},"type":"binary-expr","locations":[{"start":{"line":237,"column":8},"end":{"line":237,"column":31}},{"start":{"line":237,"column":35},"end":{"line":237,"column":47}}]},"19":{"loc":{"start":{"line":243,"column":8},"end":{"line":249,"column":9}},"type":"if","locations":[{"start":{"line":243,"column":8},"end":{"line":249,"column":9}}]},"20":{"loc":{"start":{"line":243,"column":12},"end":{"line":243,"column":49}},"type":"binary-expr","locations":[{"start":{"line":243,"column":12},"end":{"line":243,"column":31}},{"start":{"line":243,"column":35},"end":{"line":243,"column":49}}]},"21":{"loc":{"start":{"line":244,"column":12},"end":{"line":247,"column":13}},"type":"if","locations":[{"start":{"line":244,"column":12},"end":{"line":247,"column":13}}]},"22":{"loc":{"start":{"line":252,"column":8},"end":{"line":255,"column":9}},"type":"if","locations":[{"start":{"line":252,"column":8},"end":{"line":255,"column":9}}]},"23":{"loc":{"start":{"line":284,"column":4},"end":{"line":284,"column":57}},"type":"if","locations":[{"start":{"line":284,"column":4},"end":{"line":284,"column":57}}]},"24":{"loc":{"start":{"line":318,"column":4},"end":{"line":318,"column":59}},"type":"if","locations":[{"start":{"line":318,"column":4},"end":{"line":318,"column":59}}]},"25":{"loc":{"start":{"line":337,"column":4},"end":{"line":337,"column":59}},"type":"if","locations":[{"start":{"line":337,"column":4},"end":{"line":337,"column":59}}]},"26":{"loc":{"start":{"line":352,"column":4},"end":{"line":352,"column":65}},"type":"if","locations":[{"start":{"line":352,"column":4},"end":{"line":352,"column":65}}]}},"s":{"0":1,"1":1,"2":1,"3":1,"4":1,"5":1,"6":1,"7":1,"8":1,"9":1,"10":1,"11":1,"12":1,"13":1,"14":1,"15":1,"16":1,"17":1,"18":1,"19":1,"20":1,"21":1,"22":1,"23":1,"24":1,"25":1,"26":0,"27":0,"28":0,"29":0,"30":0,"31":0,"32":0,"33":0,"34":1,"35":1,"36":1,"37":0,"38":0,"39":0,"40":0,"41":0,"42":0,"43":0,"44":0,"45":0,"46":0,"47":0,"48":0,"49":0,"50":0,"51":0,"52":0,"53":0,"54":0,"55":0,"56":0,"57":0,"58":0,"59":0,"60":0,"61":0,"62":0,"63":0,"64":0,"65":1,"66":0,"67":0,"68":0,"69":0,"70":0,"71":0,"72":0,"73":0,"74":0,"75":0,"76":0,"77":0,"78":0,"79":0,"80":0,"81":0,"82":0,"83":0,"84":0,"85":0,"86":0,"87":0,"88":0,"89":0,"90":0,"91":0,"92":0,"93":0,"94":0,"95":0,"96":0,"97":0,"98":0,"99":0,"100":0,"101":0,"102":0,"103":0,"104":0,"105":0,"106":0,"107":0,"108":0,"109":0,"110":0,"111":0,"112":0,"113":0,"114":0,"115":0,"116":0,"117":0,"118":0,"119":0,"120":0,"121":0,"122":0,"123":0,"124":0,"125":0,"126":0,"127":0,"128":0,"129":0,"130":0,"131":0,"132":0,"133":0},"f":{"0":0,"1":0,"2":0,"3":1,"4":0,"5":0,"6":0,"7":0,"8":0,"9":0,"10":0,"11":0,"12":0,"13":0,"14":0,"15":0,"16":0,"17":0,"18":0,"19":0,"20":0,"21":0,"22":0,"23":0,"24":0},"b":{"0":[0],"1":[0,0],"2":[0,0],"3":[1,0],"4":[0],"5":[0,0],"6":[0],"7":[0,0],"8":[0,0],"9":[0,0],"10":[0,0],"11":[0,0],"12":[0,0],"13":[0],"14":[0,0],"15":[0,0],"16":[0,0,0,0,0],"17":[0],"18":[0,0],"19":[0],"20":[0,0],"21":[0],"22":[0],"23":[0],"24":[0],"25":[0],"26":[0]}}
,"/Users/bgrossin/Projet JScript/STUDI/CinePhoria/CinePhoria site/frontend/src/Login.ts": {"path":"/Users/bgrossin/Projet JScript/STUDI/CinePhoria/CinePhoria site/frontend/src/Login.ts","statementMap":{"0":{"start":{"line":48,"column":0},"end":{"line":48,"column":22}},"1":{"start":{"line":419,"column":0},"end":{"line":419,"column":22}},"2":{"start":{"line":1,"column":0},"end":{"line":1,"column":56}},"3":{"start":{"line":2,"column":0},"end":{"line":2,"column":50}},"4":{"start":{"line":3,"column":0},"end":{"line":3,"column":58}},"5":{"start":{"line":4,"column":0},"end":{"line":4,"column":87}},"6":{"start":{"line":5,"column":0},"end":{"line":5,"column":57}},"7":{"start":{"line":6,"column":0},"end":{"line":6,"column":63}},"8":{"start":{"line":9,"column":28},"end":{"line":43,"column":4}},"9":{"start":{"line":48,"column":28},"end":{"line":255,"column":null}},"10":{"start":{"line":50,"column":23},"end":{"line":50,"column":91}},"11":{"start":{"line":51,"column":4},"end":{"line":56,"column":5}},"12":{"start":{"line":52,"column":32},"end":{"line":52,"column":61}},"13":{"start":{"line":53,"column":8},"end":{"line":53,"column":56}},"14":{"start":{"line":54,"column":8},"end":{"line":54,"column":51}},"15":{"start":{"line":55,"column":8},"end":{"line":55,"column":92}},"16":{"start":{"line":57,"column":4},"end":{"line":60,"column":5}},"17":{"start":{"line":58,"column":8},"end":{"line":58,"column":73}},"18":{"start":{"line":59,"column":8},"end":{"line":59,"column":15}},"19":{"start":{"line":62,"column":4},"end":{"line":62,"column":40}},"20":{"start":{"line":65,"column":23},"end":{"line":67,"column":5}},"21":{"start":{"line":66,"column":8},"end":{"line":66,"column":45}},"22":{"start":{"line":69,"column":26},"end":{"line":69,"column":95}},"23":{"start":{"line":70,"column":25},"end":{"line":70,"column":97}},"24":{"start":{"line":72,"column":29},"end":{"line":72,"column":102}},"25":{"start":{"line":73,"column":22},"end":{"line":73,"column":96}},"26":{"start":{"line":74,"column":26},"end":{"line":74,"column":96}},"27":{"start":{"line":77,"column":4},"end":{"line":77,"column":57}},"28":{"start":{"line":79,"column":4},"end":{"line":81,"column":7}},"29":{"start":{"line":80,"column":8},"end":{"line":80,"column":56}},"30":{"start":{"line":80,"column":43},"end":{"line":80,"column":56}},"31":{"start":{"line":83,"column":4},"end":{"line":85,"column":5}},"32":{"start":{"line":84,"column":8},"end":{"line":84,"column":60}},"33":{"start":{"line":88,"column":4},"end":{"line":96,"column":5}},"34":{"start":{"line":89,"column":8},"end":{"line":89,"column":86}},"35":{"start":{"line":89,"column":80},"end":{"line":89,"column":85}},"36":{"start":{"line":90,"column":8},"end":{"line":95,"column":11}},"37":{"start":{"line":90,"column":77},"end":{"line":95,"column":10}},"38":{"start":{"line":91,"column":12},"end":{"line":91,"column":33}},"39":{"start":{"line":92,"column":12},"end":{"line":92,"column":34}},"40":{"start":{"line":94,"column":12},"end":{"line":94,"column":93}},"41":{"start":{"line":99,"column":4},"end":{"line":113,"column":5}},"42":{"start":{"line":100,"column":8},"end":{"line":100,"column":79}},"43":{"start":{"line":100,"column":73},"end":{"line":100,"column":78}},"44":{"start":{"line":101,"column":8},"end":{"line":112,"column":11}},"45":{"start":{"line":101,"column":70},"end":{"line":112,"column":10}},"46":{"start":{"line":102,"column":12},"end":{"line":102,"column":33}},"47":{"start":{"line":103,"column":12},"end":{"line":103,"column":34}},"48":{"start":{"line":104,"column":31},"end":{"line":104,"column":101}},"49":{"start":{"line":105,"column":12},"end":{"line":108,"column":13}},"50":{"start":{"line":106,"column":16},"end":{"line":106,"column":75}},"51":{"start":{"line":107,"column":16},"end":{"line":107,"column":23}},"52":{"start":{"line":110,"column":12},"end":{"line":110,"column":53}},"53":{"start":{"line":111,"column":12},"end":{"line":111,"column":25}},"54":{"start":{"line":116,"column":20},"end":{"line":116,"column":79}},"55":{"start":{"line":117,"column":23},"end":{"line":117,"column":86}},"56":{"start":{"line":118,"column":26},"end":{"line":118,"column":92}},"57":{"start":{"line":119,"column":23},"end":{"line":119,"column":80}},"58":{"start":{"line":120,"column":23},"end":{"line":120,"column":80}},"59":{"start":{"line":124,"column":4},"end":{"line":126,"column":54}},"60":{"start":{"line":125,"column":8},"end":{"line":125,"column":52}},"61":{"start":{"line":126,"column":11},"end":{"line":126,"column":54}},"62":{"start":{"line":129,"column":4},"end":{"line":129,"column":39}},"63":{"start":{"line":136,"column":8},"end":{"line":139,"column":10}},"64":{"start":{"line":146,"column":27},"end":{"line":146,"column":58}},"65":{"start":{"line":147,"column":29},"end":{"line":147,"column":49}},"66":{"start":{"line":148,"column":8},"end":{"line":163,"column":9}},"67":{"start":{"line":150,"column":12},"end":{"line":162,"column":13}},"68":{"start":{"line":151,"column":16},"end":{"line":151,"column":55}},"69":{"start":{"line":152,"column":16},"end":{"line":152,"column":44}},"70":{"start":{"line":154,"column":16},"end":{"line":154,"column":59}},"71":{"start":{"line":155,"column":16},"end":{"line":155,"column":50}},"72":{"start":{"line":157,"column":16},"end":{"line":157,"column":52}},"73":{"start":{"line":158,"column":16},"end":{"line":158,"column":43}},"74":{"start":{"line":160,"column":16},"end":{"line":160,"column":62}},"75":{"start":{"line":161,"column":16},"end":{"line":161,"column":51}},"76":{"start":{"line":165,"column":8},"end":{"line":172,"column":9}},"77":{"start":{"line":166,"column":12},"end":{"line":166,"column":51}},"78":{"start":{"line":167,"column":12},"end":{"line":167,"column":42}},"79":{"start":{"line":169,"column":12},"end":{"line":169,"column":54}},"80":{"start":{"line":170,"column":12},"end":{"line":170,"column":43}},"81":{"start":{"line":171,"column":12},"end":{"line":171,"column":37}},"82":{"start":{"line":176,"column":4},"end":{"line":176,"column":86}},"83":{"start":{"line":176,"column":22},"end":{"line":176,"column":86}},"84":{"start":{"line":179,"column":4},"end":{"line":179,"column":43}},"85":{"start":{"line":182,"column":4},"end":{"line":182,"column":32}},"86":{"start":{"line":185,"column":4},"end":{"line":192,"column":7}},"87":{"start":{"line":186,"column":8},"end":{"line":191,"column":9}},"88":{"start":{"line":187,"column":12},"end":{"line":187,"column":89}},"89":{"start":{"line":188,"column":12},"end":{"line":188,"column":43}},"90":{"start":{"line":190,"column":12},"end":{"line":190,"column":40}},"91":{"start":{"line":195,"column":4},"end":{"line":195,"column":55}},"92":{"start":{"line":196,"column":4},"end":{"line":196,"column":58}},"93":{"start":{"line":199,"column":4},"end":{"line":252,"column":5}},"94":{"start":{"line":200,"column":8},"end":{"line":200,"column":82}},"95":{"start":{"line":200,"column":76},"end":{"line":200,"column":81}},"96":{"start":{"line":201,"column":8},"end":{"line":251,"column":11}},"97":{"start":{"line":201,"column":73},"end":{"line":251,"column":10}},"98":{"start":{"line":202,"column":12},"end":{"line":202,"column":33}},"99":{"start":{"line":203,"column":12},"end":{"line":203,"column":34}},"100":{"start":{"line":205,"column":12},"end":{"line":250,"column":13}},"101":{"start":{"line":207,"column":16},"end":{"line":222,"column":17}},"102":{"start":{"line":208,"column":20},"end":{"line":208,"column":88}},"103":{"start":{"line":209,"column":20},"end":{"line":209,"column":74}},"104":{"start":{"line":210,"column":20},"end":{"line":210,"column":74}},"105":{"start":{"line":210,"column":38},"end":{"line":210,"column":74}},"106":{"start":{"line":212,"column":20},"end":{"line":212,"column":71}},"107":{"start":{"line":213,"column":20},"end":{"line":213,"column":52}},"108":{"start":{"line":214,"column":20},"end":{"line":214,"column":43}},"109":{"start":{"line":215,"column":37},"end":{"line":215,"column":64}},"110":{"start":{"line":216,"column":20},"end":{"line":216,"column":52}},"111":{"start":{"line":218,"column":20},"end":{"line":218,"column":39}},"112":{"start":{"line":219,"column":20},"end":{"line":219,"column":46}},"113":{"start":{"line":220,"column":20},"end":{"line":220,"column":61}},"114":{"start":{"line":221,"column":20},"end":{"line":221,"column":51}},"115":{"start":{"line":225,"column":16},"end":{"line":249,"column":17}},"116":{"start":{"line":227,"column":20},"end":{"line":227,"column":88}},"117":{"start":{"line":228,"column":20},"end":{"line":228,"column":60}},"118":{"start":{"line":229,"column":20},"end":{"line":229,"column":74}},"119":{"start":{"line":229,"column":38},"end":{"line":229,"column":74}},"120":{"start":{"line":231,"column":20},"end":{"line":231,"column":null}},"121":{"start":{"line":233,"column":20},"end":{"line":233,"column":71}},"122":{"start":{"line":234,"column":20},"end":{"line":234,"column":null}},"123":{"start":{"line":236,"column":20},"end":{"line":236,"column":52}},"124":{"start":{"line":237,"column":20},"end":{"line":237,"column":81}},"125":{"start":{"line":239,"column":37},"end":{"line":239,"column":64}},"126":{"start":{"line":240,"column":20},"end":{"line":240,"column":60}},"127":{"start":{"line":242,"column":20},"end":{"line":242,"column":52}},"128":{"start":{"line":245,"column":20},"end":{"line":245,"column":39}},"129":{"start":{"line":246,"column":20},"end":{"line":246,"column":46}},"130":{"start":{"line":247,"column":20},"end":{"line":247,"column":61}},"131":{"start":{"line":248,"column":20},"end":{"line":248,"column":51}},"132":{"start":{"line":254,"column":4},"end":{"line":254,"column":19}},"133":{"start":{"line":259,"column":23},"end":{"line":272,"column":6}},"134":{"start":{"line":273,"column":20},"end":{"line":273,"column":49}},"135":{"start":{"line":274,"column":4},"end":{"line":274,"column":35}},"136":{"start":{"line":275,"column":4},"end":{"line":275,"column":39}},"137":{"start":{"line":277,"column":24},"end":{"line":277,"column":92}},"138":{"start":{"line":278,"column":4},"end":{"line":278,"column":56}},"139":{"start":{"line":278,"column":21},"end":{"line":278,"column":56}},"140":{"start":{"line":280,"column":24},"end":{"line":280,"column":93}},"141":{"start":{"line":281,"column":24},"end":{"line":281,"column":94}},"142":{"start":{"line":283,"column":22},"end":{"line":285,"column":5}},"143":{"start":{"line":284,"column":8},"end":{"line":284,"column":60}},"144":{"start":{"line":284,"column":25},"end":{"line":284,"column":60}},"145":{"start":{"line":286,"column":4},"end":{"line":286,"column":54}},"146":{"start":{"line":287,"column":4},"end":{"line":289,"column":7}},"147":{"start":{"line":288,"column":8},"end":{"line":288,"column":52}},"148":{"start":{"line":288,"column":40},"end":{"line":288,"column":52}},"149":{"start":{"line":291,"column":4},"end":{"line":291,"column":63}},"150":{"start":{"line":291,"column":57},"end":{"line":291,"column":62}},"151":{"start":{"line":292,"column":4},"end":{"line":298,"column":7}},"152":{"start":{"line":292,"column":54},"end":{"line":298,"column":6}},"153":{"start":{"line":294,"column":8},"end":{"line":294,"column":30}},"154":{"start":{"line":296,"column":8},"end":{"line":296,"column":20}},"155":{"start":{"line":297,"column":8},"end":{"line":297,"column":36}},"156":{"start":{"line":303,"column":24},"end":{"line":332,"column":6}},"157":{"start":{"line":333,"column":20},"end":{"line":333,"column":49}},"158":{"start":{"line":334,"column":4},"end":{"line":334,"column":36}},"159":{"start":{"line":335,"column":4},"end":{"line":335,"column":39}},"160":{"start":{"line":337,"column":25},"end":{"line":337,"column":90}},"161":{"start":{"line":338,"column":4},"end":{"line":338,"column":58}},"162":{"start":{"line":338,"column":22},"end":{"line":338,"column":58}},"163":{"start":{"line":340,"column":25},"end":{"line":340,"column":91}},"164":{"start":{"line":341,"column":22},"end":{"line":341,"column":88}},"165":{"start":{"line":342,"column":23},"end":{"line":342,"column":87}},"166":{"start":{"line":343,"column":23},"end":{"line":343,"column":87}},"167":{"start":{"line":344,"column":22},"end":{"line":344,"column":90}},"168":{"start":{"line":345,"column":24},"end":{"line":345,"column":97}},"169":{"start":{"line":347,"column":22},"end":{"line":349,"column":5}},"170":{"start":{"line":348,"column":8},"end":{"line":348,"column":62}},"171":{"start":{"line":348,"column":26},"end":{"line":348,"column":62}},"172":{"start":{"line":350,"column":4},"end":{"line":350,"column":55}},"173":{"start":{"line":351,"column":4},"end":{"line":353,"column":7}},"174":{"start":{"line":352,"column":8},"end":{"line":352,"column":53}},"175":{"start":{"line":352,"column":41},"end":{"line":352,"column":53}},"176":{"start":{"line":357,"column":8},"end":{"line":357,"column":77}},"177":{"start":{"line":357,"column":70},"end":{"line":357,"column":77}},"178":{"start":{"line":359,"column":24},"end":{"line":359,"column":46}},"179":{"start":{"line":360,"column":19},"end":{"line":360,"column":42}},"180":{"start":{"line":361,"column":19},"end":{"line":361,"column":42}},"181":{"start":{"line":364,"column":23},"end":{"line":364,"column":49}},"182":{"start":{"line":367,"column":23},"end":{"line":367,"column":89}},"183":{"start":{"line":368,"column":22},"end":{"line":368,"column":31}},"184":{"start":{"line":370,"column":8},"end":{"line":376,"column":9}},"185":{"start":{"line":371,"column":12},"end":{"line":371,"column":41}},"186":{"start":{"line":372,"column":12},"end":{"line":372,"column":52}},"187":{"start":{"line":374,"column":12},"end":{"line":374,"column":40}},"188":{"start":{"line":375,"column":12},"end":{"line":375,"column":49}},"189":{"start":{"line":379,"column":4},"end":{"line":379,"column":52}},"190":{"start":{"line":380,"column":4},"end":{"line":380,"column":53}},"191":{"start":{"line":381,"column":4},"end":{"line":381,"column":53}},"192":{"start":{"line":383,"column":4},"end":{"line":383,"column":32}},"193":{"start":{"line":384,"column":4},"end":{"line":384,"column":43}},"194":{"start":{"line":386,"column":4},"end":{"line":386,"column":61}},"195":{"start":{"line":386,"column":55},"end":{"line":386,"column":60}},"196":{"start":{"line":387,"column":4},"end":{"line":392,"column":7}},"197":{"start":{"line":387,"column":52},"end":{"line":392,"column":6}},"198":{"start":{"line":388,"column":8},"end":{"line":388,"column":null}},"199":{"start":{"line":389,"column":8},"end":{"line":389,"column":50}},"200":{"start":{"line":390,"column":8},"end":{"line":390,"column":34}},"201":{"start":{"line":391,"column":8},"end":{"line":391,"column":43}},"202":{"start":{"line":394,"column":4},"end":{"line":408,"column":7}},"203":{"start":{"line":394,"column":54},"end":{"line":408,"column":6}},"204":{"start":{"line":395,"column":8},"end":{"line":395,"column":46}},"205":{"start":{"line":395,"column":39},"end":{"line":395,"column":46}},"206":{"start":{"line":397,"column":24},"end":{"line":397,"column":46}},"207":{"start":{"line":398,"column":24},"end":{"line":398,"column":47}},"208":{"start":{"line":401,"column":23},"end":{"line":401,"column":68}},"209":{"start":{"line":402,"column":8},"end":{"line":407,"column":9}},"210":{"start":{"line":403,"column":12},"end":{"line":403,"column":84}},"211":{"start":{"line":404,"column":12},"end":{"line":404,"column":24}},"212":{"start":{"line":406,"column":12},"end":{"line":406,"column":59}},"213":{"start":{"line":415,"column":4},"end":{"line":415,"column":44}},"214":{"start":{"line":416,"column":4},"end":{"line":416,"column":null}},"215":{"start":{"line":420,"column":4},"end":{"line":428,"column":5}},"216":{"start":{"line":423,"column":8},"end":{"line":423,"column":50}},"217":{"start":{"line":424,"column":8},"end":{"line":424,"column":40}},"218":{"start":{"line":425,"column":8},"end":{"line":425,"column":47}},"219":{"start":{"line":427,"column":8},"end":{"line":427,"column":29}}},"fnMap":{"0":{"name":"login","decl":{"start":{"line":48,"column":22},"end":{"line":48,"column":27}},"loc":{"start":{"line":48,"column":27},"end":{"line":255,"column":null}}},"1":{"name":"(anonymous_8)","decl":{"start":{"line":48,"column":28},"end":{"line":48,"column":45}},"loc":{"start":{"line":48,"column":103},"end":{"line":255,"column":1}}},"2":{"name":"(anonymous_9)","decl":{"start":{"line":65,"column":23},"end":{"line":65,"column":26}},"loc":{"start":{"line":65,"column":28},"end":{"line":67,"column":5}}},"3":{"name":"(anonymous_10)","decl":{"start":{"line":79,"column":43},"end":{"line":79,"column":44}},"loc":{"start":{"line":79,"column":65},"end":{"line":81,"column":5}}},"4":{"name":"(anonymous_11)","decl":{"start":{"line":89,"column":54},"end":{"line":89,"column":61}},"loc":{"start":{"line":89,"column":80},"end":{"line":89,"column":85}}},"5":{"name":"(anonymous_12)","decl":{"start":{"line":89,"column":80},"end":{"line":89,"column":83}},"loc":{"start":{"line":89,"column":80},"end":{"line":89,"column":84}}},"6":{"name":"(anonymous_13)","decl":{"start":{"line":90,"column":51},"end":{"line":90,"column":58}},"loc":{"start":{"line":90,"column":77},"end":{"line":95,"column":10}}},"7":{"name":"(anonymous_14)","decl":{"start":{"line":90,"column":77},"end":{"line":90,"column":null}},"loc":{"start":{"line":90,"column":77},"end":{"line":95,"column":9}}},"8":{"name":"(anonymous_15)","decl":{"start":{"line":100,"column":47},"end":{"line":100,"column":54}},"loc":{"start":{"line":100,"column":73},"end":{"line":100,"column":78}}},"9":{"name":"(anonymous_16)","decl":{"start":{"line":100,"column":73},"end":{"line":100,"column":76}},"loc":{"start":{"line":100,"column":73},"end":{"line":100,"column":77}}},"10":{"name":"(anonymous_17)","decl":{"start":{"line":101,"column":44},"end":{"line":101,"column":51}},"loc":{"start":{"line":101,"column":70},"end":{"line":112,"column":10}}},"11":{"name":"(anonymous_18)","decl":{"start":{"line":101,"column":70},"end":{"line":101,"column":null}},"loc":{"start":{"line":101,"column":70},"end":{"line":112,"column":9}}},"12":{"name":"areAllFieldsFilled","decl":{"start":{"line":135,"column":13},"end":{"line":135,"column":31}},"loc":{"start":{"line":135,"column":31},"end":{"line":140,"column":5}}},"13":{"name":"validateForm","decl":{"start":{"line":145,"column":13},"end":{"line":145,"column":25}},"loc":{"start":{"line":145,"column":25},"end":{"line":173,"column":5}}},"14":{"name":"(anonymous_21)","decl":{"start":{"line":185,"column":40},"end":{"line":185,"column":43}},"loc":{"start":{"line":185,"column":45},"end":{"line":192,"column":5}}},"15":{"name":"(anonymous_22)","decl":{"start":{"line":200,"column":50},"end":{"line":200,"column":57}},"loc":{"start":{"line":200,"column":76},"end":{"line":200,"column":81}}},"16":{"name":"(anonymous_23)","decl":{"start":{"line":200,"column":76},"end":{"line":200,"column":79}},"loc":{"start":{"line":200,"column":76},"end":{"line":200,"column":80}}},"17":{"name":"(anonymous_24)","decl":{"start":{"line":201,"column":47},"end":{"line":201,"column":54}},"loc":{"start":{"line":201,"column":73},"end":{"line":251,"column":10}}},"18":{"name":"(anonymous_25)","decl":{"start":{"line":201,"column":73},"end":{"line":201,"column":null}},"loc":{"start":{"line":201,"column":73},"end":{"line":251,"column":9}}},"19":{"name":"showReinitModal","decl":{"start":{"line":258,"column":9},"end":{"line":258,"column":24}},"loc":{"start":{"line":258,"column":38},"end":{"line":299,"column":1}}},"20":{"name":"(anonymous_27)","decl":{"start":{"line":283,"column":22},"end":{"line":283,"column":25}},"loc":{"start":{"line":283,"column":27},"end":{"line":285,"column":5}}},"21":{"name":"(anonymous_28)","decl":{"start":{"line":287,"column":43},"end":{"line":287,"column":44}},"loc":{"start":{"line":287,"column":63},"end":{"line":289,"column":5}}},"22":{"name":"(anonymous_29)","decl":{"start":{"line":291,"column":46},"end":{"line":291,"column":55}},"loc":{"start":{"line":291,"column":57},"end":{"line":291,"column":62}}},"23":{"name":"(anonymous_30)","decl":{"start":{"line":291,"column":57},"end":{"line":291,"column":60}},"loc":{"start":{"line":291,"column":57},"end":{"line":291,"column":61}}},"24":{"name":"(anonymous_31)","decl":{"start":{"line":292,"column":43},"end":{"line":292,"column":52}},"loc":{"start":{"line":292,"column":54},"end":{"line":298,"column":6}}},"25":{"name":"(anonymous_32)","decl":{"start":{"line":292,"column":54},"end":{"line":292,"column":null}},"loc":{"start":{"line":292,"column":54},"end":{"line":298,"column":5}}},"26":{"name":"showNewPasswordModal","decl":{"start":{"line":302,"column":9},"end":{"line":302,"column":29}},"loc":{"start":{"line":302,"column":43},"end":{"line":409,"column":1}}},"27":{"name":"(anonymous_34)","decl":{"start":{"line":347,"column":22},"end":{"line":347,"column":25}},"loc":{"start":{"line":347,"column":27},"end":{"line":349,"column":5}}},"28":{"name":"(anonymous_35)","decl":{"start":{"line":351,"column":44},"end":{"line":351,"column":45}},"loc":{"start":{"line":351,"column":64},"end":{"line":353,"column":5}}},"29":{"name":"checkForm","decl":{"start":{"line":356,"column":13},"end":{"line":356,"column":22}},"loc":{"start":{"line":356,"column":22},"end":{"line":377,"column":5}}},"30":{"name":"(anonymous_37)","decl":{"start":{"line":386,"column":44},"end":{"line":386,"column":53}},"loc":{"start":{"line":386,"column":55},"end":{"line":386,"column":60}}},"31":{"name":"(anonymous_38)","decl":{"start":{"line":386,"column":55},"end":{"line":386,"column":58}},"loc":{"start":{"line":386,"column":55},"end":{"line":386,"column":59}}},"32":{"name":"(anonymous_39)","decl":{"start":{"line":387,"column":41},"end":{"line":387,"column":50}},"loc":{"start":{"line":387,"column":52},"end":{"line":392,"column":6}}},"33":{"name":"(anonymous_40)","decl":{"start":{"line":387,"column":52},"end":{"line":387,"column":null}},"loc":{"start":{"line":387,"column":52},"end":{"line":392,"column":5}}},"34":{"name":"(anonymous_41)","decl":{"start":{"line":394,"column":43},"end":{"line":394,"column":52}},"loc":{"start":{"line":394,"column":54},"end":{"line":408,"column":6}}},"35":{"name":"(anonymous_42)","decl":{"start":{"line":394,"column":54},"end":{"line":394,"column":null}},"loc":{"start":{"line":394,"column":54},"end":{"line":408,"column":5}}},"36":{"name":"validateChange","decl":{"start":{"line":414,"column":15},"end":{"line":414,"column":29}},"loc":{"start":{"line":414,"column":74},"end":{"line":417,"column":null}}},"37":{"name":"logout","decl":{"start":{"line":419,"column":22},"end":{"line":419,"column":28}},"loc":{"start":{"line":419,"column":28},"end":{"line":429,"column":null}}}},"branchMap":{"0":{"loc":{"start":{"line":48,"column":28},"end":{"line":48,"column":73}},"type":"default-arg","locations":[{"start":{"line":48,"column":45},"end":{"line":48,"column":73}}]},"1":{"loc":{"start":{"line":48,"column":75},"end":{"line":48,"column":103}},"type":"default-arg","locations":[{"start":{"line":48,"column":98},"end":{"line":48,"column":103}}]},"2":{"loc":{"start":{"line":51,"column":4},"end":{"line":56,"column":5}},"type":"if","locations":[{"start":{"line":51,"column":4},"end":{"line":56,"column":5}}]},"3":{"loc":{"start":{"line":57,"column":4},"end":{"line":60,"column":5}},"type":"if","locations":[{"start":{"line":57,"column":4},"end":{"line":60,"column":5}}]},"4":{"loc":{"start":{"line":77,"column":4},"end":{"line":77,"column":56}},"type":"cond-expr","locations":[{"start":{"line":77,"column":17},"end":{"line":77,"column":19}},{"start":{"line":77,"column":4},"end":{"line":77,"column":56}}]},"5":{"loc":{"start":{"line":77,"column":4},"end":{"line":77,"column":19}},"type":"binary-expr","locations":[{"start":{"line":77,"column":4},"end":{"line":77,"column":19}},{"start":{"line":77,"column":4},"end":{"line":77,"column":19}}]},"6":{"loc":{"start":{"line":80,"column":8},"end":{"line":80,"column":56}},"type":"if","locations":[{"start":{"line":80,"column":8},"end":{"line":80,"column":56}}]},"7":{"loc":{"start":{"line":83,"column":4},"end":{"line":85,"column":5}},"type":"if","locations":[{"start":{"line":83,"column":4},"end":{"line":85,"column":5}}]},"8":{"loc":{"start":{"line":88,"column":4},"end":{"line":96,"column":5}},"type":"if","locations":[{"start":{"line":88,"column":4},"end":{"line":96,"column":5}}]},"9":{"loc":{"start":{"line":99,"column":4},"end":{"line":113,"column":5}},"type":"if","locations":[{"start":{"line":99,"column":4},"end":{"line":113,"column":5}}]},"10":{"loc":{"start":{"line":105,"column":12},"end":{"line":108,"column":13}},"type":"if","locations":[{"start":{"line":105,"column":12},"end":{"line":108,"column":13}}]},"11":{"loc":{"start":{"line":105,"column":16},"end":{"line":105,"column":70}},"type":"binary-expr","locations":[{"start":{"line":105,"column":16},"end":{"line":105,"column":27}},{"start":{"line":105,"column":31},"end":{"line":105,"column":70}}]},"12":{"loc":{"start":{"line":124,"column":4},"end":{"line":126,"column":54}},"type":"if","locations":[{"start":{"line":124,"column":4},"end":{"line":126,"column":54}},{"start":{"line":126,"column":11},"end":{"line":126,"column":54}}]},"13":{"loc":{"start":{"line":137,"column":12},"end":{"line":138,"column":45}},"type":"binary-expr","locations":[{"start":{"line":137,"column":12},"end":{"line":137,"column":42}},{"start":{"line":138,"column":12},"end":{"line":138,"column":45}}]},"14":{"loc":{"start":{"line":148,"column":8},"end":{"line":163,"column":9}},"type":"if","locations":[{"start":{"line":148,"column":8},"end":{"line":163,"column":9}}]},"15":{"loc":{"start":{"line":148,"column":12},"end":{"line":148,"column":41}},"type":"binary-expr","locations":[{"start":{"line":148,"column":12},"end":{"line":148,"column":21}},{"start":{"line":148,"column":25},"end":{"line":148,"column":41}}]},"16":{"loc":{"start":{"line":150,"column":12},"end":{"line":162,"column":13}},"type":"if","locations":[{"start":{"line":150,"column":12},"end":{"line":162,"column":13}},{"start":{"line":156,"column":19},"end":{"line":162,"column":13}}]},"17":{"loc":{"start":{"line":165,"column":8},"end":{"line":172,"column":9}},"type":"if","locations":[{"start":{"line":165,"column":8},"end":{"line":172,"column":9}},{"start":{"line":168,"column":15},"end":{"line":172,"column":9}}]},"18":{"loc":{"start":{"line":165,"column":14},"end":{"line":165,"column":40}},"type":"binary-expr","locations":[{"start":{"line":165,"column":14},"end":{"line":165,"column":24}},{"start":{"line":165,"column":28},"end":{"line":165,"column":40}}]},"19":{"loc":{"start":{"line":176,"column":4},"end":{"line":176,"column":86}},"type":"if","locations":[{"start":{"line":176,"column":4},"end":{"line":176,"column":86}}]},"20":{"loc":{"start":{"line":176,"column":41},"end":{"line":176,"column":85}},"type":"binary-expr","locations":[{"start":{"line":176,"column":41},"end":{"line":176,"column":79}},{"start":{"line":176,"column":83},"end":{"line":176,"column":85}}]},"21":{"loc":{"start":{"line":186,"column":8},"end":{"line":191,"column":9}},"type":"if","locations":[{"start":{"line":186,"column":8},"end":{"line":191,"column":9}},{"start":{"line":189,"column":15},"end":{"line":191,"column":9}}]},"22":{"loc":{"start":{"line":199,"column":4},"end":{"line":252,"column":5}},"type":"if","locations":[{"start":{"line":199,"column":4},"end":{"line":252,"column":5}}]},"23":{"loc":{"start":{"line":205,"column":12},"end":{"line":250,"column":13}},"type":"if","locations":[{"start":{"line":205,"column":12},"end":{"line":250,"column":13}},{"start":{"line":223,"column":19},"end":{"line":250,"column":13}}]},"24":{"loc":{"start":{"line":210,"column":20},"end":{"line":210,"column":74}},"type":"if","locations":[{"start":{"line":210,"column":20},"end":{"line":210,"column":74}}]},"25":{"loc":{"start":{"line":229,"column":20},"end":{"line":229,"column":74}},"type":"if","locations":[{"start":{"line":229,"column":20},"end":{"line":229,"column":74}}]},"26":{"loc":{"start":{"line":278,"column":4},"end":{"line":278,"column":56}},"type":"if","locations":[{"start":{"line":278,"column":4},"end":{"line":278,"column":56}}]},"27":{"loc":{"start":{"line":284,"column":8},"end":{"line":284,"column":60}},"type":"if","locations":[{"start":{"line":284,"column":8},"end":{"line":284,"column":60}}]},"28":{"loc":{"start":{"line":286,"column":4},"end":{"line":286,"column":53}},"type":"cond-expr","locations":[{"start":{"line":286,"column":15},"end":{"line":286,"column":17}},{"start":{"line":286,"column":4},"end":{"line":286,"column":53}}]},"29":{"loc":{"start":{"line":286,"column":4},"end":{"line":286,"column":17}},"type":"binary-expr","locations":[{"start":{"line":286,"column":4},"end":{"line":286,"column":17}},{"start":{"line":286,"column":4},"end":{"line":286,"column":17}}]},"30":{"loc":{"start":{"line":287,"column":4},"end":{"line":289,"column":6}},"type":"cond-expr","locations":[{"start":{"line":287,"column":15},"end":{"line":287,"column":17}},{"start":{"line":287,"column":4},"end":{"line":289,"column":6}}]},"31":{"loc":{"start":{"line":287,"column":4},"end":{"line":287,"column":17}},"type":"binary-expr","locations":[{"start":{"line":287,"column":4},"end":{"line":287,"column":17}},{"start":{"line":287,"column":4},"end":{"line":287,"column":17}}]},"32":{"loc":{"start":{"line":288,"column":8},"end":{"line":288,"column":52}},"type":"if","locations":[{"start":{"line":288,"column":8},"end":{"line":288,"column":52}}]},"33":{"loc":{"start":{"line":291,"column":4},"end":{"line":291,"column":62}},"type":"cond-expr","locations":[{"start":{"line":291,"column":15},"end":{"line":291,"column":17}},{"start":{"line":291,"column":4},"end":{"line":291,"column":62}}]},"34":{"loc":{"start":{"line":291,"column":4},"end":{"line":291,"column":17}},"type":"binary-expr","locations":[{"start":{"line":291,"column":4},"end":{"line":291,"column":17}},{"start":{"line":291,"column":4},"end":{"line":291,"column":17}}]},"35":{"loc":{"start":{"line":292,"column":4},"end":{"line":298,"column":6}},"type":"cond-expr","locations":[{"start":{"line":292,"column":15},"end":{"line":292,"column":17}},{"start":{"line":292,"column":4},"end":{"line":298,"column":6}}]},"36":{"loc":{"start":{"line":292,"column":4},"end":{"line":292,"column":17}},"type":"binary-expr","locations":[{"start":{"line":292,"column":4},"end":{"line":292,"column":17}},{"start":{"line":292,"column":4},"end":{"line":292,"column":17}}]},"37":{"loc":{"start":{"line":338,"column":4},"end":{"line":338,"column":58}},"type":"if","locations":[{"start":{"line":338,"column":4},"end":{"line":338,"column":58}}]},"38":{"loc":{"start":{"line":348,"column":8},"end":{"line":348,"column":62}},"type":"if","locations":[{"start":{"line":348,"column":8},"end":{"line":348,"column":62}}]},"39":{"loc":{"start":{"line":350,"column":4},"end":{"line":350,"column":54}},"type":"cond-expr","locations":[{"start":{"line":350,"column":16},"end":{"line":350,"column":18}},{"start":{"line":350,"column":4},"end":{"line":350,"column":54}}]},"40":{"loc":{"start":{"line":350,"column":4},"end":{"line":350,"column":18}},"type":"binary-expr","locations":[{"start":{"line":350,"column":4},"end":{"line":350,"column":18}},{"start":{"line":350,"column":4},"end":{"line":350,"column":18}}]},"41":{"loc":{"start":{"line":351,"column":4},"end":{"line":353,"column":6}},"type":"cond-expr","locations":[{"start":{"line":351,"column":16},"end":{"line":351,"column":18}},{"start":{"line":351,"column":4},"end":{"line":353,"column":6}}]},"42":{"loc":{"start":{"line":351,"column":4},"end":{"line":351,"column":18}},"type":"binary-expr","locations":[{"start":{"line":351,"column":4},"end":{"line":351,"column":18}},{"start":{"line":351,"column":4},"end":{"line":351,"column":18}}]},"43":{"loc":{"start":{"line":352,"column":8},"end":{"line":352,"column":53}},"type":"if","locations":[{"start":{"line":352,"column":8},"end":{"line":352,"column":53}}]},"44":{"loc":{"start":{"line":357,"column":8},"end":{"line":357,"column":77}},"type":"if","locations":[{"start":{"line":357,"column":8},"end":{"line":357,"column":77}}]},"45":{"loc":{"start":{"line":357,"column":12},"end":{"line":357,"column":68}},"type":"binary-expr","locations":[{"start":{"line":357,"column":12},"end":{"line":357,"column":22}},{"start":{"line":357,"column":26},"end":{"line":357,"column":37}},{"start":{"line":357,"column":41},"end":{"line":357,"column":52}},{"start":{"line":357,"column":56},"end":{"line":357,"column":68}}]},"46":{"loc":{"start":{"line":370,"column":8},"end":{"line":376,"column":9}},"type":"if","locations":[{"start":{"line":370,"column":8},"end":{"line":376,"column":9}},{"start":{"line":373,"column":15},"end":{"line":376,"column":9}}]},"47":{"loc":{"start":{"line":370,"column":12},"end":{"line":370,"column":36}},"type":"binary-expr","locations":[{"start":{"line":370,"column":12},"end":{"line":370,"column":18}},{"start":{"line":370,"column":22},"end":{"line":370,"column":28}},{"start":{"line":370,"column":32},"end":{"line":370,"column":36}}]},"48":{"loc":{"start":{"line":379,"column":4},"end":{"line":379,"column":51}},"type":"cond-expr","locations":[{"start":{"line":379,"column":13},"end":{"line":379,"column":15}},{"start":{"line":379,"column":4},"end":{"line":379,"column":51}}]},"49":{"loc":{"start":{"line":379,"column":4},"end":{"line":379,"column":15}},"type":"binary-expr","locations":[{"start":{"line":379,"column":4},"end":{"line":379,"column":15}},{"start":{"line":379,"column":4},"end":{"line":379,"column":15}}]},"50":{"loc":{"start":{"line":380,"column":4},"end":{"line":380,"column":52}},"type":"cond-expr","locations":[{"start":{"line":380,"column":14},"end":{"line":380,"column":16}},{"start":{"line":380,"column":4},"end":{"line":380,"column":52}}]},"51":{"loc":{"start":{"line":380,"column":4},"end":{"line":380,"column":16}},"type":"binary-expr","locations":[{"start":{"line":380,"column":4},"end":{"line":380,"column":16}},{"start":{"line":380,"column":4},"end":{"line":380,"column":16}}]},"52":{"loc":{"start":{"line":381,"column":4},"end":{"line":381,"column":52}},"type":"cond-expr","locations":[{"start":{"line":381,"column":14},"end":{"line":381,"column":16}},{"start":{"line":381,"column":4},"end":{"line":381,"column":52}}]},"53":{"loc":{"start":{"line":381,"column":4},"end":{"line":381,"column":16}},"type":"binary-expr","locations":[{"start":{"line":381,"column":4},"end":{"line":381,"column":16}},{"start":{"line":381,"column":4},"end":{"line":381,"column":16}}]},"54":{"loc":{"start":{"line":386,"column":4},"end":{"line":386,"column":60}},"type":"cond-expr","locations":[{"start":{"line":386,"column":13},"end":{"line":386,"column":15}},{"start":{"line":386,"column":4},"end":{"line":386,"column":60}}]},"55":{"loc":{"start":{"line":386,"column":4},"end":{"line":386,"column":15}},"type":"binary-expr","locations":[{"start":{"line":386,"column":4},"end":{"line":386,"column":15}},{"start":{"line":386,"column":4},"end":{"line":386,"column":15}}]},"56":{"loc":{"start":{"line":387,"column":4},"end":{"line":392,"column":6}},"type":"cond-expr","locations":[{"start":{"line":387,"column":13},"end":{"line":387,"column":15}},{"start":{"line":387,"column":4},"end":{"line":392,"column":6}}]},"57":{"loc":{"start":{"line":387,"column":4},"end":{"line":387,"column":15}},"type":"binary-expr","locations":[{"start":{"line":387,"column":4},"end":{"line":387,"column":15}},{"start":{"line":387,"column":4},"end":{"line":387,"column":15}}]},"58":{"loc":{"start":{"line":394,"column":4},"end":{"line":408,"column":6}},"type":"cond-expr","locations":[{"start":{"line":394,"column":15},"end":{"line":394,"column":17}},{"start":{"line":394,"column":4},"end":{"line":408,"column":6}}]},"59":{"loc":{"start":{"line":394,"column":4},"end":{"line":394,"column":17}},"type":"binary-expr","locations":[{"start":{"line":394,"column":4},"end":{"line":394,"column":17}},{"start":{"line":394,"column":4},"end":{"line":394,"column":17}}]},"60":{"loc":{"start":{"line":395,"column":8},"end":{"line":395,"column":46}},"type":"if","locations":[{"start":{"line":395,"column":8},"end":{"line":395,"column":46}}]},"61":{"loc":{"start":{"line":395,"column":12},"end":{"line":395,"column":37}},"type":"binary-expr","locations":[{"start":{"line":395,"column":12},"end":{"line":395,"column":22}},{"start":{"line":395,"column":26},"end":{"line":395,"column":37}}]},"62":{"loc":{"start":{"line":402,"column":8},"end":{"line":407,"column":9}},"type":"if","locations":[{"start":{"line":402,"column":8},"end":{"line":407,"column":9}},{"start":{"line":405,"column":15},"end":{"line":407,"column":9}}]}},"s":{"0":1,"1":1,"2":1,"3":1,"4":1,"5":1,"6":1,"7":1,"8":1,"9":0,"10":0,"11":0,"12":0,"13":0,"14":0,"15":0,"16":0,"17":0,"18":0,"19":0,"20":0,"21":0,"22":0,"23":0,"24":0,"25":0,"26":0,"27":0,"28":0,"29":0,"30":0,"31":0,"32":0,"33":0,"34":0,"35":0,"36":0,"37":0,"38":0,"39":0,"40":0,"41":0,"42":0,"43":0,"44":0,"45":0,"46":0,"47":0,"48":0,"49":0,"50":0,"51":0,"52":0,"53":0,"54":0,"55":0,"56":0,"57":0,"58":0,"59":0,"60":0,"61":0,"62":0,"63":0,"64":0,"65":0,"66":0,"67":0,"68":0,"69":0,"70":0,"71":0,"72":0,"73":0,"74":0,"75":0,"76":0,"77":0,"78":0,"79":0,"80":0,"81":0,"82":0,"83":0,"84":0,"85":0,"86":0,"87":0,"88":0,"89":0,"90":0,"91":0,"92":0,"93":0,"94":0,"95":0,"96":0,"97":0,"98":0,"99":0,"100":0,"101":0,"102":0,"103":0,"104":0,"105":0,"106":0,"107":0,"108":0,"109":0,"110":0,"111":0,"112":0,"113":0,"114":0,"115":0,"116":0,"117":0,"118":0,"119":0,"120":0,"121":0,"122":0,"123":0,"124":0,"125":0,"126":0,"127":0,"128":0,"129":0,"130":0,"131":0,"132":0,"133":0,"134":0,"135":0,"136":0,"137":0,"138":0,"139":0,"140":0,"141":0,"142":0,"143":0,"144":0,"145":0,"146":0,"147":0,"148":0,"149":0,"150":0,"151":0,"152":0,"153":0,"154":0,"155":0,"156":0,"157":0,"158":0,"159":0,"160":0,"161":0,"162":0,"163":0,"164":0,"165":0,"166":0,"167":0,"168":0,"169":0,"170":0,"171":0,"172":0,"173":0,"174":0,"175":0,"176":0,"177":0,"178":0,"179":0,"180":0,"181":0,"182":0,"183":0,"184":0,"185":0,"186":0,"187":0,"188":0,"189":0,"190":0,"191":0,"192":0,"193":0,"194":0,"195":0,"196":0,"197":0,"198":0,"199":0,"200":0,"201":0,"202":0,"203":0,"204":0,"205":0,"206":0,"207":0,"208":0,"209":0,"210":0,"211":0,"212":0,"213":0,"214":0,"215":0,"216":0,"217":0,"218":0,"219":0},"f":{"0":0,"1":0,"2":0,"3":0,"4":0,"5":0,"6":0,"7":0,"8":0,"9":0,"10":0,"11":0,"12":0,"13":0,"14":0,"15":0,"16":0,"17":0,"18":0,"19":0,"20":0,"21":0,"22":0,"23":0,"24":0,"25":0,"26":0,"27":0,"28":0,"29":0,"30":0,"31":0,"32":0,"33":0,"34":0,"35":0,"36":0,"37":0},"b":{"0":[0],"1":[0],"2":[0],"3":[0],"4":[0,0],"5":[0,0],"6":[0],"7":[0],"8":[0],"9":[0],"10":[0],"11":[0,0],"12":[0,0],"13":[0,0],"14":[0],"15":[0,0],"16":[0,0],"17":[0,0],"18":[0,0],"19":[0],"20":[0,0],"21":[0,0],"22":[0],"23":[0,0],"24":[0],"25":[0],"26":[0],"27":[0],"28":[0,0],"29":[0,0],"30":[0,0],"31":[0,0],"32":[0],"33":[0,0],"34":[0,0],"35":[0,0],"36":[0,0],"37":[0],"38":[0],"39":[0,0],"40":[0,0],"41":[0,0],"42":[0,0],"43":[0],"44":[0],"45":[0,0,0,0],"46":[0,0],"47":[0,0,0],"48":[0,0],"49":[0,0],"50":[0,0],"51":[0,0],"52":[0,0],"53":[0,0],"54":[0,0],"55":[0,0],"56":[0,0],"57":[0,0],"58":[0,0],"59":[0,0],"60":[0],"61":[0,0],"62":[0,0]}}
,"/Users/bgrossin/Projet JScript/STUDI/CinePhoria/CinePhoria site/frontend/src/NetworkController.ts": {"path":"/Users/bgrossin/Projet JScript/STUDI/CinePhoria/CinePhoria site/frontend/src/NetworkController.ts","statementMap":{"0":{"start":{"line":145,"column":0},"end":{"line":145,"column":22}},"1":{"start":{"line":170,"column":0},"end":{"line":170,"column":22}},"2":{"start":{"line":190,"column":0},"end":{"line":190,"column":22}},"3":{"start":{"line":240,"column":0},"end":{"line":240,"column":22}},"4":{"start":{"line":266,"column":0},"end":{"line":266,"column":22}},"5":{"start":{"line":289,"column":0},"end":{"line":289,"column":22}},"6":{"start":{"line":308,"column":0},"end":{"line":308,"column":22}},"7":{"start":{"line":325,"column":0},"end":{"line":325,"column":22}},"8":{"start":{"line":346,"column":0},"end":{"line":346,"column":22}},"9":{"start":{"line":367,"column":0},"end":{"line":367,"column":22}},"10":{"start":{"line":389,"column":0},"end":{"line":389,"column":22}},"11":{"start":{"line":410,"column":0},"end":{"line":410,"column":22}},"12":{"start":{"line":425,"column":0},"end":{"line":425,"column":22}},"13":{"start":{"line":442,"column":0},"end":{"line":442,"column":22}},"14":{"start":{"line":459,"column":0},"end":{"line":459,"column":22}},"15":{"start":{"line":468,"column":0},"end":{"line":468,"column":22}},"16":{"start":{"line":484,"column":0},"end":{"line":484,"column":22}},"17":{"start":{"line":499,"column":0},"end":{"line":499,"column":22}},"18":{"start":{"line":522,"column":0},"end":{"line":522,"column":22}},"19":{"start":{"line":536,"column":0},"end":{"line":536,"column":22}},"20":{"start":{"line":555,"column":0},"end":{"line":555,"column":22}},"21":{"start":{"line":572,"column":0},"end":{"line":572,"column":22}},"22":{"start":{"line":589,"column":0},"end":{"line":589,"column":22}},"23":{"start":{"line":605,"column":0},"end":{"line":605,"column":22}},"24":{"start":{"line":620,"column":0},"end":{"line":620,"column":22}},"25":{"start":{"line":635,"column":0},"end":{"line":635,"column":22}},"26":{"start":{"line":658,"column":0},"end":{"line":658,"column":22}},"27":{"start":{"line":670,"column":0},"end":{"line":670,"column":22}},"28":{"start":{"line":682,"column":0},"end":{"line":682,"column":2
[...]
00,"column":13}},"type":"if","locations":[{"start":{"line":895,"column":12},"end":{"line":900,"column":13}},{"start":{"line":898,"column":19},"end":{"line":900,"column":13}}]},"106":{"loc":{"start":{"line":905,"column":12},"end":{"line":910,"column":13}},"type":"if","locations":[{"start":{"line":905,"column":12},"end":{"line":910,"column":13}},{"start":{"line":908,"column":19},"end":{"line":910,"column":13}}]},"107":{"loc":{"start":{"line":924,"column":12},"end":{"line":924,"column":64}},"type":"if","locations":[{"start":{"line":924,"column":12},"end":{"line":924,"column":64}}]},"108":{"loc":{"start":{"line":926,"column":12},"end":{"line":939,"column":13}},"type":"if","locations":[{"start":{"line":926,"column":12},"end":{"line":939,"column":13}}]},"109":{"loc":{"start":{"line":932,"column":16},"end":{"line":934,"column":17}},"type":"if","locations":[{"start":{"line":932,"column":16},"end":{"line":934,"column":17}}]},"110":{"loc":{"start":{"line":945,"column":8},"end":{"line":952,"column":9}},"type":"if","locations":[{"start":{"line":945,"column":8},"end":{"line":952,"column":9}},{"start":{"line":950,"column":15},"end":{"line":952,"column":9}}]},"111":{"loc":{"start":{"line":1004,"column":18},"end":{"line":1004,"column":62}},"type":"binary-expr","locations":[{"start":{"line":1004,"column":18},"end":{"line":1004,"column":56}},{"start":{"line":1004,"column":60},"end":{"line":1004,"column":62}}]},"112":{"loc":{"start":{"line":1011,"column":4},"end":{"line":1030,"column":5}},"type":"if","locations":[{"start":{"line":1011,"column":4},"end":{"line":1030,"column":5}},{"start":{"line":1028,"column":11},"end":{"line":1030,"column":5}}]},"113":{"loc":{"start":{"line":1011,"column":8},"end":{"line":1011,"column":56}},"type":"binary-expr","locations":[{"start":{"line":1011,"column":8},"end":{"line":1011,"column":20}},{"start":{"line":1011,"column":24},"end":{"line":1011,"column":37}},{"start":{"line":1011,"column":41},"end":{"line":1011,"column":56}}]},"114":{"loc":{"start":{"line":1022,"column":12},"end":{"line":1022,"column":60}},"type":"if","locations":[{"start":{"line":1022,"column":12},"end":{"line":1022,"column":60}}]},"115":{"loc":{"start":{"line":1046,"column":8},"end":{"line":1133,"column":9}},"type":"if","locations":[{"start":{"line":1046,"column":8},"end":{"line":1133,"column":9}}]},"116":{"loc":{"start":{"line":1051,"column":33},"end":{"line":1051,"column":77}},"type":"binary-expr","locations":[{"start":{"line":1051,"column":33},"end":{"line":1051,"column":71}},{"start":{"line":1051,"column":75},"end":{"line":1051,"column":77}}]},"117":{"loc":{"start":{"line":1073,"column":16},"end":{"line":1079,"column":17}},"type":"if","locations":[{"start":{"line":1073,"column":16},"end":{"line":1079,"column":17}},{"start":{"line":1076,"column":23},"end":{"line":1079,"column":17}}]},"118":{"loc":{"start":{"line":1088,"column":16},"end":{"line":1093,"column":17}},"type":"if","locations":[{"start":{"line":1088,"column":16},"end":{"line":1093,"column":17}},{"start":{"line":1091,"column":23},"end":{"line":1093,"column":17}}]},"119":{"loc":{"start":{"line":1112,"column":16},"end":{"line":1112,"column":68}},"type":"if","locations":[{"start":{"line":1112,"column":16},"end":{"line":1112,"column":68}}]},"120":{"loc":{"start":{"line":1114,"column":20},"end":{"line":1124,"column":21}},"type":"if","locations":[{"start":{"line":1114,"column":20},"end":{"line":1124,"column":21}}]},"121":{"loc":{"start":{"line":1114,"column":52},"end":{"line":1114,"column":96}},"type":"binary-expr","locations":[{"start":{"line":1114,"column":52},"end":{"line":1114,"column":90}},{"start":{"line":1114,"column":94},"end":{"line":1114,"column":96}}]},"122":{"loc":{"start":{"line":1117,"column":24},"end":{"line":1119,"column":25}},"type":"if","locations":[{"start":{"line":1117,"column":24},"end":{"line":1119,"column":25}}]},"123":{"loc":{"start":{"line":1128,"column":20},"end":{"line":1130,"column":21}},"type":"if","locations":[{"start":{"line":1128,"column":20},"end":{"line":1130,"column":21}}]},"124":{"loc":{"start":{"line":1137,"column":12},"end":{"line":1142,"column":13}},"type":"if","locations":[{"start":{"line":1137,"column":12},"end":{"line":1142,"column":13}},{"start":{"line":1140,"column":19},"end":{"line":1142,"column":13}}]},"125":{"loc":{"start":{"line":1156,"column":4},"end":{"line":1173,"column":5}},"type":"if","locations":[{"start":{"line":1156,"column":4},"end":{"line":1173,"column":5}}]},"126":{"loc":{"start":{"line":1156,"column":8},"end":{"line":1156,"column":50}},"type":"binary-expr","locations":[{"start":{"line":1156,"column":8},"end":{"line":1156,"column":21}},{"start":{"line":1156,"column":25},"end":{"line":1156,"column":38}},{"start":{"line":1156,"column":42},"end":{"line":1156,"column":50}}]},"127":{"loc":{"start":{"line":1194,"column":4},"end":{"line":1194,"column":31}},"type":"default-arg","locations":[{"start":{"line":1194,"column":29},"end":{"line":1194,"column":31}}]},"128":{"loc":{"start":{"line":1195,"column":4},"end":{"line":1195,"column":21}},"type":"default-arg","locations":[{"start":{"line":1195,"column":19},"end":{"line":1195,"column":21}}]},"129":{"loc":{"start":{"line":1196,"column":4},"end":{"line":1196,"column":21}},"type":"default-arg","locations":[{"start":{"line":1196,"column":19},"end":{"line":1196,"column":21}}]},"130":{"loc":{"start":{"line":1197,"column":4},"end":{"line":1197,"column":22}},"type":"default-arg","locations":[{"start":{"line":1197,"column":21},"end":{"line":1197,"column":22}}]},"131":{"loc":{"start":{"line":1217,"column":8},"end":{"line":1222,"column":9}},"type":"if","locations":[{"start":{"line":1217,"column":8},"end":{"line":1222,"column":9}}]},"132":{"loc":{"start":{"line":1241,"column":8},"end":{"line":1241,"column":70}},"type":"cond-expr","locations":[{"start":{"line":1241,"column":21},"end":{"line":1241,"column":23}},{"start":{"line":1241,"column":8},"end":{"line":1241,"column":70}}]},"133":{"loc":{"start":{"line":1241,"column":8},"end":{"line":1241,"column":23}},"type":"binary-expr","locations":[{"start":{"line":1241,"column":8},"end":{"line":1241,"column":23}},{"start":{"line":1241,"column":8},"end":{"line":1241,"column":23}}]},"134":{"loc":{"start":{"line":1243,"column":12},"end":{"line":1243,"column":53}},"type":"if","locations":[{"start":{"line":1243,"column":12},"end":{"line":1243,"column":53}}]},"135":{"loc":{"start":{"line":1245,"column":8},"end":{"line":1245,"column":67}},"type":"cond-expr","locations":[{"start":{"line":1245,"column":18},"end":{"line":1245,"column":20}},{"start":{"line":1245,"column":8},"end":{"line":1245,"column":67}}]},"136":{"loc":{"start":{"line":1245,"column":8},"end":{"line":1245,"column":20}},"type":"binary-expr","locations":[{"start":{"line":1245,"column":8},"end":{"line":1245,"column":20}},{"start":{"line":1245,"column":8},"end":{"line":1245,"column":20}}]},"137":{"loc":{"start":{"line":1248,"column":8},"end":{"line":1248,"column":59}},"type":"cond-expr","locations":[{"start":{"line":1248,"column":18},"end":{"line":1248,"column":20}},{"start":{"line":1248,"column":8},"end":{"line":1248,"column":59}}]},"138":{"loc":{"start":{"line":1248,"column":8},"end":{"line":1248,"column":20}},"type":"binary-expr","locations":[{"start":{"line":1248,"column":8},"end":{"line":1248,"column":20}},{"start":{"line":1248,"column":8},"end":{"line":1248,"column":20}}]},"139":{"loc":{"start":{"line":1249,"column":8},"end":{"line":1251,"column":10}},"type":"cond-expr","locations":[{"start":{"line":1249,"column":18},"end":{"line":1249,"column":20}},{"start":{"line":1249,"column":8},"end":{"line":1251,"column":10}}]},"140":{"loc":{"start":{"line":1249,"column":8},"end":{"line":1249,"column":20}},"type":"binary-expr","locations":[{"start":{"line":1249,"column":8},"end":{"line":1249,"column":20}},{"start":{"line":1249,"column":8},"end":{"line":1249,"column":20}}]},"141":{"loc":{"start":{"line":1263,"column":12},"end":{"line":1269,"column":13}},"type":"if","locations":[{"start":{"line":1263,"column":12},"end":{"line":1269,"column":13}},{"start":{"line":1266,"column":19},"end":{"line":1269,"column":13}}]},"142":{"loc":{"start":{"line":1263,"column":16},"end":{"line":1263,"column":69}},"type":"binary-expr","locations":[{"start":{"line":1263,"column":16},"end":{"line":1263,"column":34}},{"start":{"line":1263,"column":38},"end":{"line":1263,"column":69}}]},"143":{"loc":{"start":{"line":1264,"column":16},"end":{"line":1264,"column":55}},"type":"cond-expr","locations":[{"start":{"line":1264,"column":26},"end":{"line":1264,"column":28}},{"start":{"line":1264,"column":16},"end":{"line":1264,"column":55}}]},"144":{"loc":{"start":{"line":1264,"column":16},"end":{"line":1264,"column":28}},"type":"binary-expr","locations":[{"start":{"line":1264,"column":16},"end":{"line":1264,"column":28}},{"start":{"line":1264,"column":16},"end":{"line":1264,"column":28}}]},"145":{"loc":{"start":{"line":1265,"column":16},"end":{"line":1265,"column":60}},"type":"if","locations":[{"start":{"line":1265,"column":16},"end":{"line":1265,"column":60}}]},"146":{"loc":{"start":{"line":1267,"column":16},"end":{"line":1267,"column":52}},"type":"cond-expr","locations":[{"start":{"line":1267,"column":26},"end":{"line":1267,"column":28}},{"start":{"line":1267,"column":16},"end":{"line":1267,"column":52}}]},"147":{"loc":{"start":{"line":1267,"column":16},"end":{"line":1267,"column":28}},"type":"binary-expr","locations":[{"start":{"line":1267,"column":16},"end":{"line":1267,"column":28}},{"start":{"line":1267,"column":16},"end":{"line":1267,"column":28}}]},"148":{"loc":{"start":{"line":1268,"column":16},"end":{"line":1268,"column":59}},"type":"if","locations":[{"start":{"line":1268,"column":16},"end":{"line":1268,"column":59}}]},"149":{"loc":{"start":{"line":1273,"column":8},"end":{"line":1379,"column":9}},"type":"if","locations":[{"start":{"line":1273,"column":8},"end":{"line":1379,"column":9}}]},"150":{"loc":{"start":{"line":1291,"column":20},"end":{"line":1301,"column":21}},"type":"if","locations":[{"start":{"line":1291,"column":20},"end":{"line":1301,"column":21}}]},"151":{"loc":{"start":{"line":1291,"column":24},"end":{"line":1291,"column":69}},"type":"binary-expr","locations":[{"start":{"line":1291,"column":24},"end":{"line":1291,"column":36}},{"start":{"line":1291,"column":40},"end":{"line":1291,"column":69}}]},"152":{"loc":{"start":{"line":1315,"column":20},"end":{"line":1317,"column":21}},"type":"if","locations":[{"start":{"line":1315,"column":20},"end":{"line":1317,"column":21}}]},"153":{"loc":{"start":{"line":1315,"column":24},"end":{"line":1315,"column":45}},"type":"binary-expr","locations":[{"start":{"line":1315,"column":24},"end":{"line":1315,"column":31}},{"start":{"line":1315,"column":35},"end":{"line":1315,"column":45}}]},"154":{"loc":{"start":{"line":1320,"column":20},"end":{"line":1373,"column":21}},"type":"if","locations":[{"start":{"line":1320,"column":20},"end":{"line":1373,"column":21}},{"start":{"line":1323,"column":27},"end":{"line":1373,"column":21}}]},"155":{"loc":{"start":{"line":1320,"column":24},"end":{"line":1320,"column":73}},"type":"binary-expr","locations":[{"start":{"line":1320,"column":24},"end":{"line":1320,"column":38}},{"start":{"line":1320,"column":42},"end":{"line":1320,"column":73}}]},"156":{"loc":{"start":{"line":1328,"column":47},"end":{"line":1328,"column":68}},"type":"binary-expr","locations":[{"start":{"line":1328,"column":47},"end":{"line":1328,"column":54}},{"start":{"line":1328,"column":58},"end":{"line":1328,"column":68}}]},"157":{"loc":{"start":{"line":1331,"column":28},"end":{"line":1369,"column":29}},"type":"if","locations":[{"start":{"line":1331,"column":28},"end":{"line":1369,"column":29}},{"start":{"line":1335,"column":35},"end":{"line":1369,"column":29}}]},"158":{"loc":{"start":{"line":1337,"column":32},"end":{"line":1340,"column":33}},"type":"if","locations":[{"start":{"line":1337,"column":32},"end":{"line":1340,"column":33}}]},"159":{"loc":{"start":{"line":1353,"column":32},"end":{"line":1364,"column":33}},"type":"if","locations":[{"start":{"line":1353,"column":32},"end":{"line":1364,"column":33}},{"start":{"line":1358,"column":39},"end":{"line":1364,"column":33}}]},"160":{"loc":{"start":{"line":1354,"column":36},"end":{"line":1357,"column":37}},"type":"if","locations":[{"start":{"line":1354,"column":36},"end":{"line":1357,"column":37}}]},"161":{"loc":{"start":{"line":1359,"column":36},"end":{"line":1362,"column":37}},"type":"if","locations":[{"start":{"line":1359,"column":36},"end":{"line":1362,"column":37}}]}},"s":{"0":1,"1":1,"2":1,"3":1,"4":1,"5":1,"6":1,"7":1,"8":1,"9":1,"10":1,"11":1,"12":1,"13":0,"14":0,"15":0,"16":0,"17":0,"18":0,"19":0,"20":0,"21":0,"22":0,"23":0,"24":0,"25":0,"26":0,"27":0,"28":0,"29":0,"30":0,"31":0,"32":0,"33":0,"34":0,"35":0,"36":0,"37":0,"38":0,"39":0,"40":0,"41":0,"42":0,"43":0,"44":0,"45":0,"46":0,"47":0,"48":0,"49":0,"50":0,"51":0,"52":0,"53":0,"54":0,"55":0,"56":0,"57":0,"58":0,"59":0,"60":0,"61":0,"62":0,"63":0,"64":0,"65":0,"66":0,"67":0,"68":0,"69":0,"70":0,"71":0,"72":0,"73":0,"74":0,"75":0,"76":0,"77":0,"78":0,"79":0,"80":0,"81":0,"82":0,"83":0,"84":0,"85":0,"86":0,"87":0,"88":0,"89":0,"90":0,"91":0,"92":0,"93":0,"94":0,"95":0,"96":0,"97":0,"98":0,"99":0,"100":0,"101":0,"102":0,"103":0,"104":0,"105":0,"106":0,"107":0,"108":0,"109":0,"110":0,"111":0,"112":0,"113":0,"114":0,"115":0,"116":0,"117":0,"118":0,"119":0,"120":0,"121":0,"122":0,"123":0,"124":0,"125":0,"126":0,"127":0,"128":0,"129":0,"130":0,"131":0,"132":0,"133":0,"134":0,"135":0,"136":0,"137":0,"138":0,"139":0,"140":0,"141":0,"142":0,"143":0,"144":0,"145":0,"146":0,"147":0,"148":0,"149":0,"150":0,"151":0,"152":0,"153":0,"154":0,"155":0,"156":0,"157":0,"158":0,"159":0,"160":0,"161":0,"162":0,"163":0,"164":0,"165":0,"166":0,"167":0,"168":0,"169":0,"170":0,"171":0,"172":0,"173":0,"174":0,"175":0,"176":0,"177":0,"178":0,"179":0,"180":0,"181":0,"182":0,"183":0,"184":0,"185":0,"186":0,"187":0,"188":0,"189":0,"190":0,"191":0,"192":0,"193":0,"194":0,"195":0,"196":0,"197":0,"198":0,"199":0,"200":0,"201":0,"202":0,"203":0,"204":0,"205":0,"206":0,"207":0,"208":0,"209":0,"210":0,"211":0,"212":0,"213":0,"214":0,"215":0,"216":0,"217":0,"218":0,"219":0,"220":0,"221":0,"222":1,"223":1,"224":1,"225":1,"226":1,"227":1,"228":1,"229":1,"230":1,"231":1,"232":1,"233":1,"234":1,"235":1,"236":1,"237":1,"238":1,"239":1,"240":1,"241":0,"242":1,"243":1,"244":0,"245":0,"246":0,"247":0,"248":0,"249":0,"250":0,"251":0,"252":0,"253":0,"254":0,"255":0,"256":0,"257":0,"258":0,"259":0,"260":0,"261":0,"262":0,"263":0,"264":0,"265":0,"266":0,"267":0,"268":1,"269":0,"270":1,"271":0,"272":0,"273":0,"274":0,"275":0,"276":0,"277":0,"278":0,"279":0,"280":0,"281":0,"282":0,"283":0,"284":0,"285":0,"286":0,"287":0,"288":0,"289":0,"290":0,"291":0,"292":0,"293":0,"294":0,"295":0,"296":0,"297":0,"298":0,"299":0,"300":0,"301":0,"302":0,"303":0,"304":0,"305":0,"306":0,"307":0,"308":0,"309":0,"310":0,"311":0,"312":0,"313":0,"314":0,"315":0,"316":0,"317":0,"318":0,"319":0,"320":0,"321":0,"322":0,"323":0,"324":0,"325":0,"326":0,"327":0,"328":0,"329":0,"330":0,"331":0,"332":0,"333":0,"334":0,"335":0,"336":0,"337":0,"338":0,"339":0,"340":0,"341":0,"342":1,"343":0,"344":0,"345":0,"346":0,"347":0,"348":0,"349":0,"350":0,"351":0,"352":0,"353":0,"354":0,"355":0,"356":0,"357":0,"358":0,"359":0,"360":0,"361":0,"362":0,"363":0,"364":0,"365":0,"366":0,"367":0,"368":0,"369":0,"370":0,"371":0,"372":0,"373":0,"374":0,"375":0,"376":0,"377":0,"378":0,"379":0,"380":0,"381":0,"382":0,"383":0,"384":0,"385":0,"386":0,"387":0,"388":0,"389":0,"390":0,"391":0,"392":0,"393":0,"394":0,"395":0,"396":0,"397":0,"398":0,"399":0,"400":0,"401":0,"402":0,"403":0,"404":0,"405":0,"406":0,"407":0,"408":0,"409":0,"410":0,"411":0,"412":0,"413":0,"414":0,"415":0,"416":0,"417":0,"418":0,"419":0,"420":0,"421":0,"422":0,"423":0,"424":0,"425":0,"426":0,"427":0,"428":0,"429":0,"430":0,"431":0,"432":0,"433":0,"434":0,"435":0,"436":0,"437":0,"438":0,"439":0,"440":0,"441":0,"442":0,"443":0,"444":0,"445":0,"446":0,"447":0,"448":0,"449":0,"450":0,"451":0,"452":0,"453":0,"454":0,"455":0,"456":0,"457":0,"458":0,"459":0,"460":0,"461":0,"462":0,"463":0,"464":0,"465":0,"466":0,"467":0,"468":0,"469":0,"470":0,"471":0,"472":0,"473":0,"474":0,"475":0,"476":0,"477":0,"478":0,"479":0,"480":0,"481":0,"482":0,"483":0,"484":0,"485":0,"486":0,"487":0,"488":0,"489":0,"490":0,"491":0,"492":0,"493":0,"494":0,"495":0,"496":0,"497":0,"498":0,"499":0,"500":0,"501":0,"502":0,"503":0,"504":0,"505":0,"506":0,"507":0,"508":0,"509":0,"510":0,"511":0,"512":0,"513":0,"514":0,"515":0,"516":0,"517":0,"518":0,"519":0,"520":0,"521":0,"522":0,"523":0,"524":0,"525":0,"526":0,"527":0,"528":0,"529":0,"530":0,"531":0,"532":0,"533":0,"534":0,"535":0,"536":0,"537":0,"538":0,"539":0,"540":0,"541":0,"542":0,"543":0,"544":0,"545":0,"546":0,"547":0,"548":0,"549":0,"550":0,"551":0,"552":0,"553":0,"554":0,"555":0,"556":0,"557":0,"558":0,"559":0,"560":0,"561":0,"562":0,"563":0,"564":0,"565":0,"566":0,"567":0,"568":0,"569":0,"570":0,"571":0,"572":0,"573":0,"574":0,"575":0,"576":0,"577":0,"578":0,"579":0,"580":0,"581":0,"582":0,"583":0,"584":0,"585":0,"586":0,"587":0,"588":0,"589":0,"590":0,"591":0,"592":0,"593":0,"594":0,"595":0,"596":0,"597":0,"598":0,"599":0,"600":0,"601":0,"602":0,"603":0,"604":0,"605":0,"606":0,"607":0,"608":0,"609":0,"610":0,"611":0,"612":0,"613":0,"614":0,"615":0,"616":0,"617":0,"618":0,"619":0,"620":0,"621":0,"622":0,"623":0,"624":0,"625":0,"626":0,"627":0,"628":0,"629":0,"630":0,"631":0,"632":0,"633":0,"634":0,"635":0,"636":0,"637":0,"638":0,"639":0,"640":0,"641":0,"642":0,"643":0,"644":0,"645":0,"646":0,"647":0,"648":0,"649":0,"650":0,"651":0,"652":0,"653":0,"654":0,"655":0},"f":{"0":0,"1":0,"2":0,"3":0,"4":0,"5":0,"6":0,"7":0,"8":0,"9":0,"10":0,"11":0,"12":0,"13":0,"14":0,"15":0,"16":0,"17":0,"18":0,"19":0,"20":0,"21":0,"22":0,"23":0,"24":0,"25":0,"26":0,"27":1,"28":1,"29":0,"30":0,"31":0,"32":0,"33":0,"34":0,"35":0,"36":0,"37":0,"38":0,"39":0,"40":0,"41":0,"42":0,"43":0,"44":0,"45":0,"46":0,"47":0,"48":0,"49":0,"50":0,"51":0,"52":0,"53":0,"54":0,"55":0,"56":0,"57":0,"58":0,"59":0,"60":0,"61":0,"62":0,"63":0,"64":0,"65":0,"66":0,"67":0,"68":0,"69":0,"70":0,"71":0,"72":0,"73":0,"74":0,"75":0,"76":0,"77":0,"78":0,"79":0,"80":0,"81":0,"82":0,"83":0,"84":0,"85":0,"86":0,"87":0},"b":{"0":[0],"1":[0],"2":[0,0],"3":[0],"4":[0,0],"5":[0],"6":[0,0],"7":[0,0],"8":[0,0],"9":[0,0],"10":[0,0],"11":[0,0],"12":[0,0],"13":[0],"14":[0],"15":[0],"16":[0],"17":[0,0],"18":[0,0],"19":[0,0],"20":[0,0],"21":[0],"22":[0,0],"23":[0],"24":[0],"25":[0],"26":[0,0],"27":[0,0],"28":[0,0],"29":[0,0],"30":[0,0],"31":[0,0,0],"32":[0,0],"33":[0],"34":[0],"35":[0],"36":[0,0],"37":[0,0,0],"38":[0],"39":[0,0],"40":[0,0],"41":[0,0],"42":[0],"43":[0,0],"44":[0,0],"45":[0,0],"46":[0,0],"47":[0],"48":[0,0],"49":[0],"50":[0,0],"51":[0,0],"52":[0,0],"53":[0],"54":[0],"55":[0],"56":[1],"57":[1,0],"58":[1,0],"59":[0,0],"60":[0,0],"61":[0,0],"62":[0,0],"63":[0,0],"64":[0,0],"65":[0,0],"66":[0,0],"67":[0,0],"68":[0,0],"69":[0,0],"70":[0,0],"71":[0,0],"72":[0,0],"73":[0,0],"74":[0,0],"75":[0,0],"76":[0,0],"77":[0,0],"78":[0],"79":[0],"80":[0,0],"81":[0,0],"82":[0,0],"83":[0,0],"84":[0,0],"85":[0],"86":[0],"87":[0,0,0],"88":[0,0],"89":[0,0],"90":[0,0],"91":[0,0],"92":[0,0],"93":[0,0],"94":[0,0],"95":[0],"96":[0,0],"97":[0,0],"98":[0,0,0],"99":[0],"100":[0,0],"101":[0,0],"102":[0,0,0,0],"103":[0,0],"104":[0,0,0],"105":[0,0],"106":[0,0],"107":[0],"108":[0],"109":[0],"110":[0,0],"111":[0,0],"112":[0,0],"113":[0,0,0],"114":[0],"115":[0],"116":[0,0],"117":[0,0],"118":[0,0],"119":[0],"120":[0],"121":[0,0],"122":[0],"123":[0],"124":[0,0],"125":[0],"126":[0,0,0],"127":[0],"128":[0],"129":[0],"130":[0],"131":[0],"132":[0,0],"133":[0,0],"134":[0],"135":[0,0],"136":[0,0],"137":[0,0],"138":[0,0],"139":[0,0],"140":[0,0],"141":[0,0],"142":[0,0],"143":[0,0],"144":[0,0],"145":[0],"146":[0,0],"147":[0,0],"148":[0],"149":[0],"150":[0],"151":[0,0],"152":[0],"153":[0,0],"154":[0,0],"155":[0,0],"156":[0,0],"157":[0,0],"158":[0],"159":[0,0],"160":[0],"161":[0]}}
}
