TN:
SF:src/Global.ts
FN:47,(anonymous_16)
FN:47,(anonymous_17)
FN:47,(anonymous_18)
FN:48,(anonymous_19)
FN:48,(anonymous_20)
FN:48,(anonymous_21)
FN:49,(anonymous_22)
FN:49,(anonymous_23)
FN:49,(anonymous_24)
FN:50,(anonymous_25)
FN:50,(anonymous_26)
FN:50,(anonymous_27)
FN:51,(anonymous_28)
FN:51,(anonymous_29)
FN:51,(anonymous_30)
FN:52,(anonymous_31)
FN:52,(anonymous_32)
FN:52,(anonymous_33)
FN:53,(anonymous_34)
FN:53,(anonymous_35)
FN:53,(anonymous_36)
FN:54,(anonymous_37)
FN:54,(anonymous_38)
FN:54,(anonymous_39)
FN:55,(anonymous_40)
FN:55,(anonymous_41)
FN:55,(anonymous_42)
FN:56,(anonymous_43)
FN:56,(anonymous_44)
FN:56,(anonymous_45)
FN:64,handleApiError
FN:113,(anonymous_47)
FN:113,(anonymous_48)
FN:114,(anonymous_49)
FN:114,(anonymous_50)
FN:135,(anonymous_51)
FN:135,(anonymous_52)
FNF:37
FNH:0
FNDA:0,(anonymous_16)
FNDA:0,(anonymous_17)
FNDA:0,(anonymous_18)
FNDA:0,(anonymous_19)
FNDA:0,(anonymous_20)
FNDA:0,(anonymous_21)
FNDA:0,(anonymous_22)
FNDA:0,(anonymous_23)
FNDA:0,(anonymous_24)
FNDA:0,(anonymous_25)
FNDA:0,(anonymous_26)
FNDA:0,(anonymous_27)
FNDA:0,(anonymous_28)
FNDA:0,(anonymous_29)
FNDA:0,(anonymous_30)
FNDA:0,(anonymous_31)
FNDA:0,(anonymous_32)
FNDA:0,(anonymous_33)
FNDA:0,(anonymous_34)
FNDA:0,(anonymous_35)
FNDA:0,(anonymous_36)
FNDA:0,(anonymous_37)
FNDA:0,(anonymous_38)
FNDA:0,(anonymous_39)
FNDA:0,(anonymous_40)
FNDA:0,(anonymous_41)
FNDA:0,(anonymous_42)
FNDA:0,(anonymous_43)
FNDA:0,(anonymous_44)
FNDA:0,(anonymous_45)
FNDA:0,handleApiError
FNDA:0,(anonymous_47)
FNDA:0,(anonymous_48)
FNDA:0,(anonymous_49)
FNDA:0,(anonymous_50)
FNDA:0,(anonymous_51)
FNDA:0,(anonymous_52)
DA:1,1
DA:2,1
DA:3,1
DA:19,1
DA:20,1
DA:25,1
DA:39,1
DA:46,1
DA:47,0
DA:48,0
DA:49,0
DA:50,0
DA:51,0
DA:52,0
DA:53,0
DA:54,0
DA:55,0
DA:56,0
DA:62,1
DA:64,1
DA:65,0
DA:67,0
DA:68,0
DA:70,0
DA:72,0
DA:74,0
DA:75,0
DA:77,0
DA:78,0
DA:80,0
DA:81,0
DA:83,0
DA:86,0
DA:87,0
DA:90,0
DA:93,0
DA:94,0
DA:95,0
DA:98,0
DA:101,0
DA:104,0
DA:112,1
DA:113,1
DA:114,1
DA:116,0
DA:119,0
DA:120,0
DA:121,0
DA:122,0
DA:123,0
DA:126,0
DA:127,0
DA:130,0
DA:132,0
DA:135,0
DA:136,0
DA:137,0
DA:138,0
DA:139,0
DA:141,0
DA:142,0
DA:146,0
DA:147,0
DA:148,0
DA:150,0
DA:153,0
DA:159,1
DA:160,1
DA:161,0
DA:162,0
LF:70
LH:15
BRDA:19,0,0,0
BRDA:19,0,1,1
BRDA:25,1,0,1
BRDA:67,2,0,0
BRDA:67,2,1,0
BRDA:68,3,0,0
BRDA:68,3,1,0
BRDA:68,3,2,0
BRDA:68,3,3,0
BRDA:68,3,4,0
BRDA:74,4,0,0
BRDA:81,5,0,0
BRDA:81,5,1,0
BRDA:86,6,0,0
BRDA:86,7,0,0
BRDA:86,7,1,0
BRDA:120,8,0,0
BRDA:132,9,0,0
BRDA:132,9,1,0
BRDA:132,10,0,0
BRDA:132,10,1,0
BRDA:139,11,0,0
BRDA:142,12,0,0
BRDA:146,13,0,0
BRDA:146,13,1,0
BRDA:160,14,0,0
BRDA:160,15,0,1
BRDA:160,15,1,0
BRF:28
BRH:3
end_of_record
TN:
SF:src/Helpers.ts
FN:4,getCookie
FN:11,setCookie
FN:18,deleteCookie
FN:25,extraireMoisLettre
FN:38,creerDateLocale
FN:45,ajouterJours
FN:54,dateProchainMardi
FN:68,datePrecedentMercredi
FN:81,dateProchainMercredi
FN:92,formatDateJJMM
FN:100,parseLocalDate
FN:106,formatDateJJMMStr
FN:132,formatDateLocalYYYYMMDD
FN:150,isDifferenceGreaterThanHours
FN:168,isUUID
FN:178,validateEmail
FN:192,imageFilm
FN:199,syncTableColumnWidths
FN:212,(anonymous_18)
FN:218,isPasswordValid
FN:236,validateObjectShape
FN:265,sanitizeFilm
FN:292,sanitizeSeance
FN:326,sanitizeCinema
FN:345,sanitizeTarifQualite
FNF:25
FNH:1
FNDA:0,getCookie
FNDA:0,setCookie
FNDA:0,deleteCookie
FNDA:1,extraireMoisLettre
FNDA:0,creerDateLocale
FNDA:0,ajouterJours
FNDA:0,dateProchainMardi
FNDA:0,datePrecedentMercredi
FNDA:0,dateProchainMercredi
FNDA:0,formatDateJJMM
FNDA:0,parseLocalDate
FNDA:0,formatDateJJMMStr
FNDA:0,formatDateLocalYYYYMMDD
FNDA:0,isDifferenceGreaterThanHours
FNDA:0,isUUID
FNDA:0,validateEmail
FNDA:0,imageFilm
FNDA:0,syncTableColumnWidths
FNDA:0,(anonymous_18)
FNDA:0,isPasswordValid
FNDA:0,validateObjectShape
FNDA:0,sanitizeFilm
FNDA:0,sanitizeSeance
FNDA:0,sanitizeCinema
FNDA:0,sanitizeTarifQualite
DA:1,1
DA:2,1
DA:4,1
DA:5,0
DA:6,0
DA:7,0
DA:11,1
DA:12,0
DA:13,0
DA:14,0
DA:18,1
DA:19,0
DA:25,1
DA:28,1
DA:29,1
DA:31,1
DA:38,1
DA:39,0
DA:45,1
DA:46,0
DA:47,0
DA:48,0
DA:54,1
DA:55,0
DA:57,0
DA:58,0
DA:59,0
DA:60,0
DA:68,1
DA:69,0
DA:70,0
DA:71,0
DA:72,0
DA:73,0
DA:81,1
DA:82,0
DA:83,0
DA:84,0
DA:85,0
DA:86,0
DA:92,1
DA:94,0
DA:95,0
DA:97,0
DA:100,1
DA:101,0
DA:102,0
DA:103,0
DA:106,1
DA:107,0
DA:108,0
DA:109,0
DA:112,1
DA:132,1
DA:133,0
DA:134,0
DA:135,0
DA:137,0
DA:138,0
DA:140,0
DA:150,1
DA:152,0
DA:153,0
DA:156,0
DA:159,0
DA:162,0
DA:168,1
DA:169,0
DA:170,0
DA:178,1
DA:179,0
DA:180,0
DA:192,1
DA:193,0
DA:194,0
DA:195,0
DA:196,0
DA:199,1
DA:200,0
DA:201,0
DA:203,0
DA:205,0
DA:206,0
DA:207,0
DA:208,0
DA:210,0
DA:212,0
DA:213,0
DA:214,0
DA:218,1
DA:219,0
DA:220,0
DA:221,0
DA:222,0
DA:223,0
DA:225,0
DA:236,1
DA:237,0
DA:239,0
DA:240,0
DA:241,0
DA:243,0
DA:244,0
DA:245,0
DA:246,0
DA:248,0
DA:251,0
DA:252,0
DA:253,0
DA:254,0
DA:258,0
DA:265,1
DA:266,0
DA:284,0
DA:285,0
DA:292,1
DA:293,0
DA:318,0
DA:319,0
DA:326,1
DA:327,0
DA:337,0
DA:338,0
DA:345,1
DA:346,0
DA:352,0
DA:353,0
LF:127
LH:30
BRDA:7,0,0,0
BRDA:7,1,0,0
BRDA:7,1,1,0
BRDA:7,2,0,0
BRDA:7,2,1,0
BRDA:31,3,0,1
BRDA:31,3,1,0
BRDA:68,4,0,0
BRDA:71,5,0,0
BRDA:71,5,1,0
BRDA:81,6,0,0
BRDA:84,7,0,0
BRDA:84,7,1,0
BRDA:94,8,0,0
BRDA:94,8,1,0
BRDA:95,9,0,0
BRDA:95,9,1,0
BRDA:137,10,0,0
BRDA:137,10,1,0
BRDA:138,11,0,0
BRDA:138,11,1,0
BRDA:196,12,0,0
BRDA:196,12,1,0
BRDA:203,13,0,0
BRDA:203,14,0,0
BRDA:203,14,1,0
BRDA:206,15,0,0
BRDA:206,15,1,0
BRDA:226,16,0,0
BRDA:226,16,1,0
BRDA:226,16,2,0
BRDA:226,16,3,0
BRDA:226,16,4,0
BRDA:237,17,0,0
BRDA:237,18,0,0
BRDA:237,18,1,0
BRDA:243,19,0,0
BRDA:243,20,0,0
BRDA:243,20,1,0
BRDA:244,21,0,0
BRDA:252,22,0,0
BRDA:284,23,0,0
BRDA:318,24,0,0
BRDA:337,25,0,0
BRDA:352,26,0,0
BRF:45
BRH:1
end_of_record
TN:
SF:src/Login.ts
FN:48,login
FN:48,(anonymous_8)
FN:65,(anonymous_9)
FN:79,(anonymous_10)
FN:89,(anonymous_11)
FN:89,(anonymous_12)
FN:90,(anonymous_13)
FN:90,(anonymous_14)
FN:100,(anonymous_15)
FN:100,(anonymous_16)
FN:101,(anonymous_17)
FN:101,(anonymous_18)
FN:135,areAllFieldsFilled
FN:145,validateForm
FN:185,(anonymous_21)
FN:200,(anonymous_22)
FN:200,(anonymous_23)
FN:201,(anonymous_24)
FN:201,(anonymous_25)
FN:258,showReinitModal
FN:283,(anonymous_27)
FN:287,(anonymous_28)
FN:291,(anonymous_29)
FN:291,(anonymous_30)
FN:292,(anonymous_31)
FN:292,(anonymous_32)
FN:302,showNewPasswordModal
FN:347,(anonymous_34)
FN:351,(anonymous_35)
FN:356,checkForm
FN:386,(anonymous_37)
FN:386,(anonymous_38)
FN:387,(anonymous_39)
FN:387,(anonymous_40)
FN:394,(anonymous_41)
FN:394,(anonymous_42)
FN:414,validateChange
FN:419,logout
FNF:38
FNH:0
FNDA:0,login
FNDA:0,(anonymous_8)
FNDA:0,(anonymous_9)
FNDA:0,(anonymous_10)
FNDA:0,(anonymous_11)
FNDA:0,(anonymous_12)
FNDA:0,(anonymous_13)
FNDA:0,(anonymous_14)
FNDA:0,(anonymous_15)
FNDA:0,(anonymous_16)
FNDA:0,(anonymous_17)
FNDA:0,(anonymous_18)
FNDA:0,areAllFieldsFilled
FNDA:0,validateForm
FNDA:0,(anonymous_21)
FNDA:0,(anonymous_22)
FNDA:0,(anonymous_23)
FNDA:0,(anonymous_24)
FNDA:0,(anonymous_25)
FNDA:0,showReinitModal
FNDA:0,(anonymous_27)
FNDA:0,(anonymous_28)
FNDA:0,(anonymous_29)
FNDA:0,(anonymous_30)
FNDA:0,(anonymous_31)
FNDA:0,(anonymous_32)
FNDA:0,showNewPasswordModal
FNDA:0,(anonymous_34)
FNDA:0,(anonymous_35)
FNDA:0,checkForm
FNDA:0,(anonymous_37)
FNDA:0,(anonymous_38)
FNDA:0,(anonymous_39)
FNDA:0,(anonymous_40)
FNDA:0,(anonymous_41)
FNDA:0,(anonymous_42)
FNDA:0,validateChange
FNDA:0,logout
DA:1,1
DA:2,1
DA:3,1
DA:4,1
DA:5,1
DA:6,1
DA:9,1
DA:48,1
DA:50,0
DA:51,0
DA:52,0
DA:53,0
DA:54,0
DA:55,0
DA:57,0
DA:58,0
DA:59,0
DA:62,0
DA:65,0
DA:66,0
DA:69,0
DA:70,0
DA:72,0
DA:73,0
DA:74,0
DA:77,0
DA:79,0
DA:80,0
DA:83,0
DA:84,0
DA:88,0
DA:89,0
DA:90,0
DA:91,0
DA:92,0
DA:94,0
DA:99,0
DA:100,0
DA:101,0
DA:102,0
DA:103,0
DA:104,0
DA:105,0
DA:106,0
DA:107,0
DA:110,0
DA:111,0
DA:116,0
DA:117,0
DA:118,0
DA:119,0
DA:120,0
DA:124,0
DA:125,0
DA:126,0
DA:129,0
DA:136,0
DA:146,0
DA:147,0
DA:148,0
DA:150,0
DA:151,0
DA:152,0
DA:154,0
DA:155,0
DA:157,0
DA:158,0
DA:160,0
DA:161,0
DA:165,0
DA:166,0
DA:167,0
DA:169,0
DA:170,0
DA:171,0
DA:176,0
DA:179,0
DA:182,0
DA:185,0
DA:186,0
DA:187,0
DA:188,0
DA:190,0
DA:195,0
DA:196,0
DA:199,0
DA:200,0
DA:201,0
DA:202,0
DA:203,0
DA:205,0
DA:207,0
DA:208,0
DA:209,0
DA:210,0
DA:212,0
DA:213,0
DA:214,0
DA:215,0
DA:216,0
DA:218,0
DA:219,0
DA:220,0
DA:221,0
DA:225,0
DA:227,0
DA:228,0
DA:229,0
DA:231,0
DA:233,0
DA:234,0
DA:236,0
DA:237,0
DA:239,0
DA:240,0
DA:242,0
DA:245,0
DA:246,0
DA:247,0
DA:248,0
DA:254,0
DA:259,0
DA:273,0
DA:274,0
DA:275,0
DA:277,0
DA:278,0
DA:280,0
DA:281,0
DA:283,0
DA:284,0
DA:286,0
DA:287,0
DA:288,0
DA:291,0
DA:292,0
DA:294,0
DA:296,0
DA:297,0
DA:303,0
DA:333,0
DA:334,0
DA:335,0
DA:337,0
DA:338,0
DA:340,0
DA:341,0
DA:342,0
DA:343,0
DA:344,0
DA:345,0
DA:347,0
DA:348,0
DA:350,0
DA:351,0
DA:352,0
DA:357,0
DA:359,0
DA:360,0
DA:361,0
DA:364,0
DA:367,0
DA:368,0
DA:370,0
DA:371,0
DA:372,0
DA:374,0
DA:375,0
DA:379,0
DA:380,0
DA:381,0
DA:383,0
DA:384,0
DA:386,0
DA:387,0
DA:388,0
DA:389,0
DA:390,0
DA:391,0
DA:394,0
DA:395,0
DA:397,0
DA:398,0
DA:401,0
DA:402,0
DA:403,0
DA:404,0
DA:406,0
DA:415,0
DA:416,0
DA:419,1
DA:420,0
DA:423,0
DA:424,0
DA:425,0
DA:427,0
LF:196
LH:9
BRDA:48,0,0,0
BRDA:48,1,0,0
BRDA:51,2,0,0
BRDA:57,3,0,0
BRDA:77,4,0,0
BRDA:77,4,1,0
BRDA:77,5,0,0
BRDA:77,5,1,0
BRDA:80,6,0,0
BRDA:83,7,0,0
BRDA:88,8,0,0
BRDA:99,9,0,0
BRDA:105,10,0,0
BRDA:105,11,0,0
BRDA:105,11,1,0
BRDA:124,12,0,0
BRDA:124,12,1,0
BRDA:137,13,0,0
BRDA:137,13,1,0
BRDA:148,14,0,0
BRDA:148,15,0,0
BRDA:148,15,1,0
BRDA:150,16,0,0
BRDA:150,16,1,0
BRDA:165,17,0,0
BRDA:165,17,1,0
BRDA:165,18,0,0
BRDA:165,18,1,0
BRDA:176,19,0,0
BRDA:176,20,0,0
BRDA:176,20,1,0
BRDA:186,21,0,0
BRDA:186,21,1,0
BRDA:199,22,0,0
BRDA:205,23,0,0
BRDA:205,23,1,0
BRDA:210,24,0,0
BRDA:229,25,0,0
BRDA:278,26,0,0
BRDA:284,27,0,0
BRDA:286,28,0,0
BRDA:286,28,1,0
BRDA:286,29,0,0
BRDA:286,29,1,0
BRDA:287,30,0,0
BRDA:287,30,1,0
BRDA:287,31,0,0
BRDA:287,31,1,0
BRDA:288,32,0,0
BRDA:291,33,0,0
BRDA:291,33,1,0
BRDA:291,34,0,0
BRDA:291,34,1,0
BRDA:292,35,0,0
BRDA:292,35,1,0
BRDA:292,36,0,0
BRDA:292,36,1,0
BRDA:338,37,0,0
BRDA:348,38,0,0
BRDA:350,39,0,0
BRDA:350,39,1,0
BRDA:350,40,0,0
BRDA:350,40,1,0
BRDA:351,41,0,0
BRDA:351,41,1,0
BRDA:351,42,0,0
BRDA:351,42,1,0
BRDA:352,43,0,0
BRDA:357,44,0,0
BRDA:357,45,0,0
BRDA:357,45,1,0
BRDA:357,45,2,0
BRDA:357,45,3,0
BRDA:370,46,0,0
BRDA:370,46,1,0
BRDA:370,47,0,0
BRDA:370,47,1,0
BRDA:370,47,2,0
BRDA:379,48,0,0
BRDA:379,48,1,0
BRDA:379,49,0,0
BRDA:379,49,1,0
BRDA:380,50,0,0
BRDA:380,50,1,0
BRDA:380,51,0,0
BRDA:380,51,1,0
BRDA:381,52,0,0
BRDA:381,52,1,0
BRDA:381,53,0,0
BRDA:381,53,1,0
BRDA:386,54,0,0
BRDA:386,54,1,0
BRDA:386,55,0,0
BRDA:386,55,1,0
BRDA:387,56,0,0
BRDA:387,56,1,0
BRDA:387,57,0,0
BRDA:387,57,1,0
BRDA:394,58,0,0
BRDA:394,58,1,0
BRDA:394,59,0,0
BRDA:394,59,1,0
BRDA:395,60,0,0
BRDA:395,61,0,0
BRDA:395,61,1,0
BRDA:402,62,0,0
BRDA:402,62,1,0
BRF:107
BRH:0
end_of_record
TN:
SF:src/NetworkController.ts
FN:22,apiRequest
FN:23,(anonymous_8)
FN:115,refreshAccessToken
FN:145,loginApi
FN:170,logoutApi
FN:190,setReservationApi
FN:240,confirmUtilisateurApi
FN:266,confirmCompteApi
FN:289,confirmReserveApi
FN:308,setStateReservationApi
FN:325,setEvaluationReservationApi
FN:346,cancelReserveApi
FN:367,profilApi
FN:378,(anonymous_31)
FN:389,getReservationApi
FN:399,(anonymous_34)
FN:410,getSeatsBookedApi
FN:425,getSeancesByIdApi
FN:442,getPlacesReservationApi
FN:452,(anonymous_41)
FN:459,isLogged
FN:468,getReservationForUtilisateur
FN:479,(anonymous_46)
FN:484,sendMailApi
FN:499,getReservationQRCodeApi
FN:522,askResetPwdApi
FN:536,resetPwdApi
FN:555,filmsCreateApi
FN:572,filmsSelectApi
FN:589,filmsUpdateApi
FN:605,filmsDeleteApi
FN:620,filmsSelectAllApi
FN:635,createAfficheApi
FN:658,getAfficheApi
FN:670,getAllAffichesApi
FN:682,updateAfficheApi
FN:704,deleteAfficheApi
FN:720,sallesCreateApi
FN:737,sallesSelectApi
FN:753,sallesSelectCinemaApi
FN:770,sallesUpdateApi
FN:786,sallesDeleteApi
FN:801,sallesSelectAllApi
FN:818,seancesseulesCreateApi
FN:835,seancesseulesSelectApi
FN:852,seancesseulesUpdateApi
FN:868,seancesseulesDeleteApi
FN:883,seancesseulesSelectAllApi
FN:901,seancesDisplayByCinemaApi
FN:902,(anonymous_99)
FN:920,reservationsByCinemaApi
FN:921,(anonymous_102)
FN:940,reservationAvisUpdateApi
FN:956,employesSelectAllApi
FN:973,getEmployeByMatriculeApi
FN:989,employeCreateApi
FN:989,(anonymous_110)
FN:1021,employeUpdateApi
FN:1054,employeDeleteApi
FN:1069,getReservationStatsApi
FN:1085,getVersionApi
FNF:61
FNH:4
FNDA:2,apiRequest
FNDA:2,(anonymous_8)
FNDA:0,refreshAccessToken
FNDA:0,loginApi
FNDA:0,logoutApi
FNDA:0,setReservationApi
FNDA:0,confirmUtilisateurApi
FNDA:0,confirmCompteApi
FNDA:0,confirmReserveApi
FNDA:0,setStateReservationApi
FNDA:0,setEvaluationReservationApi
FNDA:0,cancelReserveApi
FNDA:0,profilApi
FNDA:0,(anonymous_31)
FNDA:0,getReservationApi
FNDA:0,(anonymous_34)
FNDA:0,getSeatsBookedApi
FNDA:0,getSeancesByIdApi
FNDA:1,getPlacesReservationApi
FNDA:0,(anonymous_41)
FNDA:0,isLogged
FNDA:1,getReservationForUtilisateur
FNDA:0,(anonymous_46)
FNDA:0,sendMailApi
FNDA:0,getReservationQRCodeApi
FNDA:0,askResetPwdApi
FNDA:0,resetPwdApi
FNDA:0,filmsCreateApi
FNDA:0,filmsSelectApi
FNDA:0,filmsUpdateApi
FNDA:0,filmsDeleteApi
FNDA:0,filmsSelectAllApi
FNDA:0,createAfficheApi
FNDA:0,getAfficheApi
FNDA:0,getAllAffichesApi
FNDA:0,updateAfficheApi
FNDA:0,deleteAfficheApi
FNDA:0,sallesCreateApi
FNDA:0,sallesSelectApi
FNDA:0,sallesSelectCinemaApi
FNDA:0,sallesUpdateApi
FNDA:0,sallesDeleteApi
FNDA:0,sallesSelectAllApi
FNDA:0,seancesseulesCreateApi
FNDA:0,seancesseulesSelectApi
FNDA:0,seancesseulesUpdateApi
FNDA:0,seancesseulesDeleteApi
FNDA:0,seancesseulesSelectAllApi
FNDA:0,seancesDisplayByCinemaApi
FNDA:0,(anonymous_99)
FNDA:0,reservationsByCinemaApi
FNDA:0,(anonymous_102)
FNDA:0,reservationAvisUpdateApi
FNDA:0,employesSelectAllApi
FNDA:0,getEmployeByMatriculeApi
FNDA:0,employeCreateApi
FNDA:0,(anonymous_110)
FNDA:0,employeUpdateApi
FNDA:0,employeDeleteApi
FNDA:0,getReservationStatsApi
FNDA:0,getVersionApi
DA:2,1
DA:3,1
DA:4,1
DA:6,1
DA:7,1
DA:23,2
DA:28,2
DA:29,2
DA:31,2
DA:32,0
DA:33,0
DA:36,2
DA:53,2
DA:54,0
DA:57,2
DA:58,2
DA:59,2
DA:62,2
DA:63,1
DA:66,2
DA:73,2
DA:74,0
DA:76,0
DA:77,0
DA:78,0
DA:80,0
DA:81,0
DA:82,0
DA:86,0
DA:97,0
DA:98,0
DA:102,2
DA:103,0
DA:104,0
DA:107,2
DA:110,0
DA:116,0
DA:117,0
DA:118,0
DA:123,0
DA:124,0
DA:125,0
DA:127,0
DA:129,0
DA:130,0
DA:131,0
DA:132,0
DA:134,0
DA:135,0
DA:136,0
DA:145,1
DA:146,0
DA:148,0
DA:155,0
DA:156,0
DA:157,0
DA:161,0
DA:162,0
DA:165,0
DA:167,0
DA:170,1
DA:171,0
DA:176,0
DA:177,0
DA:178,0
DA:190,1
DA:197,0
DA:198,0
DA:200,0
DA:208,0
DA:209,0
DA:210,0
DA:212,0
DA:213,0
DA:215,0
DA:216,0
DA:218,0
DA:219,0
DA:221,0
DA:222,0
DA:224,0
DA:225,0
DA:228,0
DA:240,1
DA:245,0
DA:246,0
DA:248,0
DA:255,0
DA:256,0
DA:266,1
DA:267,0
DA:268,0
DA:270,0
DA:277,0
DA:278,0
DA:289,1
DA:294,0
DA:308,1
DA:312,0
DA:325,1
DA:331,0
DA:332,0
DA:346,1
DA:347,0
DA:348,0
DA:350,0
DA:357,0
DA:358,0
DA:367,1
DA:368,0
DA:371,0
DA:373,0
DA:374,0
DA:378,0
DA:389,1
DA:390,0
DA:392,0
DA:394,0
DA:395,0
DA:399,0
DA:400,0
DA:402,0
DA:410,1
DA:411,0
DA:413,0
DA:414,0
DA:416,0
DA:425,1
DA:427,0
DA:429,0
DA:430,0
DA:432,0
DA:442,1
DA:443,1
DA:445,1
DA:447,1
DA:448,0
DA:452,1
DA:453,1
DA:455,1
DA:459,1
DA:460,0
DA:463,0
DA:468,1
DA:469,1
DA:472,1
DA:474,1
DA:475,0
DA:479,1
DA:484,1
DA:485,0
DA:486,0
DA:487,0
DA:488,0
DA:494,0
DA:495,0
DA:499,1
DA:500,0
DA:507,0
DA:509,0
DA:510,0
DA:512,0
DA:513,0
DA:514,0
DA:516,0
DA:518,0
DA:522,1
DA:523,0
DA:524,0
DA:525,0
DA:526,0
DA:532,0
DA:533,0
DA:536,1
DA:537,0
DA:538,0
DA:539,0
DA:540,0
DA:546,0
DA:547,0
DA:555,1
DA:556,0
DA:558,0
DA:564,0
DA:572,1
DA:573,0
DA:574,0
DA:580,0
DA:589,1
DA:590,0
DA:591,0
DA:597,0
DA:605,1
DA:606,0
DA:607,0
DA:613,0
DA:620,1
DA:621,0
DA:623,0
DA:629,0
DA:635,1
DA:641,0
DA:642,0
DA:643,0
DA:644,0
DA:645,0
DA:647,0
DA:658,1
DA:659,0
DA:670,1
DA:671,0
DA:682,1
DA:688,0
DA:689,0
DA:690,0
DA:691,0
DA:693,0
DA:704,1
DA:705,0
DA:720,1
DA:721,0
DA:723,0
DA:729,0
DA:737,1
DA:738,0
DA:739,0
DA:745,0
DA:753,1
DA:754,0
DA:755,0
DA:761,0
DA:770,1
DA:771,0
DA:772,0
DA:778,0
DA:786,1
DA:787,0
DA:788,0
DA:794,0
DA:801,1
DA:802,0
DA:804,0
DA:810,0
DA:818,1
DA:819,0
DA:821,0
DA:827,0
DA:835,1
DA:836,0
DA:837,0
DA:843,0
DA:852,1
DA:853,0
DA:854,0
DA:860,0
DA:868,1
DA:869,0
DA:870,0
DA:876,0
DA:883,1
DA:884,0
DA:886,0
DA:892,0
DA:901,1
DA:902,0
DA:903,0
DA:905,0
DA:911,0
DA:920,1
DA:921,0
DA:922,0
DA:924,0
DA:930,0
DA:940,1
DA:941,0
DA:942,0
DA:943,0
DA:949,0
DA:956,1
DA:957,0
DA:959,0
DA:965,0
DA:973,1
DA:974,0
DA:975,0
DA:981,0
DA:989,1
DA:990,0
DA:991,0
DA:992,0
DA:993,0
DA:995,0
DA:996,0
DA:998,0
DA:1000,0
DA:1001,0
DA:1002,0
DA:1003,0
DA:1007,0
DA:1013,0
DA:1021,1
DA:1022,0
DA:1024,0
DA:1025,0
DA:1026,0
DA:1028,0
DA:1029,0
DA:1031,0
DA:1033,0
DA:1034,0
DA:1035,0
DA:1036,0
DA:1038,0
DA:1044,0
DA:1047,1
DA:1054,1
DA:1055,0
DA:1056,0
DA:1062,0
DA:1069,1
DA:1070,0
DA:1072,0
DA:1078,0
DA:1085,1
DA:1086,0
DA:1088,0
DA:1094,0
LF:327
LH:82
BRDA:26,0,0,1
BRDA:31,1,0,0
BRDA:31,2,0,2
BRDA:31,2,1,1
BRDA:53,3,0,0
BRDA:53,3,1,2
BRDA:57,4,0,0
BRDA:57,4,1,2
BRDA:62,5,0,1
BRDA:70,6,0,1
BRDA:70,6,1,1
BRDA:73,7,0,0
BRDA:73,8,0,2
BRDA:73,8,1,1
BRDA:73,8,2,1
BRDA:80,9,0,0
BRDA:102,10,0,0
BRDA:104,11,0,0
BRDA:104,11,1,0
BRDA:123,12,0,0
BRDA:155,13,0,0
BRDA:157,14,0,0
BRDA:157,14,1,0
BRDA:176,15,0,0
BRDA:178,16,0,0
BRDA:178,16,1,0
BRDA:209,17,0,0
BRDA:212,18,0,0
BRDA:215,19,0,0
BRDA:218,20,0,0
BRDA:221,21,0,0
BRDA:224,22,0,0
BRDA:331,23,0,0
BRDA:331,23,1,0
BRDA:373,24,0,0
BRDA:394,25,0,0
BRDA:447,26,0,0
BRDA:474,27,0,0
BRDA:689,28,0,0
BRDA:690,29,0,0
BRDA:691,30,0,0
BRDA:989,31,0,0
BRDA:995,32,0,0
BRDA:995,32,1,0
BRDA:995,33,0,0
BRDA:995,33,1,0
BRDA:1000,34,0,0
BRDA:1000,34,1,0
BRDA:1001,35,0,0
BRDA:1001,35,1,0
BRDA:1002,36,0,0
BRDA:1002,36,1,0
BRDA:1002,37,0,0
BRDA:1002,37,1,0
BRDA:1002,38,0,0
BRDA:1002,38,1,0
BRDA:1003,39,0,0
BRDA:1003,39,1,0
BRDA:1028,40,0,0
BRDA:1028,40,1,0
BRDA:1028,41,0,0
BRDA:1028,41,1,0
BRDA:1033,42,0,0
BRDA:1033,42,1,0
BRDA:1034,43,0,0
BRDA:1034,43,1,0
BRDA:1035,44,0,0
BRDA:1035,44,1,0
BRDA:1035,45,0,0
BRDA:1035,45,1,0
BRDA:1035,46,0,0
BRDA:1035,46,1,0
BRDA:1036,47,0,0
BRDA:1036,47,1,0
BRF:74
BRH:11
end_of_record
TN:
SF:src/ViewContact.ts
FN:7,onClickContact
FN:78,(anonymous_8)
FN:83,checkFormValidity
FN:99,(anonymous_10)
FN:111,(anonymous_11)
FN:123,showError
FN:129,hideError
FN:135,setButtonDisabled
FN:155,(anonymous_15)
FN:193,(anonymous_16)
FN:193,(anonymous_17)
FNF:11
FNH:0
FNDA:0,onClickContact
FNDA:0,(anonymous_8)
FNDA:0,checkFormValidity
FNDA:0,(anonymous_10)
FNDA:0,(anonymous_11)
FNDA:0,showError
FNDA:0,hideError
FNDA:0,setButtonDisabled
FNDA:0,(anonymous_15)
FNDA:0,(anonymous_16)
FNDA:0,(anonymous_17)
DA:2,1
DA:3,1
DA:4,1
DA:5,1
DA:7,1
DA:9,0
DA:10,0
DA:12,0
DA:13,0
DA:14,0
DA:15,0
DA:19,0
DA:21,0
DA:22,0
DA:24,0
DA:25,0
DA:29,0
DA:59,0
DA:63,0
DA:66,0
DA:69,0
DA:70,0
DA:71,0
DA:72,0
DA:73,0
DA:74,0
DA:75,0
DA:78,0
DA:79,0
DA:85,0
DA:86,0
DA:89,0
DA:90,0
DA:91,0
DA:95,0
DA:98,0
DA:99,0
DA:101,0
DA:102,0
DA:103,0
DA:104,0
DA:108,0
DA:109,0
DA:111,0
DA:112,0
DA:113,0
DA:114,0
DA:115,0
DA:119,0
DA:120,0
DA:124,0
DA:125,0
DA:126,0
DA:130,0
DA:131,0
DA:132,0
DA:136,0
DA:137,0
DA:138,0
DA:139,0
DA:141,0
DA:142,0
DA:147,0
DA:148,0
DA:149,0
DA:152,0
DA:155,0
DA:156,0
DA:157,0
DA:162,0
DA:193,0
DA:194,0
DA:195,0
DA:197,0
DA:198,0
DA:199,0
DA:201,0
DA:203,0
DA:204,0
DA:206,0
DA:209,0
DA:210,0
DA:217,0
DA:222,0
DA:223,0
DA:225,0
DA:226,0
DA:227,0
DA:236,0
LF:89
LH:5
BRDA:10,0,0,0
BRDA:19,1,0,0
BRDA:21,2,0,0
BRDA:21,2,1,0
BRDA:21,3,0,0
BRDA:21,3,1,0
BRDA:24,4,0,0
BRDA:24,5,0,0
BRDA:24,5,1,0
BRDA:85,6,0,0
BRDA:85,6,1,0
BRDA:85,7,0,0
BRDA:85,7,1,0
BRDA:85,8,0,0
BRDA:85,8,1,0
BRDA:86,9,0,0
BRDA:86,10,0,0
BRDA:86,10,1,0
BRDA:95,11,0,0
BRDA:95,11,1,0
BRDA:95,12,0,0
BRDA:95,12,1,0
BRDA:95,13,0,0
BRDA:95,13,1,0
BRDA:101,14,0,0
BRDA:108,15,0,0
BRDA:108,15,1,0
BRDA:108,16,0,0
BRDA:108,16,1,0
BRDA:108,17,0,0
BRDA:108,17,1,0
BRDA:112,18,0,0
BRDA:124,19,0,0
BRDA:130,20,0,0
BRDA:136,21,0,0
BRDA:137,22,0,0
BRDA:137,22,1,0
BRDA:147,23,0,0
BRDA:147,23,1,0
BRDA:147,24,0,0
BRDA:147,24,1,0
BRDA:148,25,0,0
BRDA:148,25,1,0
BRDA:148,26,0,0
BRDA:148,26,1,0
BRDA:149,27,0,0
BRDA:149,27,1,0
BRDA:149,28,0,0
BRDA:149,28,1,0
BRDA:152,29,0,0
BRDA:152,29,1,0
BRDA:152,30,0,0
BRDA:152,30,1,0
BRDA:156,31,0,0
BRDA:162,32,0,0
BRDA:162,32,1,0
BRDA:162,33,0,0
BRDA:162,33,1,0
BRDA:193,34,0,0
BRDA:193,34,1,0
BRDA:193,35,0,0
BRDA:193,35,1,0
BRDA:197,36,0,0
BRDA:197,36,1,0
BRDA:197,37,0,0
BRDA:197,37,1,0
BRDA:197,38,0,0
BRDA:197,38,1,0
BRDA:198,39,0,0
BRDA:198,39,1,0
BRDA:198,40,0,0
BRDA:198,40,1,0
BRDA:198,41,0,0
BRDA:198,41,1,0
BRDA:199,42,0,0
BRDA:199,42,1,0
BRDA:199,43,0,0
BRDA:199,43,1,0
BRDA:199,44,0,0
BRDA:199,44,1,0
BRDA:209,45,0,0
BRDA:209,45,1,0
BRDA:213,46,0,0
BRDA:213,46,1,0
BRF:84
BRH:0
end_of_record
TN:
SF:src/ViewFooter.ts
FN:5,chargerCinemaSites
FN:43,(anonymous_9)
FN:52,(anonymous_10)
FN:64,(anonymous_11)
FN:150,(anonymous_12)
FN:180,majFooterVersion
FNF:6
FNH:1
FNDA:1,chargerCinemaSites
FNDA:0,(anonymous_9)
FNDA:0,(anonymous_10)
FNDA:0,(anonymous_11)
FNDA:0,(anonymous_12)
FNDA:0,majFooterVersion
DA:2,1
DA:5,1
DA:6,1
DA:9,1
DA:10,1
DA:11,0
DA:25,0
DA:26,0
DA:27,0
DA:28,0
DA:29,0
DA:30,0
DA:31,0
DA:32,0
DA:33,0
DA:34,0
DA:35,0
DA:37,0
DA:38,0
DA:39,0
DA:41,0
DA:42,0
DA:43,0
DA:44,0
DA:46,0
DA:48,0
DA:49,0
DA:51,0
DA:52,0
DA:53,0
DA:54,0
DA:59,0
DA:63,0
DA:64,0
DA:65,0
DA:66,0
DA:125,0
DA:132,0
DA:134,0
DA:140,0
DA:141,0
DA:142,0
DA:143,0
DA:144,0
DA:145,0
DA:146,0
DA:149,0
DA:150,0
DA:151,0
DA:152,0
DA:153,0
DA:155,0
DA:173,0
DA:176,0
DA:180,1
DA:181,0
DA:182,0
LF:57
LH:6
BRDA:10,0,0,1
BRDA:51,1,0,0
BRDA:63,2,0,0
BRDA:135,3,0,0
BRDA:135,3,1,0
BRDA:135,4,0,0
BRDA:135,4,1,0
BRDA:135,5,0,0
BRDA:135,5,1,0
BRDA:136,6,0,0
BRDA:136,6,1,0
BRDA:136,7,0,0
BRDA:136,7,1,0
BRDA:136,8,0,0
BRDA:136,8,1,0
BRDA:137,9,0,0
BRDA:137,9,1,0
BRDA:137,10,0,0
BRDA:137,10,1,0
BRDA:137,11,0,0
BRDA:137,11,1,0
BRDA:144,12,0,0
BRDA:182,13,0,0
BRF:23
BRH:1
end_of_record
TN:
SF:src/ViewMenu.ts
FN:13,chargerMenu
FN:124,buildMenuVisiteur
FN:143,(anonymous_10)
FN:152,(anonymous_11)
FN:171,buildMenuUtilisateur
FN:185,(anonymous_13)
FN:196,(anonymous_14)
FN:196,(anonymous_15)
FN:221,buildMenuAdministrateur
FN:237,(anonymous_17)
FN:254,buildMenuEmploye
FN:270,(anonymous_19)
FN:281,buildIntranetMenuAdmin
FN:309,(anonymous_21)
FN:312,(anonymous_22)
FN:320,(anonymous_23)
FN:331,buildIntranetMenuEmploye
FN:355,(anonymous_25)
FN:358,(anonymous_26)
FN:364,(anonymous_27)
FN:375,createLinkButton
FN:386,getUserInitials
FN:391,(anonymous_30)
FN:404,createLevel2Item
FNF:24
FNH:1
FNDA:1,chargerMenu
FNDA:0,buildMenuVisiteur
FNDA:0,(anonymous_10)
FNDA:0,(anonymous_11)
FNDA:0,buildMenuUtilisateur
FNDA:0,(anonymous_13)
FNDA:0,(anonymous_14)
FNDA:0,(anonymous_15)
FNDA:0,buildMenuAdministrateur
FNDA:0,(anonymous_17)
FNDA:0,buildMenuEmploye
FNDA:0,(anonymous_19)
FNDA:0,buildIntranetMenuAdmin
FNDA:0,(anonymous_21)
FNDA:0,(anonymous_22)
FNDA:0,(anonymous_23)
FNDA:0,buildIntranetMenuEmploye
FNDA:0,(anonymous_25)
FNDA:0,(anonymous_26)
FNDA:0,(anonymous_27)
FNDA:0,createLinkButton
FNDA:0,getUserInitials
FNDA:0,(anonymous_30)
FNDA:0,createLevel2Item
DA:2,1
DA:4,1
DA:6,1
DA:13,1
DA:14,1
DA:17,1
DA:18,1
DA:21,1
DA:22,1
DA:23,1
DA:24,1
DA:27,0
DA:30,0
DA:33,0
DA:36,0
DA:37,0
DA:41,0
DA:42,0
DA:44,0
DA:56,0
DA:57,0
DA:60,0
DA:63,0
DA:64,0
DA:69,0
DA:70,0
DA:71,0
DA:72,0
DA:73,0
DA:77,0
DA:80,0
DA:83,0
DA:84,0
DA:85,0
DA:90,0
DA:91,0
DA:92,0
DA:93,0
DA:94,0
DA:98,0
DA:101,0
DA:104,0
DA:105,0
DA:106,0
DA:110,0
DA:111,0
DA:112,0
DA:113,0
DA:126,0
DA:127,0
DA:129,0
DA:132,0
DA:133,0
DA:137,0
DA:138,0
DA:142,0
DA:143,0
DA:144,0
DA:145,0
DA:149,0
DA:150,0
DA:151,0
DA:152,0
DA:155,0
DA:159,0
DA:161,0
DA:172,0
DA:173,0
DA:174,0
DA:176,0
DA:177,0
DA:179,0
DA:180,0
DA:181,0
DA:182,0
DA:185,0
DA:186,0
DA:187,0
DA:192,0
DA:193,0
DA:194,0
DA:195,0
DA:196,0
DA:197,0
DA:201,0
DA:203,0
DA:222,0
DA:223,0
DA:224,0
DA:226,0
DA:227,0
DA:230,0
DA:233,0
DA:234,0
DA:235,0
DA:236,0
DA:237,0
DA:238,0
DA:241,0
DA:242,0
DA:255,0
DA:256,0
DA:257,0
DA:259,0
DA:260,0
DA:263,0
DA:266,0
DA:267,0
DA:268,0
DA:269,0
DA:270,0
DA:271,0
DA:274,0
DA:275,0
DA:283,0
DA:284,0
DA:286,0
DA:287,0
DA:288,0
DA:291,0
DA:292,0
DA:293,0
DA:294,0
DA:295,0
DA:296,0
DA:297,0
DA:298,0
DA:300,0
DA:301,0
DA:302,0
DA:303,0
DA:304,0
DA:306,0
DA:309,0
DA:310,0
DA:312,0
DA:314,0
DA:315,0
DA:316,0
DA:320,0
DA:321,0
DA:324,0
DA:325,0
DA:332,0
DA:333,0
DA:335,0
DA:336,0
DA:337,0
DA:339,0
DA:340,0
DA:341,0
DA:342,0
DA:343,0
DA:344,0
DA:345,0
DA:346,0
DA:348,0
DA:349,0
DA:350,0
DA:351,0
DA:353,0
DA:355,0
DA:356,0
DA:358,0
DA:359,0
DA:360,0
DA:361,0
DA:364,0
DA:365,0
DA:368,0
DA:369,0
DA:376,0
DA:377,0
DA:378,0
DA:379,0
DA:380,0
DA:387,0
DA:388,0
DA:389,0
DA:390,0
DA:391,0
DA:392,0
DA:394,0
DA:395,0
DA:397,0
DA:398,0
DA:405,0
DA:406,0
DA:408,0
DA:409,0
DA:410,0
DA:411,0
DA:412,0
DA:415,0
DA:417,0
LF:195
LH:11
BRDA:22,0,0,1
BRDA:30,1,0,0
BRDA:30,1,1,0
BRDA:30,1,2,0
BRDA:30,1,3,0
BRDA:30,1,4,0
BRDA:42,2,0,0
BRDA:70,3,0,0
BRDA:83,4,0,0
BRDA:91,5,0,0
BRDA:104,6,0,0
BRDA:129,7,0,0
BRDA:129,8,0,0
BRDA:129,8,1,0
BRDA:174,9,0,0
BRDA:174,10,0,0
BRDA:174,10,1,0
BRDA:224,11,0,0
BRDA:224,12,0,0
BRDA:224,12,1,0
BRDA:257,13,0,0
BRDA:257,14,0,0
BRDA:257,14,1,0
BRDA:315,15,0,0
BRDA:360,16,0,0
BRDA:388,17,0,0
BRDA:388,17,1,0
BRDA:388,18,0,0
BRDA:388,18,1,0
BRDA:388,19,0,0
BRDA:388,19,1,0
BRDA:392,20,0,0
BRDA:394,21,0,0
BRDA:397,22,0,0
BRF:34
BRH:1
end_of_record
TN:
SF:src/ViewMesReservations.ts
FN:15,onLoadMesReservations
FN:45,(anonymous_9)
FN:77,updateTableMesReservations
FN:90,(anonymous_11)
FN:104,(anonymous_12)
FN:114,(anonymous_13)
FN:127,(anonymous_14)
FN:190,(anonymous_15)
FN:201,(anonymous_16)
FN:218,(anonymous_17)
FN:260,(anonymous_18)
FN:260,(anonymous_19)
FN:268,(anonymous_20)
FN:284,formatDateDDMMYYYY
FN:294,onClickDetailReservation
FN:323,(anonymous_24)
FN:329,(anonymous_25)
FN:361,onClickEvaluationReservation
FN:397,(anonymous_27)
FN:427,(anonymous_28)
FN:432,(anonymous_29)
FN:445,(anonymous_30)
FN:446,(anonymous_31)
FN:462,(anonymous_32)
FN:472,(anonymous_33)
FN:480,(anonymous_34)
FN:480,(anonymous_35)
FN:498,onClickDisplayQRCode
FN:528,(anonymous_38)
FN:537,(anonymous_39)
FN:545,onClickSuppressionReservation
FN:556,(anonymous_42)
FN:556,(anonymous_43)
FN:564,(anonymous_44)
FN:564,(anonymous_45)
FN:605,(anonymous_46)
FN:613,(anonymous_47)
FN:622,(anonymous_48)
FN:622,(anonymous_49)
FNF:39
FNH:21
FNDA:1,onLoadMesReservations
FNDA:0,(anonymous_9)
FNDA:7,updateTableMesReservations
FNDA:56,(anonymous_11)
FNDA:7,(anonymous_12)
FNDA:7,(anonymous_13)
FNDA:1,(anonymous_14)
FNDA:1,(anonymous_15)
FNDA:0,(anonymous_16)
FNDA:0,(anonymous_17)
FNDA:1,(anonymous_18)
FNDA:1,(anonymous_19)
FNDA:1,(anonymous_20)
FNDA:7,formatDateDDMMYYYY
FNDA:1,onClickDetailReservation
FNDA:0,(anonymous_24)
FNDA:0,(anonymous_25)
FNDA:1,onClickEvaluationReservation
FNDA:0,(anonymous_27)
FNDA:0,(anonymous_28)
FNDA:0,(anonymous_29)
FNDA:0,(anonymous_30)
FNDA:0,(anonymous_31)
FNDA:0,(anonymous_32)
FNDA:0,(anonymous_33)
FNDA:0,(anonymous_34)
FNDA:0,(anonymous_35)
FNDA:1,onClickDisplayQRCode
FNDA:0,(anonymous_38)
FNDA:0,(anonymous_39)
FNDA:1,onClickSuppressionReservation
FNDA:1,(anonymous_42)
FNDA:1,(anonymous_43)
FNDA:0,(anonymous_44)
FNDA:0,(anonymous_45)
FNDA:1,(anonymous_46)
FNDA:1,(anonymous_47)
FNDA:1,(anonymous_48)
FNDA:1,(anonymous_49)
DA:1,1
DA:2,1
DA:3,1
DA:4,1
DA:5,1
DA:6,1
DA:10,1
DA:12,1
DA:15,1
DA:16,1
DA:19,1
DA:22,1
DA:23,1
DA:27,1
DA:28,1
DA:34,1
DA:35,0
DA:36,0
DA:38,1
DA:41,1
DA:43,1
DA:45,1
DA:47,1
DA:48,1
DA:49,1
DA:50,1
DA:51,0
DA:52,0
DA:53,0
DA:54,0
DA:59,0
DA:60,0
DA:61,0
DA:62,0
DA:63,0
DA:68,0
DA:74,0
DA:77,1
DA:79,7
DA:80,7
DA:83,7
DA:84,7
DA:87,7
DA:88,7
DA:89,7
DA:90,7
DA:91,56
DA:92,56
DA:93,56
DA:95,7
DA:96,7
DA:99,7
DA:100,7
DA:101,7
DA:104,7
DA:106,7
DA:107,7
DA:108,0
DA:110,7
DA:114,7
DA:115,7
DA:116,0
DA:117,0
DA:120,7
DA:123,7
DA:124,7
DA:125,7
DA:126,7
DA:127,7
DA:128,1
DA:130,7
DA:131,7
DA:134,7
DA:135,7
DA:136,7
DA:139,7
DA:140,7
DA:141,7
DA:143,7
DA:145,7
DA:147,7
DA:150,2
DA:151,2
DA:155,2
DA:159,2
DA:163,2
DA:166,2
DA:168,0
DA:170,0
DA:175,7
DA:178,2
DA:179,2
DA:180,2
DA:181,2
DA:182,2
DA:183,5
DA:185,2
DA:186,2
DA:187,2
DA:188,2
DA:189,2
DA:190,2
DA:191,1
DA:193,2
DA:194,2
DA:195,3
DA:197,3
DA:198,3
DA:200,3
DA:201,3
DA:202,0
DA:204,3
DA:207,3
DA:208,3
DA:209,3
DA:211,3
DA:212,3
DA:213,0
DA:214,0
DA:216,3
DA:218,3
DA:219,0
DA:221,3
DA:224,0
DA:225,0
DA:226,0
DA:227,0
DA:231,7
DA:232,7
DA:233,7
DA:236,7
DA:237,7
DA:238,7
DA:239,7
DA:242,7
DA:243,7
DA:244,7
DA:246,7
DA:248,7
DA:249,2
DA:250,5
DA:251,5
DA:253,7
DA:255,7
DA:256,2
DA:257,2
DA:258,2
DA:259,2
DA:260,2
DA:261,1
DA:263,2
DA:267,7
DA:268,7
DA:269,1
DA:272,7
DA:274,7
DA:276,7
DA:279,7
DA:280,7
DA:285,7
DA:286,7
DA:287,7
DA:288,7
DA:289,7
DA:295,1
DA:297,1
DA:298,1
DA:299,1
DA:313,1
DA:314,1
DA:315,1
DA:316,1
DA:318,1
DA:319,1
DA:321,1
DA:323,1
DA:324,0
DA:325,0
DA:328,1
DA:329,1
DA:330,0
DA:334,1
DA:335,1
DA:337,1
DA:338,1
DA:340,1
DA:341,0
DA:342,0
DA:343,0
DA:346,1
DA:347,0
DA:348,0
DA:349,0
DA:350,0
DA:353,1
DA:356,0
DA:363,1
DA:366,1
DA:367,1
DA:368,1
DA:369,1
DA:370,1
DA:371,1
DA:372,0
DA:373,0
DA:374,0
DA:375,0
DA:376,0
DA:378,1
DA:381,0
DA:397,0
DA:413,0
DA:414,0
DA:415,0
DA:418,0
DA:419,0
DA:420,0
DA:421,0
DA:422,0
DA:423,0
DA:424,0
DA:427,0
DA:428,0
DA:432,0
DA:433,0
DA:434,0
DA:438,0
DA:439,0
DA:440,0
DA:441,0
DA:445,0
DA:446,0
DA:447,0
DA:448,0
DA:449,0
DA:450,0
DA:453,0
DA:454,0
DA:455,0
DA:456,0
DA:462,0
DA:463,0
DA:464,0
DA:469,0
DA:472,0
DA:473,0
DA:477,0
DA:480,0
DA:481,0
DA:482,0
DA:483,0
DA:486,0
DA:487,0
DA:488,0
DA:489,0
DA:490,0
DA:491,0
DA:493,0
DA:500,1
DA:515,1
DA:516,1
DA:517,1
DA:518,1
DA:519,1
DA:520,1
DA:521,1
DA:523,1
DA:524,1
DA:525,1
DA:528,1
DA:529,0
DA:533,1
DA:534,1
DA:537,1
DA:538,0
DA:541,1
DA:550,1
DA:551,1
DA:552,1
DA:554,1
DA:556,1
DA:557,1
DA:558,1
DA:559,1
DA:562,1
DA:564,0
DA:565,0
DA:567,0
DA:568,0
DA:572,1
DA:573,1
DA:577,1
DA:595,1
DA:596,1
DA:597,1
DA:600,1
DA:601,1
DA:602,1
DA:605,1
DA:606,1
DA:610,1
DA:613,1
DA:614,1
DA:618,1
DA:621,1
DA:622,1
DA:623,1
DA:624,1
DA:626,1
DA:628,1
LF:310
LH:213
BRDA:34,0,0,0
BRDA:34,0,1,1
BRDA:34,1,0,0
BRDA:34,1,1,1
BRDA:34,2,0,1
BRDA:34,2,1,1
BRDA:38,3,0,1
BRDA:38,3,1,0
BRDA:38,4,0,0
BRDA:38,4,1,1
BRDA:38,5,0,1
BRDA:38,5,1,1
BRDA:48,6,0,1
BRDA:48,6,1,0
BRDA:50,7,0,0
BRDA:60,8,0,0
BRDA:107,9,0,0
BRDA:107,9,1,7
BRDA:115,10,0,0
BRDA:126,11,0,7
BRDA:126,11,1,0
BRDA:135,12,0,7
BRDA:135,12,1,0
BRDA:140,13,0,7
BRDA:140,13,1,0
BRDA:147,14,0,2
BRDA:151,15,0,0
BRDA:155,16,0,2
BRDA:155,16,1,0
BRDA:166,17,0,0
BRDA:175,18,0,2
BRDA:175,18,1,5
BRDA:183,19,0,2
BRDA:183,19,1,3
BRDA:195,20,0,3
BRDA:195,20,1,0
BRDA:198,21,0,3
BRDA:198,21,1,0
BRDA:198,22,0,0
BRDA:198,22,1,3
BRDA:198,23,0,3
BRDA:198,23,1,3
BRDA:208,24,0,3
BRDA:208,24,1,0
BRDA:212,25,0,0
BRDA:212,25,1,3
BRDA:232,26,0,7
BRDA:232,26,1,0
BRDA:232,27,0,0
BRDA:232,27,1,7
BRDA:232,28,0,7
BRDA:232,28,1,7
BRDA:237,29,0,7
BRDA:237,29,1,0
BRDA:237,30,0,0
BRDA:237,30,1,7
BRDA:237,31,0,7
BRDA:237,31,1,7
BRDA:248,32,0,2
BRDA:248,32,1,5
BRDA:250,33,0,5
BRDA:253,34,0,7
BRDA:255,35,0,2
BRDA:285,36,0,0
BRDA:314,37,0,0
BRDA:321,38,0,1
BRDA:321,38,1,0
BRDA:321,39,0,1
BRDA:321,39,1,1
BRDA:321,39,2,1
BRDA:330,40,0,0
BRDA:334,41,0,1
BRDA:334,41,1,0
BRDA:337,42,0,1
BRDA:337,42,1,1
BRDA:340,43,0,0
BRDA:340,44,0,1
BRDA:340,44,1,0
BRDA:342,45,0,0
BRDA:342,45,1,0
BRDA:346,46,0,0
BRDA:346,47,0,1
BRDA:346,47,1,0
BRDA:347,48,0,0
BRDA:347,48,1,0
BRDA:361,49,0,1
BRDA:371,50,0,0
BRDA:378,51,0,1
BRDA:432,52,0,0
BRDA:432,52,1,0
BRDA:432,53,0,0
BRDA:432,53,1,0
BRDA:438,54,0,0
BRDA:445,55,0,0
BRDA:445,55,1,0
BRDA:445,56,0,0
BRDA:445,56,1,0
BRDA:453,57,0,0
BRDA:463,58,0,0
BRDA:469,59,0,0
BRDA:469,59,1,0
BRDA:469,60,0,0
BRDA:469,60,1,0
BRDA:473,61,0,0
BRDA:477,62,0,0
BRDA:477,62,1,0
BRDA:477,63,0,0
BRDA:477,63,1,0
BRDA:480,64,0,0
BRDA:480,64,1,0
BRDA:480,65,0,0
BRDA:480,65,1,0
BRDA:481,66,0,0
BRDA:516,67,0,0
BRDA:524,68,0,0
BRDA:534,69,0,0
BRDA:534,69,1,1
BRDA:534,70,0,1
BRDA:534,70,1,1
BRDA:538,71,0,0
BRDA:554,72,0,1
BRDA:562,73,0,0
BRDA:573,74,0,0
BRDA:610,75,0,0
BRDA:610,75,1,1
BRDA:610,76,0,1
BRDA:610,76,1,1
BRDA:614,77,0,0
BRDA:618,78,0,0
BRDA:618,78,1,1
BRDA:618,79,0,1
BRDA:618,79,1,1
BRDA:621,80,0,1
BRF:133
BRH:61
end_of_record
TN:
SF:src/ViewReservation.ts
FN:18,onLoadReservation
FN:116,updateCinema
FN:121,updateDropdownDisplay
FN:124,(anonymous_12)
FN:150,(anonymous_13)
FN:152,(anonymous_14)
FN:153,(anonymous_15)
FN:153,(anonymous_16)
FN:154,(anonymous_17)
FN:154,(anonymous_18)
FN:210,updateContentPage
FN:281,trouverFilmSeancesCandidat
FN:290,(anonymous_22)
FN:312,afficherListeFilms
FN:323,(anonymous_24)
FN:347,(anonymous_25)
FN:348,(anonymous_26)
FN:387,afficherDetailsFilm
FN:439,(anonymous_28)
FN:446,(anonymous_29)
FN:453,(anonymous_30)
FN:466,afficherSemaines
FN:501,(anonymous_32)
FN:538,(anonymous_33)
FN:555,(anonymous_34)
FN:573,afficherSeancesDuJour
FN:592,(anonymous_37)
FN:620,(anonymous_38)
FN:633,(anonymous_39)
FN:638,(anonymous_40)
FN:646,(anonymous_41)
FN:647,(anonymous_42)
FN:653,(anonymous_43)
FN:677,(anonymous_44)
FN:677,(anonymous_45)
FN:699,seanceCardView
FN:784,basculerPanelReserve
FN:797,basculerPanelChoix
FNF:38
FNH:1
FNDA:0,onLoadReservation
FNDA:0,updateCinema
FNDA:0,updateDropdownDisplay
FNDA:0,(anonymous_12)
FNDA:0,(anonymous_13)
FNDA:0,(anonymous_14)
FNDA:0,(anonymous_15)
FNDA:0,(anonymous_16)
FNDA:0,(anonymous_17)
FNDA:0,(anonymous_18)
FNDA:0,updateContentPage
FNDA:0,trouverFilmSeancesCandidat
FNDA:0,(anonymous_22)
FNDA:0,afficherListeFilms
FNDA:0,(anonymous_24)
FNDA:0,(anonymous_25)
FNDA:0,(anonymous_26)
FNDA:0,afficherDetailsFilm
FNDA:0,(anonymous_28)
FNDA:0,(anonymous_29)
FNDA:0,(anonymous_30)
FNDA:0,afficherSemaines
FNDA:0,(anonymous_32)
FNDA:0,(anonymous_33)
FNDA:0,(anonymous_34)
FNDA:0,afficherSeancesDuJour
FNDA:0,(anonymous_37)
FNDA:0,(anonymous_38)
FNDA:0,(anonymous_39)
FNDA:0,(anonymous_40)
FNDA:0,(anonymous_41)
FNDA:0,(anonymous_42)
FNDA:0,(anonymous_43)
FNDA:0,(anonymous_44)
FNDA:0,(anonymous_45)
FNDA:1,seanceCardView
FNDA:0,basculerPanelReserve
FNDA:0,basculerPanelChoix
DA:3,1
DA:4,1
DA:7,1
DA:10,1
DA:11,1
DA:12,1
DA:13,1
DA:15,1
DA:18,1
DA:24,0
DA:25,0
DA:28,0
DA:29,0
DA:32,0
DA:35,0
DA:38,0
DA:41,0
DA:45,0
DA:50,0
DA:54,0
DA:55,0
DA:56,0
DA:57,0
DA:59,0
DA:60,0
DA:63,0
DA:67,0
DA:70,0
DA:73,0
DA:77,0
DA:78,0
DA:79,0
DA:82,0
DA:84,0
DA:87,0
DA:88,0
DA:89,0
DA:90,0
DA:91,0
DA:93,0
DA:94,0
DA:95,0
DA:100,0
DA:102,0
DA:116,1
DA:118,0
DA:122,0
DA:123,0
DA:124,0
DA:125,0
DA:126,0
DA:135,0
DA:138,0
DA:139,0
DA:140,0
DA:143,0
DA:145,0
DA:150,0
DA:151,0
DA:152,0
DA:153,0
DA:154,0
DA:155,0
DA:156,0
DA:157,0
DA:158,0
DA:161,0
DA:163,0
DA:164,0
DA:165,0
DA:168,0
DA:174,0
DA:175,0
DA:178,0
DA:181,0
DA:185,0
DA:187,0
DA:190,0
DA:191,0
DA:192,0
DA:193,0
DA:195,0
DA:210,1
DA:212,0
DA:214,0
DA:215,0
DA:217,0
DA:218,0
DA:220,0
DA:221,0
DA:226,0
DA:227,0
DA:229,0
DA:231,0
DA:232,0
DA:235,0
DA:237,0
DA:239,0
DA:240,0
DA:243,0
DA:244,0
DA:246,0
DA:248,0
DA:249,0
DA:250,0
DA:251,0
DA:252,0
DA:253,0
DA:255,0
DA:256,0
DA:257,0
DA:260,0
DA:262,0
DA:263,0
DA:265,0
DA:283,0
DA:284,0
DA:285,0
DA:286,0
DA:290,0
DA:291,0
DA:292,0
DA:294,0
DA:298,0
DA:301,0
DA:303,0
DA:313,0
DA:314,0
DA:317,0
DA:318,0
DA:319,0
DA:321,0
DA:322,0
DA:323,0
DA:324,0
DA:325,0
DA:328,0
DA:329,0
DA:330,0
DA:331,0
DA:333,0
DA:335,0
DA:338,0
DA:339,0
DA:340,0
DA:343,0
DA:344,0
DA:347,0
DA:348,0
DA:350,0
DA:351,0
DA:352,0
DA:356,0
DA:359,0
DA:361,0
DA:364,0
DA:367,0
DA:372,0
DA:373,0
DA:376,0
DA:387,1
DA:388,0
DA:389,0
DA:391,0
DA:392,0
DA:393,0
DA:394,0
DA:397,0
DA:427,0
DA:429,0
DA:430,0
DA:431,0
DA:434,0
DA:435,0
DA:438,0
DA:439,0
DA:440,0
DA:441,0
DA:443,0
DA:446,0
DA:447,0
DA:448,0
DA:451,0
DA:453,0
DA:454,0
DA:457,0
DA:467,0
DA:468,0
DA:470,0
DA:471,0
DA:474,0
DA:478,0
DA:479,0
DA:480,0
DA:483,0
DA:489,0
DA:492,0
DA:497,0
DA:498,0
DA:499,0
DA:500,0
DA:501,0
DA:502,0
DA:506,0
DA:507,0
DA:508,0
DA:510,0
DA:511,0
DA:515,0
DA:519,0
DA:520,0
DA:523,0
DA:525,0
DA:527,0
DA:529,0
DA:530,0
DA:531,0
DA:533,0
DA:536,0
DA:538,0
DA:539,0
DA:542,0
DA:546,0
DA:551,0
DA:552,0
DA:553,0
DA:554,0
DA:555,0
DA:557,0
DA:558,0
DA:559,0
DA:560,0
DA:561,0
DA:563,0
DA:577,0
DA:578,0
DA:581,0
DA:582,0
DA:583,0
DA:584,0
DA:589,0
DA:590,0
DA:591,0
DA:592,0
DA:593,0
DA:594,0
DA:596,0
DA:599,0
DA:606,0
DA:607,0
DA:610,0
DA:613,0
DA:614,0
DA:615,0
DA:618,0
DA:620,0
DA:621,0
DA:622,0
DA:624,0
DA:625,0
DA:626,0
DA:627,0
DA:631,0
DA:633,0
DA:634,0
DA:636,0
DA:638,0
DA:639,0
DA:642,0
DA:643,0
DA:646,0
DA:647,0
DA:648,0
DA:650,0
DA:651,0
DA:652,0
DA:653,0
DA:654,0
DA:655,0
DA:659,0
DA:662,0
DA:663,0
DA:668,0
DA:669,0
DA:671,0
DA:672,0
DA:673,0
DA:674,0
DA:677,0
DA:678,0
DA:679,0
DA:680,0
DA:682,0
DA:683,0
DA:689,0
DA:699,1
DA:700,1
DA:701,1
DA:702,1
DA:704,1
DA:705,0
DA:709,1
DA:710,1
DA:711,1
DA:712,1
DA:713,1
DA:714,1
DA:715,1
DA:716,1
DA:717,1
DA:718,1
DA:721,1
DA:722,1
DA:724,1
DA:725,1
DA:726,1
DA:727,1
DA:729,1
DA:730,1
DA:731,1
DA:732,1
DA:736,1
DA:737,1
DA:738,0
DA:739,0
DA:740,0
DA:741,0
DA:742,0
DA:743,0
DA:744,0
DA:745,0
DA:751,1
DA:752,1
DA:754,1
DA:755,1
DA:756,1
DA:758,1
DA:759,1
DA:762,1
DA:763,1
DA:764,1
DA:765,1
DA:766,1
DA:767,1
DA:768,1
DA:769,1
DA:771,1
DA:772,1
DA:775,1
DA:776,1
DA:777,1
DA:779,1
DA:784,1
DA:786,0
DA:787,0
DA:788,0
DA:789,0
DA:790,0
DA:797,1
DA:798,0
DA:799,0
DA:800,0
DA:801,0
DA:802,0
LF:364
LH:62
BRDA:32,0,0,0
BRDA:38,1,0,0
BRDA:41,2,0,0
BRDA:41,3,0,0
BRDA:41,3,1,0
BRDA:41,4,0,0
BRDA:41,4,1,0
BRDA:41,5,0,0
BRDA:41,5,1,0
BRDA:50,6,0,0
BRDA:54,7,0,0
BRDA:56,8,0,0
BRDA:60,9,0,0
BRDA:73,10,0,0
BRDA:77,11,0,0
BRDA:78,12,0,0
BRDA:89,13,0,0
BRDA:91,14,0,0
BRDA:91,14,1,0
BRDA:125,15,0,0
BRDA:125,15,1,0
BRDA:139,16,0,0
BRDA:140,17,0,0
BRDA:140,17,1,0
BRDA:156,18,0,0
BRDA:156,18,1,0
BRDA:156,19,0,0
BRDA:156,19,1,0
BRDA:157,20,0,0
BRDA:164,21,0,0
BRDA:175,22,0,0
BRDA:191,23,0,0
BRDA:215,24,0,0
BRDA:226,25,0,0
BRDA:235,26,0,0
BRDA:235,26,1,0
BRDA:244,27,0,0
BRDA:244,27,1,0
BRDA:246,28,0,0
BRDA:246,28,1,0
BRDA:252,29,0,0
BRDA:252,29,1,0
BRDA:260,30,0,0
BRDA:260,30,1,0
BRDA:263,31,0,0
BRDA:285,32,0,0
BRDA:291,33,0,0
BRDA:291,33,1,0
BRDA:292,34,0,0
BRDA:292,34,1,0
BRDA:294,35,0,0
BRDA:295,36,0,0
BRDA:295,36,1,0
BRDA:295,36,2,0
BRDA:296,37,0,0
BRDA:296,37,1,0
BRDA:296,38,0,0
BRDA:296,38,1,0
BRDA:314,39,0,0
BRDA:330,40,0,0
BRDA:330,40,1,0
BRDA:335,41,0,0
BRDA:335,41,1,0
BRDA:335,42,0,0
BRDA:335,42,1,0
BRDA:340,43,0,0
BRDA:340,43,1,0
BRDA:351,44,0,0
BRDA:372,45,0,0
BRDA:389,46,0,0
BRDA:392,47,0,0
BRDA:400,48,0,0
BRDA:400,48,1,0
BRDA:400,49,0,0
BRDA:400,49,1,0
BRDA:405,50,0,0
BRDA:405,50,1,0
BRDA:415,51,0,0
BRDA:415,51,1,0
BRDA:415,52,0,0
BRDA:415,52,1,0
BRDA:416,53,0,0
BRDA:416,53,1,0
BRDA:416,54,0,0
BRDA:416,54,1,0
BRDA:417,55,0,0
BRDA:417,55,1,0
BRDA:417,56,0,0
BRDA:417,56,1,0
BRDA:419,57,0,0
BRDA:419,57,1,0
BRDA:419,58,0,0
BRDA:419,58,1,0
BRDA:420,59,0,0
BRDA:420,59,1,0
BRDA:420,60,0,0
BRDA:420,60,1,0
BRDA:421,61,0,0
BRDA:421,61,1,0
BRDA:421,62,0,0
BRDA:421,62,1,0
BRDA:430,63,0,0
BRDA:430,63,1,0
BRDA:430,64,0,0
BRDA:430,64,1,0
BRDA:438,65,0,0
BRDA:438,65,1,0
BRDA:438,66,0,0
BRDA:438,66,1,0
BRDA:438,66,2,0
BRDA:438,66,3,0
BRDA:438,66,4,0
BRDA:454,67,0,0
BRDA:466,68,0,0
BRDA:466,69,0,0
BRDA:468,70,0,0
BRDA:470,71,0,0
BRDA:479,72,0,0
BRDA:489,73,0,0
BRDA:489,73,1,0
BRDA:492,74,0,0
BRDA:497,75,0,0
BRDA:497,76,0,0
BRDA:497,76,1,0
BRDA:506,77,0,0
BRDA:506,77,1,0
BRDA:525,78,0,0
BRDA:527,79,0,0
BRDA:551,80,0,0
BRDA:582,81,0,0
BRDA:590,82,0,0
BRDA:593,83,0,0
BRDA:594,84,0,0
BRDA:594,84,1,0
BRDA:607,85,0,0
BRDA:613,86,0,0
BRDA:618,87,0,0
BRDA:621,88,0,0
BRDA:621,88,1,0
BRDA:621,89,0,0
BRDA:621,89,1,0
BRDA:621,90,0,0
BRDA:621,90,1,0
BRDA:621,91,0,0
BRDA:621,91,1,0
BRDA:622,92,0,0
BRDA:622,92,1,0
BRDA:622,93,0,0
BRDA:622,93,1,0
BRDA:622,94,0,0
BRDA:622,94,1,0
BRDA:622,95,0,0
BRDA:622,95,1,0
BRDA:639,96,0,0
BRDA:639,97,0,0
BRDA:639,97,1,0
BRDA:639,98,0,0
BRDA:639,98,1,0
BRDA:651,99,0,0
BRDA:669,100,0,0
BRDA:678,101,0,0
BRDA:699,102,0,0
BRDA:699,103,0,0
BRDA:704,104,0,0
BRDA:713,105,0,1
BRDA:713,105,1,0
BRDA:716,106,0,1
BRDA:716,106,1,1
BRDA:736,107,0,0
BRDA:736,107,1,1
BRDA:736,108,0,1
BRDA:736,108,1,1
BRDA:737,109,0,0
BRDA:740,110,0,0
BRDA:740,110,1,0
BRDA:743,111,0,0
BRDA:756,112,0,0
BRDA:756,112,1,1
BRDA:756,113,0,1
BRDA:756,113,1,1
BRDA:769,114,0,0
BRDA:769,114,1,1
BRDA:769,115,0,1
BRDA:769,115,1,1
BRDA:788,116,0,0
BRDA:788,117,0,0
BRDA:788,117,1,0
BRDA:800,118,0,0
BRDA:800,119,0,0
BRDA:800,119,1,0
BRF:190
BRH:12
end_of_record
TN:
SF:src/ViewReservationDisplay.ts
FN:13,updateDisplayReservation
FN:55,afficherDetailsReservation
FN:108,(anonymous_11)
FN:108,(anonymous_12)
FN:109,(anonymous_13)
FN:109,(anonymous_14)
FN:141,(anonymous_15)
FN:141,(anonymous_16)
FN:142,(anonymous_17)
FN:142,(anonymous_18)
FN:162,(anonymous_19)
FN:162,(anonymous_20)
FN:163,(anonymous_21)
FN:163,(anonymous_22)
FN:182,(anonymous_23)
FN:182,(anonymous_24)
FN:183,(anonymous_25)
FN:183,(anonymous_26)
FN:193,modalConfirmUtilisateur
FNF:19
FNH:0
FNDA:0,updateDisplayReservation
FNDA:0,afficherDetailsReservation
FNDA:0,(anonymous_11)
FNDA:0,(anonymous_12)
FNDA:0,(anonymous_13)
FNDA:0,(anonymous_14)
FNDA:0,(anonymous_15)
FNDA:0,(anonymous_16)
FNDA:0,(anonymous_17)
FNDA:0,(anonymous_18)
FNDA:0,(anonymous_19)
FNDA:0,(anonymous_20)
FNDA:0,(anonymous_21)
FNDA:0,(anonymous_22)
FNDA:0,(anonymous_23)
FNDA:0,(anonymous_24)
FNDA:0,(anonymous_25)
FNDA:0,(anonymous_26)
FNDA:0,modalConfirmUtilisateur
DA:1,1
DA:2,1
DA:3,1
DA:6,1
DA:7,1
DA:9,1
DA:13,1
DA:14,0
DA:15,0
DA:16,0
DA:17,0
DA:18,0
DA:19,0
DA:21,0
DA:22,0
DA:23,0
DA:26,0
DA:27,0
DA:28,0
DA:29,0
DA:31,0
DA:32,0
DA:33,0
DA:36,0
DA:37,0
DA:38,0
DA:41,0
DA:44,0
DA:45,0
DA:50,0
DA:55,1
DA:57,0
DA:58,0
DA:59,0
DA:61,0
DA:62,0
DA:65,0
DA:66,0
DA:67,0
DA:69,0
DA:70,0
DA:71,0
DA:72,0
DA:73,0
DA:74,0
DA:78,0
DA:79,0
DA:80,0
DA:82,0
DA:83,0
DA:85,0
DA:86,0
DA:87,0
DA:91,0
DA:92,0
DA:93,0
DA:95,0
DA:96,0
DA:97,0
DA:98,0
DA:102,0
DA:105,0
DA:106,0
DA:107,0
DA:108,0
DA:109,0
DA:110,0
DA:111,0
DA:113,0
DA:114,0
DA:115,0
DA:116,0
DA:118,0
DA:119,0
DA:121,0
DA:126,0
DA:127,0
DA:129,0
DA:130,0
DA:134,0
DA:135,0
DA:138,0
DA:139,0
DA:140,0
DA:141,0
DA:142,0
DA:143,0
DA:144,0
DA:146,0
DA:147,0
DA:150,0
DA:151,0
DA:155,0
DA:156,0
DA:159,0
DA:160,0
DA:161,0
DA:162,0
DA:163,0
DA:164,0
DA:165,0
DA:167,0
DA:168,0
DA:171,0
DA:172,0
DA:175,0
DA:176,0
DA:179,0
DA:180,0
DA:181,0
DA:182,0
DA:183,0
DA:184,0
DA:185,0
DA:186,0
DA:187,0
DA:193,1
LF:117
LH:9
BRDA:15,0,0,0
BRDA:18,1,0,0
BRDA:18,1,1,0
BRDA:22,2,0,0
BRDA:22,2,1,0
BRDA:27,3,0,0
BRDA:37,4,0,0
BRDA:58,5,0,0
BRDA:65,6,0,0
BRDA:65,6,1,0
BRDA:65,7,0,0
BRDA:65,7,1,0
BRDA:74,8,0,0
BRDA:78,9,0,0
BRDA:78,9,1,0
BRDA:78,9,2,0
BRDA:82,10,0,0
BRDA:82,10,1,0
BRDA:92,11,0,0
BRDA:96,12,0,0
BRDA:98,13,0,0
BRDA:106,14,0,0
BRDA:113,15,0,0
BRDA:113,15,1,0
BRDA:114,16,0,0
BRDA:114,16,1,0
BRDA:126,17,0,0
BRDA:129,18,0,0
BRDA:129,18,1,0
BRDA:135,19,0,0
BRDA:150,20,0,0
BRDA:150,20,1,0
BRDA:156,21,0,0
BRDA:171,22,0,0
BRDA:176,23,0,0
BRF:35
BRH:0
end_of_record
TN:
SF:src/ViewReservationPlaces.ts
FN:14,updateContentPlace
FN:32,(anonymous_9)
FN:32,(anonymous_10)
FN:33,(anonymous_11)
FN:33,(anonymous_12)
FN:59,setReservation
FN:61,displaySeatsBooked
FN:129,(anonymous_16)
FN:130,(anonymous_17)
FN:167,validateForm
FN:202,(anonymous_19)
FN:222,(anonymous_20)
FN:222,(anonymous_21)
FN:223,(anonymous_22)
FN:223,(anonymous_23)
FN:234,(anonymous_24)
FN:242,(anonymous_25)
FN:256,(anonymous_26)
FN:271,(anonymous_27)
FN:279,(anonymous_28)
FN:279,(anonymous_29)
FN:280,(anonymous_30)
FN:280,(anonymous_31)
FN:365,collectTarifSeatsAndTotal
FN:375,(anonymous_33)
FN:391,collectPMR
FN:401,collectEmail
FN:414,updateTableContent
FN:414,(anonymous_37)
FN:465,(anonymous_38)
FN:509,(anonymous_39)
FN:515,(anonymous_40)
FN:519,(anonymous_41)
FN:571,updateRowTotal
FN:583,(anonymous_43)
FN:589,(anonymous_44)
FN:605,(anonymous_45)
FN:621,updateTableTotal
FN:624,(anonymous_47)
FN:642,updateInputPMR
FN:685,(anonymous_49)
FN:686,(anonymous_50)
FN:692,(anonymous_51)
FN:705,(anonymous_52)
FN:731,confirmUtilisateur
FN:808,(anonymous_55)
FN:815,(anonymous_56)
FN:832,gestionFormulaireModal
FN:852,passwordsMatch
FN:860,areAllFieldsFilled
FN:872,validateForm
FN:894,(anonymous_62)
FN:904,(anonymous_63)
FN:920,(anonymous_64)
FN:920,(anonymous_65)
FN:921,(anonymous_66)
FN:921,(anonymous_67)
FN:942,confirmCreationCompte
FN:961,confirmMail
FN:1014,(anonymous_72)
FN:1021,(anonymous_73)
FN:1038,gestionFormulaireModal
FN:1059,areAllFieldsFilled
FN:1069,validateForm
FN:1087,(anonymous_78)
FN:1097,validateCode
FN:1108,(anonymous_80)
FN:1108,(anonymous_81)
FN:1109,(anonymous_82)
FN:1109,(anonymous_83)
FN:1134,confirmCreationCompte
FN:1152,confirmReserve
FN:1190,onClickdisplayAndSeatsReserve
FN:1191,(anonymous_89)
FN:1199,(anonymous_90)
FN:1235,(anonymous_91)
FN:1241,(anonymous_92)
FN:1242,(anonymous_93)
FN:1245,(anonymous_94)
FN:1248,(anonymous_95)
FN:1249,(anonymous_96)
FN:1254,updateValiderButton
FN:1256,(anonymous_98)
FN:1257,(anonymous_99)
FN:1326,(anonymous_100)
FN:1327,(anonymous_101)
FN:1344,(anonymous_102)
FN:1345,(anonymous_103)
FNF:88
FNH:2
FNDA:0,updateContentPlace
FNDA:0,(anonymous_9)
FNDA:0,(anonymous_10)
FNDA:0,(anonymous_11)
FNDA:0,(anonymous_12)
FNDA:0,setReservation
FNDA:0,displaySeatsBooked
FNDA:0,(anonymous_16)
FNDA:0,(anonymous_17)
FNDA:0,validateForm
FNDA:0,(anonymous_19)
FNDA:0,(anonymous_20)
FNDA:0,(anonymous_21)
FNDA:0,(anonymous_22)
FNDA:0,(anonymous_23)
FNDA:0,(anonymous_24)
FNDA:0,(anonymous_25)
FNDA:0,(anonymous_26)
FNDA:0,(anonymous_27)
FNDA:0,(anonymous_28)
FNDA:0,(anonymous_29)
FNDA:0,(anonymous_30)
FNDA:0,(anonymous_31)
FNDA:0,collectTarifSeatsAndTotal
FNDA:0,(anonymous_33)
FNDA:0,collectPMR
FNDA:0,collectEmail
FNDA:1,updateTableContent
FNDA:1,(anonymous_37)
FNDA:0,(anonymous_38)
FNDA:0,(anonymous_39)
FNDA:0,(anonymous_40)
FNDA:0,(anonymous_41)
FNDA:0,updateRowTotal
FNDA:0,(anonymous_43)
FNDA:0,(anonymous_44)
FNDA:0,(anonymous_45)
FNDA:0,updateTableTotal
FNDA:0,(anonymous_47)
FNDA:0,updateInputPMR
FNDA:0,(anonymous_49)
FNDA:0,(anonymous_50)
FNDA:0,(anonymous_51)
FNDA:0,(anonymous_52)
FNDA:0,confirmUtilisateur
FNDA:0,(anonymous_55)
FNDA:0,(anonymous_56)
FNDA:0,gestionFormulaireModal
FNDA:0,passwordsMatch
FNDA:0,areAllFieldsFilled
FNDA:0,validateForm
FNDA:0,(anonymous_62)
FNDA:0,(anonymous_63)
FNDA:0,(anonymous_64)
FNDA:0,(anonymous_65)
FNDA:0,(anonymous_66)
FNDA:0,(anonymous_67)
FNDA:0,confirmCreationCompte
FNDA:0,confirmMail
FNDA:0,(anonymous_72)
FNDA:0,(anonymous_73)
FNDA:0,gestionFormulaireModal
FNDA:0,areAllFieldsFilled
FNDA:0,validateForm
FNDA:0,(anonymous_78)
FNDA:0,validateCode
FNDA:0,(anonymous_80)
FNDA:0,(anonymous_81)
FNDA:0,(anonymous_82)
FNDA:0,(anonymous_83)
FNDA:0,confirmCreationCompte
FNDA:0,confirmReserve
FNDA:0,onClickdisplayAndSeatsReserve
FNDA:0,(anonymous_89)
FNDA:0,(anonymous_90)
FNDA:0,(anonymous_91)
FNDA:0,(anonymous_92)
FNDA:0,(anonymous_93)
FNDA:0,(anonymous_94)
FNDA:0,(anonymous_95)
FNDA:0,(anonymous_96)
FNDA:0,updateValiderButton
FNDA:0,(anonymous_98)
FNDA:0,(anonymous_99)
FNDA:0,(anonymous_100)
FNDA:0,(anonymous_101)
FNDA:0,(anonymous_102)
FNDA:0,(anonymous_103)
DA:1,1
DA:2,1
DA:4,1
DA:5,1
DA:6,1
DA:7,1
DA:8,1
DA:14,1
DA:15,0
DA:17,0
DA:18,0
DA:19,0
DA:20,0
DA:23,0
DA:24,0
DA:25,0
DA:26,0
DA:30,0
DA:31,0
DA:32,0
DA:33,0
DA:34,0
DA:35,0
DA:36,0
DA:37,0
DA:39,0
DA:40,0
DA:42,0
DA:46,0
DA:51,0
DA:63,0
DA:64,0
DA:65,0
DA:67,0
DA:68,0
DA:69,0
DA:71,0
DA:72,0
DA:73,0
DA:75,0
DA:76,0
DA:77,0
DA:82,0
DA:83,0
DA:84,0
DA:85,0
DA:86,0
DA:90,0
DA:91,0
DA:92,0
DA:94,0
DA:95,0
DA:96,0
DA:100,0
DA:101,0
DA:103,0
DA:104,0
DA:105,0
DA:109,0
DA:110,0
DA:111,0
DA:113,0
DA:115,0
DA:116,0
DA:117,0
DA:118,0
DA:120,0
DA:121,0
DA:122,0
DA:123,0
DA:127,0
DA:129,0
DA:130,0
DA:131,0
DA:132,0
DA:133,0
DA:135,0
DA:143,0
DA:145,0
DA:146,0
DA:147,0
DA:148,0
DA:152,0
DA:154,0
DA:155,0
DA:156,0
DA:157,0
DA:160,0
DA:161,0
DA:169,0
DA:172,0
DA:175,0
DA:176,0
DA:177,0
DA:179,0
DA:180,0
DA:184,0
DA:186,0
DA:187,0
DA:190,0
DA:191,0
DA:199,0
DA:202,0
DA:203,0
DA:204,0
DA:206,0
DA:207,0
DA:208,0
DA:209,0
DA:214,0
DA:222,0
DA:223,0
DA:224,0
DA:225,0
DA:226,0
DA:228,0
DA:230,0
DA:231,0
DA:233,0
DA:234,0
DA:237,0
DA:238,0
DA:241,0
DA:242,0
DA:245,0
DA:246,0
DA:247,0
DA:248,0
DA:257,0
DA:258,0
DA:260,0
DA:261,0
DA:262,0
DA:263,0
DA:264,0
DA:267,0
DA:269,0
DA:272,0
DA:279,0
DA:280,0
DA:281,0
DA:282,0
DA:283,0
DA:286,0
DA:287,0
DA:290,0
DA:291,0
DA:294,0
DA:295,0
DA:298,0
DA:299,0
DA:300,0
DA:302,0
DA:304,0
DA:305,0
DA:306,0
DA:310,0
DA:313,0
DA:315,0
DA:316,0
DA:317,0
DA:318,0
DA:322,0
DA:325,0
DA:326,0
DA:327,0
DA:329,0
DA:330,0
DA:331,0
DA:338,0
DA:339,0
DA:340,0
DA:341,0
DA:343,0
DA:347,0
DA:348,0
DA:352,0
DA:353,0
DA:366,0
DA:367,0
DA:368,0
DA:370,0
DA:374,0
DA:375,0
DA:376,0
DA:377,0
DA:378,0
DA:379,0
DA:380,0
DA:381,0
DA:383,0
DA:385,0
DA:392,0
DA:393,0
DA:394,0
DA:395,0
DA:402,0
DA:403,0
DA:404,0
DA:414,1
DA:417,1
DA:418,1
DA:421,1
DA:422,1
DA:423,1
DA:431,1
DA:434,1
DA:435,1
DA:436,1
DA:439,1
DA:440,1
DA:442,1
DA:449,1
DA:451,1
DA:452,1
DA:454,1
DA:456,1
DA:457,1
DA:460,0
DA:464,1
DA:465,1
DA:466,0
DA:467,0
DA:470,0
DA:471,0
DA:472,0
DA:475,0
DA:476,0
DA:477,0
DA:480,0
DA:481,0
DA:484,0
DA:485,0
DA:486,0
DA:487,0
DA:488,0
DA:491,0
DA:492,0
DA:493,0
DA:496,0
DA:497,0
DA:498,0
DA:499,0
DA:501,0
DA:503,0
DA:509,1
DA:510,0
DA:511,1
DA:515,0
DA:518,0
DA:519,0
DA:520,0
DA:522,0
DA:523,0
DA:526,0
DA:527,0
DA:528,0
DA:531,0
DA:532,0
DA:533,0
DA:534,0
DA:537,0
DA:538,0
DA:540,0
DA:541,0
DA:542,0
DA:544,0
DA:545,0
DA:546,0
DA:547,0
DA:549,0
DA:550,0
DA:551,0
DA:553,0
DA:554,0
DA:555,0
DA:558,0
DA:559,0
DA:560,0
DA:563,0
DA:564,0
DA:565,0
DA:566,0
DA:568,0
DA:573,0
DA:575,0
DA:576,0
DA:579,0
DA:583,0
DA:584,0
DA:585,0
DA:586,0
DA:588,0
DA:589,0
DA:590,0
DA:591,0
DA:595,0
DA:596,0
DA:597,0
DA:598,0
DA:600,0
DA:605,0
DA:606,0
DA:607,0
DA:608,0
DA:609,0
DA:610,0
DA:611,0
DA:612,0
DA:616,0
DA:622,0
DA:624,0
DA:625,0
DA:626,0
DA:627,0
DA:628,0
DA:629,0
DA:632,0
DA:636,1
DA:649,0
DA:650,0
DA:651,0
DA:661,0
DA:662,0
DA:663,0
DA:666,0
DA:667,0
DA:671,0
DA:672,0
DA:673,0
DA:675,0
DA:676,0
DA:677,0
DA:678,0
DA:680,0
DA:681,0
DA:682,0
DA:684,0
DA:685,0
DA:686,0
DA:687,0
DA:692,0
DA:693,0
DA:694,0
DA:695,0
DA:696,0
DA:697,0
DA:698,0
DA:700,0
DA:705,0
DA:706,0
DA:707,0
DA:708,0
DA:709,0
DA:710,0
DA:711,0
DA:715,0
DA:716,0
DA:717,0
DA:719,0
DA:720,0
DA:722,0
DA:731,1
DA:740,0
DA:795,0
DA:796,0
DA:797,0
DA:799,0
DA:800,0
DA:801,0
DA:802,0
DA:803,0
DA:805,0
DA:806,0
DA:808,0
DA:809,0
DA:810,0
DA:813,0
DA:815,0
DA:816,0
DA:820,0
DA:823,0
DA:834,0
DA:837,0
DA:838,0
DA:839,0
DA:840,0
DA:841,0
DA:842,0
DA:843,0
DA:845,0
DA:853,0
DA:861,0
DA:873,0
DA:874,0
DA:875,0
DA:877,0
DA:878,0
DA:879,0
DA:881,0
DA:882,0
DA:888,0
DA:891,0
DA:894,0
DA:895,0
DA:896,0
DA:897,0
DA:899,0
DA:904,0
DA:905,0
DA:906,0
DA:907,0
DA:909,0
DA:914,0
DA:915,0
DA:916,0
DA:920,0
DA:921,0
DA:922,0
DA:923,0
DA:924,0
DA:926,0
DA:931,0
DA:932,0
DA:933,0
DA:935,0
DA:937,0
DA:938,0
DA:944,0
DA:945,0
DA:946,0
DA:947,0
DA:948,0
DA:949,0
DA:951,0
DA:961,1
DA:967,0
DA:999,0
DA:1000,0
DA:1001,0
DA:1004,0
DA:1005,0
DA:1006,0
DA:1007,0
DA:1008,0
DA:1011,0
DA:1012,0
DA:1014,0
DA:1015,0
DA:1016,0
DA:1019,0
DA:1021,0
DA:1022,0
DA:1026,0
DA:1029,0
DA:1042,0
DA:1043,0
DA:1044,0
DA:1045,0
DA:1046,0
DA:1048,0
DA:1050,0
DA:1060,0
DA:1071,0
DA:1073,0
DA:1074,0
DA:1075,0
DA:1077,0
DA:1078,0
DA:1084,0
DA:1087,0
DA:1088,0
DA:1089,0
DA:1090,0
DA:1092,0
DA:1099,0
DA:1100,0
DA:1105,0
DA:1108,0
DA:1109,0
DA:1110,0
DA:1111,0
DA:1112,0
DA:1113,0
DA:1114,0
DA:1116,0
DA:1117,0
DA:1118,0
DA:1120,0
DA:1122,0
DA:1123,0
DA:1126,0
DA:1127,0
DA:1128,0
DA:1129,0
DA:1136,0
DA:1137,0
DA:1138,0
DA:1139,0
DA:1141,0
DA:1152,1
DA:1153,0
DA:1154,0
DA:1155,0
DA:1156,0
DA:1157,0
DA:1158,0
DA:1159,0
DA:1160,0
DA:1162,0
DA:1163,0
DA:1164,0
DA:1165,0
DA:1166,0
DA:1167,0
DA:1170,0
DA:1190,1
DA:1191,0
DA:1199,0
DA:1200,0
DA:1201,0
DA:1216,0
DA:1217,0
DA:1218,0
DA:1219,0
DA:1220,0
DA:1221,0
DA:1223,0
DA:1224,0
DA:1226,0
DA:1227,0
DA:1228,0
DA:1229,0
DA:1232,0
DA:1235,0
DA:1236,0
DA:1237,0
DA:1241,0
DA:1242,0
DA:1243,0
DA:1245,0
DA:1248,0
DA:1249,0
DA:1250,0
DA:1256,0
DA:1258,0
DA:1259,0
DA:1261,0
DA:1263,0
DA:1264,0
DA:1265,0
DA:1267,0
DA:1268,0
DA:1273,0
DA:1274,0
DA:1275,0
DA:1276,0
DA:1277,0
DA:1278,0
DA:1281,0
DA:1282,0
DA:1283,0
DA:1284,0
DA:1285,0
DA:1287,0
DA:1288,0
DA:1291,0
DA:1293,0
DA:1294,0
DA:1295,0
DA:1296,0
DA:1297,0
DA:1298,0
DA:1299,0
DA:1300,0
DA:1303,0
DA:1304,0
DA:1305,0
DA:1306,0
DA:1307,0
DA:1308,0
DA:1309,0
DA:1310,0
DA:1311,0
DA:1312,0
DA:1315,0
DA:1316,0
DA:1320,0
DA:1321,0
DA:1322,0
DA:1324,0
DA:1326,0
DA:1327,0
DA:1328,0
DA:1331,0
DA:1332,0
DA:1333,0
DA:1337,0
DA:1338,0
DA:1339,0
DA:1344,0
DA:1346,0
DA:1347,0
DA:1350,0
DA:1353,0
DA:1354,0
DA:1355,0
DA:1356,0
DA:1359,0
DA:1360,0
DA:1361,0
DA:1367,0
DA:1368,0
DA:1371,0
DA:1375,0
DA:1377,0
DA:1382,0
LF:617
LH:36
BRDA:18,0,0,0
BRDA:26,1,0,0
BRDA:26,2,0,0
BRDA:26,2,1,0
BRDA:31,3,0,0
BRDA:63,4,0,0
BRDA:63,4,1,0
BRDA:69,5,0,0
BRDA:69,6,0,0
BRDA:69,6,1,0
BRDA:71,7,0,0
BRDA:71,7,1,0
BRDA:75,8,0,0
BRDA:75,8,1,0
BRDA:85,9,0,0
BRDA:85,9,1,0
BRDA:85,10,0,0
BRDA:85,10,1,0
BRDA:86,11,0,0
BRDA:86,11,1,0
BRDA:86,12,0,0
BRDA:86,12,1,0
BRDA:91,13,0,0
BRDA:94,14,0,0
BRDA:103,15,0,0
BRDA:111,16,0,0
BRDA:111,17,0,0
BRDA:111,17,1,0
BRDA:113,18,0,0
BRDA:113,18,1,0
BRDA:115,19,0,0
BRDA:115,19,1,0
BRDA:115,20,0,0
BRDA:115,20,1,0
BRDA:116,21,0,0
BRDA:131,22,0,0
BRDA:131,22,1,0
BRDA:147,23,0,0
BRDA:157,24,0,0
BRDA:161,25,0,0
BRDA:172,26,0,0
BRDA:172,26,1,0
BRDA:172,27,0,0
BRDA:172,27,1,0
BRDA:172,28,0,0
BRDA:172,28,1,0
BRDA:175,29,0,0
BRDA:175,29,1,0
BRDA:184,30,0,0
BRDA:184,30,1,0
BRDA:184,31,0,0
BRDA:184,31,1,0
BRDA:184,31,2,0
BRDA:241,32,0,0
BRDA:241,32,1,0
BRDA:257,33,0,0
BRDA:261,34,0,0
BRDA:263,35,0,0
BRDA:300,36,0,0
BRDA:300,36,1,0
BRDA:310,37,0,0
BRDA:310,37,1,0
BRDA:310,37,2,0
BRDA:322,38,0,0
BRDA:353,39,0,0
BRDA:353,39,1,0
BRDA:353,40,0,0
BRDA:353,40,1,0
BRDA:353,41,0,0
BRDA:353,41,1,0
BRDA:370,42,0,0
BRDA:376,43,0,0
BRDA:376,43,1,0
BRDA:379,44,0,0
BRDA:379,44,1,0
BRDA:379,45,0,0
BRDA:379,45,1,0
BRDA:379,46,0,0
BRDA:379,46,1,0
BRDA:380,47,0,0
BRDA:380,48,0,0
BRDA:380,48,1,0
BRDA:393,49,0,0
BRDA:395,50,0,0
BRDA:395,50,1,0
BRDA:395,51,0,0
BRDA:395,51,1,0
BRDA:395,52,0,0
BRDA:395,52,1,0
BRDA:403,53,0,0
BRDA:414,54,0,0
BRDA:414,55,0,0
BRDA:414,56,0,1
BRDA:452,57,0,1
BRDA:452,57,1,0
BRDA:456,58,0,1
BRDA:456,58,1,0
BRDA:487,59,0,0
BRDA:487,59,1,0
BRDA:510,60,0,0
BRDA:510,60,1,0
BRDA:510,61,0,0
BRDA:510,61,1,0
BRDA:533,62,0,0
BRDA:533,62,1,0
BRDA:534,63,0,0
BRDA:534,63,1,0
BRDA:534,64,0,0
BRDA:534,64,1,0
BRDA:573,65,0,0
BRDA:573,65,1,0
BRDA:573,66,0,0
BRDA:573,66,1,0
BRDA:573,67,0,0
BRDA:573,67,1,0
BRDA:586,68,0,0
BRDA:586,68,1,0
BRDA:586,69,0,0
BRDA:586,69,1,0
BRDA:586,70,0,0
BRDA:586,70,1,0
BRDA:590,71,0,0
BRDA:590,71,1,0
BRDA:590,72,0,0
BRDA:590,72,1,0
BRDA:590,73,0,0
BRDA:590,73,1,0
BRDA:595,74,0,0
BRDA:595,74,1,0
BRDA:608,75,0,0
BRDA:608,75,1,0
BRDA:608,76,0,0
BRDA:608,76,1,0
BRDA:608,77,0,0
BRDA:608,77,1,0
BRDA:609,78,0,0
BRDA:626,79,0,0
BRDA:627,80,0,0
BRDA:627,80,1,0
BRDA:627,81,0,0
BRDA:627,81,1,0
BRDA:627,82,0,0
BRDA:627,82,1,0
BRDA:627,83,0,0
BRDA:627,83,1,0
BRDA:628,84,0,0
BRDA:628,84,1,0
BRDA:651,85,0,0
BRDA:684,86,0,0
BRDA:684,87,0,0
BRDA:684,87,1,0
BRDA:684,87,2,0
BRDA:695,88,0,0
BRDA:695,88,1,0
BRDA:695,89,0,0
BRDA:695,89,1,0
BRDA:695,90,0,0
BRDA:695,90,1,0
BRDA:696,91,0,0
BRDA:696,91,1,0
BRDA:708,92,0,0
BRDA:708,92,1,0
BRDA:708,93,0,0
BRDA:708,93,1,0
BRDA:708,94,0,0
BRDA:708,94,1,0
BRDA:709,95,0,0
BRDA:799,96,0,0
BRDA:799,96,1,0
BRDA:805,97,0,0
BRDA:805,97,1,0
BRDA:805,98,0,0
BRDA:805,98,1,0
BRDA:805,98,2,0
BRDA:816,99,0,0
BRDA:834,100,0,0
BRDA:834,100,1,0
BRDA:853,101,0,0
BRDA:853,101,1,0
BRDA:862,102,0,0
BRDA:862,102,1,0
BRDA:862,102,2,0
BRDA:862,102,3,0
BRDA:877,103,0,0
BRDA:877,103,1,0
BRDA:877,104,0,0
BRDA:877,104,1,0
BRDA:877,104,2,0
BRDA:895,105,0,0
BRDA:895,105,1,0
BRDA:905,106,0,0
BRDA:905,106,1,0
BRDA:924,107,0,0
BRDA:926,108,0,0
BRDA:932,109,0,0
BRDA:945,110,0,0
BRDA:945,110,1,0
BRDA:1004,111,0,0
BRDA:1004,111,1,0
BRDA:1011,112,0,0
BRDA:1011,112,1,0
BRDA:1011,113,0,0
BRDA:1011,113,1,0
BRDA:1011,113,2,0
BRDA:1022,114,0,0
BRDA:1046,115,0,0
BRDA:1051,116,0,0
BRDA:1051,116,1,0
BRDA:1073,117,0,0
BRDA:1073,117,1,0
BRDA:1088,118,0,0
BRDA:1088,118,1,0
BRDA:1112,119,0,0
BRDA:1114,120,0,0
BRDA:1114,121,0,0
BRDA:1114,121,1,0
BRDA:1117,122,0,0
BRDA:1128,123,0,0
BRDA:1137,124,0,0
BRDA:1137,124,1,0
BRDA:1156,125,0,0
BRDA:1156,126,0,0
BRDA:1156,126,1,0
BRDA:1156,126,2,0
BRDA:1194,127,0,0
BRDA:1195,128,0,0
BRDA:1196,129,0,0
BRDA:1197,130,0,0
BRDA:1217,131,0,0
BRDA:1241,132,0,0
BRDA:1241,132,1,0
BRDA:1241,133,0,0
BRDA:1241,133,1,0
BRDA:1243,134,0,0
BRDA:1245,135,0,0
BRDA:1245,135,1,0
BRDA:1245,136,0,0
BRDA:1245,136,1,0
BRDA:1248,137,0,0
BRDA:1248,137,1,0
BRDA:1248,138,0,0
BRDA:1248,138,1,0
BRDA:1249,139,0,0
BRDA:1249,139,1,0
BRDA:1249,140,0,0
BRDA:1249,140,1,0
BRDA:1263,141,0,0
BRDA:1263,141,1,0
BRDA:1263,142,0,0
BRDA:1263,142,1,0
BRDA:1264,143,0,0
BRDA:1264,143,1,0
BRDA:1264,144,0,0
BRDA:1264,144,1,0
BRDA:1265,145,0,0
BRDA:1267,146,0,0
BRDA:1267,146,1,0
BRDA:1267,147,0,0
BRDA:1267,147,1,0
BRDA:1268,148,0,0
BRDA:1273,149,0,0
BRDA:1291,150,0,0
BRDA:1291,151,0,0
BRDA:1291,151,1,0
BRDA:1315,152,0,0
BRDA:1315,153,0,0
BRDA:1315,153,1,0
BRDA:1320,154,0,0
BRDA:1320,154,1,0
BRDA:1320,155,0,0
BRDA:1320,155,1,0
BRDA:1328,156,0,0
BRDA:1328,156,1,0
BRDA:1331,157,0,0
BRDA:1331,157,1,0
BRDA:1337,158,0,0
BRDA:1353,159,0,0
BRDA:1353,159,1,0
BRDA:1354,160,0,0
BRDA:1359,161,0,0
BRF:280
BRH:3
end_of_record
